BLOCK00/SES002/SA002S12	SES002	2.86402	10.9594	8.09539
BLOCK00/SES002/SA002S13	SES002	5.0378	10.9623	5.92448
BLOCK00/SES002/SA002S23	SES002	3.44067	10.832	7.39133
BLOCK00/SES002/SA002S26	SES002	3.33243	10.3177	6.9853
BLOCK00/SES002/SA002S28	SES002	3.37062	9.75419	6.38356
BLOCK00/SES007/SA007S14	SES007	4.23752	13.2679	9.0304
BLOCK00/SES007/SA007S15	SES007	3.00743	11.1949	8.18743
BLOCK00/SES007/SA007S24	SES007	3.11373	11.5562	8.44252
BLOCK00/SES007/SA007S27	SES007	3.03846	10.7972	7.75878
BLOCK00/SES007/SA007S29	SES007	2.12448	11.6789	9.5544
BLOCK00/SES008/SA008S11	SES008	3.95897	12.4128	8.45379
BLOCK00/SES008/SA008S12	SES008	2.51261	11.8965	9.3839
BLOCK00/SES008/SA008S19	SES008	4.73103	14.1532	9.42213
BLOCK00/SES008/SA008S22	SES008	3.49828	10.9138	7.4155
BLOCK00/SES008/SA008S29	SES008	4.39567	13.6523	9.25667
BLOCK01/SES014/SA014S10	SES014	4.21904	12.3563	8.13726
BLOCK01/SES014/SA014S12	SES014	4.55587	14.4222	9.8663
BLOCK01/SES014/SA014S24	SES014	3.20869	11.2734	8.06468
BLOCK01/SES014/SA014S26	SES014	4.30188	13.8019	9.50006
BLOCK01/SES014/SA014S28	SES014	6.45455	14.6481	8.1936
BLOCK01/SES016/SA016S12	SES016	3.23999	10.1971	6.95708
BLOCK01/SES016/SA016S13	SES016	4.77605	12.6181	7.8421
BLOCK01/SES016/SA016S22	SES016	4.02806	12.222	8.19389
BLOCK01/SES016/SA016S25	SES016	4.92354	14.3038	9.38025
BLOCK01/SES016/SA016S27	SES016	4.3587	13.6954	9.33667
BLOCK01/SES019/SA019S13	SES019	5.19387	11.2385	6.04467
BLOCK01/SES019/SA019S14	SES019	3.98616	10.9255	6.93932
BLOCK01/SES019/SA019S22	SES019	4.78779	11.5449	6.75715
BLOCK01/SES019/SA019S25	SES019	5.25691	11.5961	6.33918
BLOCK01/SES019/SA019S29	SES019	6.02187	11.5875	5.56563
BLOCK02/SES029/SA029S11	SES029	4.36688	13.1901	8.82326
BLOCK02/SES029/SA029S12	SES029	3.39079	12.4738	9.08305
BLOCK02/SES029/SA029S20	SES029	3.50183	12.3123	8.81046
BLOCK02/SES029/SA029S25	SES029	3.76305	12.5477	8.78462
BLOCK02/SES029/SA029S28	SES029	2.91907	12.0896	9.1705
BLOCK04/SES042/SA042S12	SES042	4.69029	12.6681	7.97782
BLOCK04/SES042/SA042S15	SES042	4.74727	13.7535	9.00624
BLOCK04/SES042/SA042S22	SES042	5.41829	14.197	8.77873
BLOCK04/SES042/SA042S25	SES042	2.96624	11.2775	8.31126
BLOCK04/SES042/SA042S27	SES042	4.03789	12.8307	8.7928
BLOCK04/SES048/SA048S11	SES048	3.24196	12.7258	9.48388
BLOCK04/SES048/SA048S12	SES048	2.93836	12.1554	9.21709
BLOCK04/SES048/SA048S20	SES048	3.11465	12.9651	9.8504
BLOCK04/SES048/SA048S23	SES048	3.71562	12.0623	8.34673
BLOCK04/SES048/SA048S27	SES048	3.194	13.4967	10.3027
BLOCK06/SES060/SA060S11	SES060	4.9156	13.569	8.65336
BLOCK06/SES060/SA060S12	SES060	5.04011	13.5076	8.46753
BLOCK06/SES060/SA060S22	SES060	2.0969	10.3633	8.26643
BLOCK06/SES060/SA060S24	SES060	4.29948	13.7431	9.44359
BLOCK06/SES060/SA060S28	SES060	4.23779	14.8766	10.6388
BLOCK06/SES062/SA062S10	SES062	3.53569	12.1751	8.63936
BLOCK06/SES062/SA062S11	SES062	3.9379	12.5032	8.5653
BLOCK06/SES062/SA062S21	SES062	4.84368	15.5808	10.7371
BLOCK06/SES062/SA062S26	SES062	3.6602	13.3478	9.68762
BLOCK06/SES062/SA062S29	SES062	4.34832	14.492	10.1437
BLOCK06/SES068/SA068S14	SES068	3.95635	11.8453	7.88893
BLOCK06/SES068/SA068S15	SES068	3.65551	12.8413	9.18576
BLOCK06/SES068/SA068S23	SES068	3.52988	12.1957	8.66583
BLOCK06/SES068/SA068S27	SES068	5.33659	13.2417	7.90512
BLOCK06/SES068/SA068S29	SES068	3.53467	12.1227	8.588
BLOCK08/SES082/SA082S12	SES082	2.7151	10.1836	7.46851
BLOCK08/SES082/SA082S14	SES082	2.59601	9.63635	7.04034
BLOCK08/SES082/SA082S21	SES082	2.65442	9.96923	7.3148
BLOCK08/SES082/SA082S24	SES082	3.55986	10.7395	7.17966
BLOCK08/SES082/SA082S28	SES082	4.22255	10.7074	6.48489
BLOCK08/SES083/SA083S14	SES083	3.09636	12.1382	9.04187
BLOCK08/SES083/SA083S15	SES083	3.73024	12.3769	8.64668
BLOCK08/SES083/SA083S24	SES083	3.16134	12.0973	8.93591
BLOCK08/SES083/SA083S26	SES083	3.08018	11.6273	8.54708
BLOCK08/SES083/SA083S29	SES083	3.10989	12.0127	8.9028
BLOCK08/SES085/SA085S10	SES085	4.19919	13.5667	9.36747
BLOCK08/SES085/SA085S13	SES085	3.7575	12.2176	8.4601
BLOCK08/SES085/SA085S22	SES085	3.9425	12.2407	8.29816
BLOCK08/SES085/SA085S26	SES085	3.78999	12.884	9.09401
BLOCK08/SES085/SA085S28	SES085	4.1974	13.3205	9.12309
BLOCK08/SES087/SA087S15	SES087	3.88553	11.0996	7.21408
BLOCK08/SES087/SA087S16	SES087	4.36838	11.3908	7.02246
BLOCK08/SES087/SA087S24	SES087	3.63727	11.5724	7.93517
BLOCK08/SES087/SA087S26	SES087	3.68496	12.4956	8.81062
BLOCK08/SES087/SA087S29	SES087	4.39631	11.8619	7.46558
BLOCK09/SES099/SA099S15	SES099	4.33807	10.6157	6.27763
BLOCK09/SES099/SA099S16	SES099	4.17376	10.8229	6.64916
BLOCK09/SES099/SA099S24	SES099	3.97799	11.2096	7.23165
BLOCK09/SES099/SA099S26	SES099	4.35443	11.7901	7.43567
BLOCK09/SES099/SA099S29	SES099	4.63316	11.6076	6.9744
BLOCK10/SES101/SA101S11	SES101	3.46429	12.2546	8.79028
BLOCK10/SES101/SA101S13	SES101	4.28308	13.3989	9.1158
BLOCK10/SES101/SA101S22	SES101	3.4878	10.7578	7.27002
BLOCK10/SES101/SA101S24	SES101	3.43676	11.4949	8.05817
BLOCK10/SES101/SA101S28	SES101	4.32252	12.2697	7.9472
BLOCK10/SES104/SA104S11	SES104	4.95822	13.1056	8.14738
BLOCK10/SES104/SA104S12	SES104	4.80231	12.5758	7.77345
BLOCK10/SES104/SA104S21	SES104	3.99782	11.1702	7.17241
BLOCK10/SES104/SA104S24	SES104	3.40066	11.1894	7.78873
BLOCK10/SES104/SA104S28	SES104	4.89951	12.1598	7.26029
BLOCK10/SES105/SA105S12	SES105	3.86428	10.9986	7.13431
BLOCK10/SES105/SA105S13	SES105	3.17307	11.2083	8.0352
BLOCK10/SES105/SA105S22	SES105	2.53952	10.0708	7.53133
BLOCK10/SES105/SA105S26	SES105	4.33456	11.6013	7.26675
BLOCK10/SES105/SA105S29	SES105	4.18279	12.3617	8.17894
BLOCK10/SES106/SA106S09	SES106	3.68003	10.0432	6.36322
BLOCK10/SES106/SA106S11	SES106	3.8231	11.3822	7.55913
BLOCK10/SES106/SA106S22	SES106	5.55576	10.9811	5.42533
BLOCK10/SES106/SA106S27	SES106	3.99025	11.1156	7.12535
BLOCK10/SES106/SA106S29	SES106	2.56001	10.6113	8.05125
BLOCK11/SES117/SA117S12	SES117	3.33587	11.8974	8.56154
BLOCK11/SES117/SA117S13	SES117	2.34324	11.4639	9.12068
BLOCK11/SES117/SA117S23	SES117	3.57294	10.3795	6.80651
BLOCK11/SES117/SA117S25	SES117	3.0264	10.2872	7.2608
BLOCK11/SES117/SA117S28	SES117	3.2199	11.0063	7.78642
BLOCK12/SES120/SA120S08	SES120	3.17188	10.0968	6.92492
BLOCK12/SES120/SA120S11	SES120	2.43264	7.7112	5.27856
BLOCK12/SES120/SA120S22	SES120	2.81288	11.9498	9.13694
BLOCK12/SES120/SA120S24	SES120	1.85552	10.4646	8.60905
BLOCK12/SES120/SA120S28	SES120	0.902112	8.64229	7.74018
BLOCK12/SES125/SA125S13	SES125	4.29596	12.0993	7.80338
BLOCK12/SES125/SA125S14	SES125	3.30026	10.7304	7.43019
BLOCK12/SES125/SA125S25	SES125	3.54675	10.8295	7.28277
BLOCK12/SES125/SA125S27	SES125	4.6791	13.2885	8.60938
BLOCK12/SES125/SA125S29	SES125	3.98376	11.5424	7.55863
BLOCK12/SES127/SA127S11	SES127	2.92921	11.8515	8.92232
BLOCK12/SES127/SA127S12	SES127	2.71569	13.3788	10.6631
BLOCK12/SES127/SA127S23	SES127	2.79344	12.0742	9.28072
BLOCK12/SES127/SA127S25	SES127	3.27604	12.1121	8.83603
BLOCK12/SES127/SA127S27	SES127	3.22691	11.8779	8.65097
BLOCK12/SES129/SA129S11	SES129	4.48756	14.3607	9.87313
BLOCK12/SES129/SA129S12	SES129	3.78935	13.3305	9.54114
BLOCK12/SES129/SA129S22	SES129	3.88123	12.9107	9.02946
BLOCK12/SES129/SA129S27	SES129	3.96045	13.1357	9.17523
BLOCK12/SES129/SA129S29	SES129	3.92859	12.9786	9.04998
BLOCK14/SES142/SA142S11	SES142	3.99325	11.7007	7.70743
BLOCK14/SES142/SA142S12	SES142	3.26828	10.984	7.71568
BLOCK14/SES142/SA142S24	SES142	4.19428	12.0519	7.85762
BLOCK14/SES142/SA142S27	SES142	4.53297	12.1326	7.59958
BLOCK14/SES142/SA142S29	SES142	4.29646	12.6202	8.32371
BLOCK14/SES143/SA143S12	SES143	3.23886	12.1027	8.86383
BLOCK14/SES143/SA143S13	SES143	2.65744	11.117	8.45956
BLOCK14/SES143/SA143S23	SES143	2.89369	11.4883	8.59464
BLOCK14/SES143/SA143S25	SES143	4.02047	12.7614	8.74096
BLOCK14/SES143/SA143S28	SES143	3.07384	11.7742	8.70033
BLOCK14/SES144/SA144S09	SES144	3.01873	12.2549	9.23613
BLOCK14/SES144/SA144S11	SES144	2.90522	11.6854	8.7802
BLOCK14/SES144/SA144S21	SES144	1.81345	9.72285	7.9094
BLOCK14/SES144/SA144S25	SES144	2.34308	11.5923	9.24924
BLOCK14/SES144/SA144S29	SES144	2.26651	11.6477	9.38119
BLOCK14/SES146/SA146S14	SES146	2.76137	10.3724	7.61108
BLOCK14/SES146/SA146S15	SES146	2.35919	10.8821	8.52289
BLOCK14/SES146/SA146S24	SES146	3.48217	11.294	7.81185
BLOCK14/SES146/SA146S26	SES146	4.72282	11.8653	7.14244
BLOCK14/SES146/SA146S29	SES146	2.75282	9.41767	6.66485
BLOCK14/SES147/SA147S11	SES147	3.65881	12.5432	8.8844
BLOCK14/SES147/SA147S13	SES147	4.27213	13.3533	9.08116
BLOCK14/SES147/SA147S23	SES147	3.14843	11.3451	8.19667
BLOCK14/SES147/SA147S26	SES147	3.3886	11.6313	8.24272
BLOCK14/SES147/SA147S28	SES147	2.9276	11.8706	8.94301
BLOCK14/SES148/SA148S10	SES148	2.58769	12.6592	10.0715
BLOCK14/SES148/SA148S12	SES148	2.50522	11.1428	8.6376
BLOCK14/SES148/SA148S22	SES148	3.54401	13.2565	9.71251
BLOCK14/SES148/SA148S26	SES148	2.92317	13.1534	10.2303
BLOCK14/SES148/SA148S29	SES148	2.40155	11.7955	9.39391
BLOCK14/SES149/SA149S13	SES149	1.52163	10.9192	9.39753
BLOCK14/SES149/SA149S14	SES149	3.22401	12.8647	9.64068
BLOCK14/SES149/SA149S24	SES149	4.01536	12.7402	8.72488
BLOCK14/SES149/SA149S26	SES149	3.87542	13.6213	9.74592
BLOCK14/SES149/SA149S28	SES149	4.69329	14.1971	9.50376
BLOCK15/SES158/SA158S13	SES158	3.75901	10.3761	6.61706
BLOCK15/SES158/SA158S14	SES158	4.79981	10.6003	5.80053
BLOCK15/SES158/SA158S23	SES158	4.21547	11.0521	6.83665
BLOCK15/SES158/SA158S26	SES158	4.98069	10.2227	5.24204
BLOCK15/SES158/SA158S28	SES158	4.17209	10.3578	6.18575
BLOCK16/SES162/SA162S10	SES162	2.43229	10.6535	8.22125
BLOCK16/SES162/SA162S11	SES162	3.44021	12.3837	8.94349
BLOCK16/SES162/SA162S21	SES162	4.26758	12.0135	7.74592
BLOCK16/SES162/SA162S24	SES162	3.4405	11.3945	7.954
BLOCK16/SES162/SA162S27	SES162	4.04155	11.0554	7.0138
BLOCK16/SES167/SA167S14	SES167	3.51947	13.4367	9.91725
BLOCK16/SES167/SA167S15	SES167	3.84804	13.0372	9.18917
BLOCK16/SES167/SA167S21	SES167	3.13399	13.0324	9.89846
BLOCK16/SES167/SA167S25	SES167	4.09514	14.4857	10.3905
BLOCK16/SES167/SA167S29	SES167	4.19545	14.8801	10.6846
BLOCK17/SES172/SA172S12	SES172	4.75505	12.0953	7.34028
BLOCK17/SES172/SA172S13	SES172	4.67284	12.1732	7.5004
BLOCK17/SES172/SA172S23	SES172	4.32557	12.909	8.58343
BLOCK17/SES172/SA172S27	SES172	4.17898	11.9139	7.73492
BLOCK17/SES172/SA172S29	SES172	5.47268	13.1893	7.71664
BLOCK17/SES175/SA175S11	SES175	3.156	12.316	9.15996
BLOCK17/SES175/SA175S13	SES175	3.45389	13.0593	9.60541
BLOCK17/SES175/SA175S23	SES175	3.47613	12.9637	9.48757
BLOCK17/SES175/SA175S25	SES175	3.02761	10.8492	7.82163
BLOCK17/SES175/SA175S28	SES175	3.59529	12.6064	9.01109
BLOCK17/SES177/SA177S15	SES177	3.35345	11.9263	8.57284
BLOCK17/SES177/SA177S17	SES177	2.73032	11.4925	8.76218
BLOCK17/SES177/SA177S23	SES177	2.59316	10.9757	8.38251
BLOCK17/SES177/SA177S26	SES177	3.94142	14.1113	10.1699
BLOCK17/SES177/SA177S28	SES177	2.9734	11.8578	8.88437
BLOCK18/SES180/SA180S13	SES180	3.00012	11.0408	8.04066
BLOCK18/SES180/SA180S15	SES180	2.72788	10.9616	8.23368
BLOCK18/SES180/SA180S24	SES180	4.05431	13.3763	9.32203
BLOCK18/SES180/SA180S26	SES180	3.62792	12.4853	8.85739
BLOCK18/SES180/SA180S29	SES180	3.33171	11.8514	8.51966
BLOCK18/SES183/SA183S13	SES183	3.3753	11.8136	8.43831
BLOCK18/SES183/SA183S14	SES183	2.59425	10.9846	8.3904
BLOCK18/SES183/SA183S24	SES183	3.8121	11.2807	7.46865
BLOCK18/SES183/SA183S27	SES183	3.18033	11.6428	8.46244
BLOCK18/SES183/SA183S29	SES183	3.18328	11.5373	8.35399
BLOCK18/SES187/SA187S13	SES187	3.46253	11.2274	7.76487
BLOCK18/SES187/SA187S14	SES187	3.49439	10.9966	7.50217
BLOCK18/SES187/SA187S24	SES187	4.54354	11.4749	6.9314
BLOCK18/SES187/SA187S27	SES187	3.88552	10.8194	6.93386
BLOCK18/SES187/SA187S29	SES187	3.51437	10.4661	6.95175
BLOCK18/SES189/SA189S10	SES189	4.22255	11.6109	7.38836
BLOCK18/SES189/SA189S13	SES189	3.31674	10.502	7.18528
BLOCK18/SES189/SA189S24	SES189	4.63726	11.894	7.25676
BLOCK18/SES189/SA189S26	SES189	3.36769	12.2116	8.84394
BLOCK18/SES189/SA189S29	SES189	3.76906	12.1564	8.38729
BLOCK20/SES202/SA202S12	SES202	3.2117	11.864	8.6523
BLOCK20/SES202/SA202S14	SES202	4.33336	12.1249	7.79156
BLOCK20/SES202/SA202S24	SES202	3.52602	11.4986	7.97253
BLOCK20/SES202/SA202S27	SES202	4.31818	13.5912	9.27302
BLOCK20/SES202/SA202S29	SES202	4.13095	12.9045	8.77354
BLOCK20/SES206/SA206S15	SES206	2.5868	10.5831	7.99631
BLOCK20/SES206/SA206S17	SES206	4.28468	11.595	7.31037
BLOCK20/SES206/SA206S24	SES206	5.88264	13.5033	7.62063
BLOCK20/SES206/SA206S27	SES206	4.97925	11.885	6.90579
BLOCK20/SES206/SA206S29	SES206	4.02099	13.2222	9.20122
BLOCK22/SES226/SA226S12	SES226	3.87989	11.1673	7.28741
BLOCK22/SES226/SA226S13	SES226	1.72839	10.0664	8.338
BLOCK22/SES226/SA226S20	SES226	3.79657	10.3871	6.59051
BLOCK22/SES226/SA226S23	SES226	4.72711	12.0623	7.33519
BLOCK22/SES226/SA226S28	SES226	3.87969	12.3333	8.45357
BLOCK25/SES259/SA259S13	SES259	5.75022	12.7528	7.00262
BLOCK25/SES259/SA259S14	SES259	4.01511	12.3793	8.36415
BLOCK25/SES259/SA259S22	SES259	4.4869	12.6941	8.20722
BLOCK25/SES259/SA259S24	SES259	3.83399	12.9366	9.1026
BLOCK25/SES259/SA259S28	SES259	4.69119	12.7718	8.08065
BLOCK27/SES270/SA270S14	SES270	4.04084	9.63739	5.59655
BLOCK27/SES270/SA270S16	SES270	3.3998	9.40793	6.00813
BLOCK27/SES270/SA270S22	SES270	4.76412	10.7193	5.95517
BLOCK27/SES270/SA270S26	SES270	3.52687	8.6985	5.17164
BLOCK27/SES270/SA270S28	SES270	4.09917	9.72222	5.62305
BLOCK27/SES275/SA275S17	SES275	3.76572	12.5224	8.75669
BLOCK27/SES275/SA275S18	SES275	3.73568	11.8733	8.1376
BLOCK27/SES275/SA275S24	SES275	3.16593	10.7933	7.62734
BLOCK27/SES275/SA275S26	SES275	3.7055	12.1038	8.3983
BLOCK27/SES275/SA275S28	SES275	3.42586	11.8146	8.38873
BLOCK29/SES292/SA292S10	SES292	3.03983	11.5488	8.50896
BLOCK29/SES292/SA292S12	SES292	3.20317	10.7741	7.57094
BLOCK29/SES292/SA292S22	SES292	3.53804	12.1275	8.58945
BLOCK29/SES292/SA292S24	SES292	3.10091	12.0161	8.91522
BLOCK29/SES292/SA292S27	SES292	2.90766	11.7422	8.83459
BLOCK00/SES001/SA001S14	SES062	-0.463315	7.32192	7.78523
BLOCK00/SES001/SA001S14	SES082	0.392708	8.17794	7.78523
BLOCK00/SES001/SA001S14	SES106	0.427763	8.213	7.78523
BLOCK00/SES001/SA001S14	SES206	0.550018	8.33525	7.78523
BLOCK00/SES001/SA001S15	SES062	-0.11905	9.01681	9.13586
BLOCK00/SES001/SA001S15	SES104	-0.137615	8.99824	9.13586
BLOCK00/SES001/SA001S15	SES106	0.218867	9.35473	9.13586
BLOCK00/SES001/SA001S15	SES206	0.273872	9.40973	9.13586
BLOCK00/SES001/SA001S24	SES062	-1.28806	6.25477	7.54283
BLOCK00/SES001/SA001S24	SES082	-0.286928	7.2559	7.54283
BLOCK00/SES001/SA001S24	SES087	-0.196347	7.34648	7.54283
BLOCK00/SES001/SA001S24	SES206	0.169741	7.71257	7.54283
BLOCK00/SES001/SA001S27	SES062	0.263862	9.50552	9.24166
BLOCK00/SES001/SA001S27	SES082	0.423052	9.66471	9.24166
BLOCK00/SES001/SA001S27	SES087	1.15137	10.393	9.24166
BLOCK00/SES001/SA001S27	SES206	0.873	10.1147	9.24166
BLOCK00/SES001/SA001S29	SES062	-1.48914	6.18281	7.67194
BLOCK00/SES001/SA001S29	SES082	-0.0224938	7.64945	7.67194
BLOCK00/SES001/SA001S29	SES158	1.25572	8.92767	7.67194
BLOCK00/SES001/SA001S29	SES206	-0.144679	7.52726	7.67194
BLOCK00/SES003/SA003S11	SES002	1.2473	8.1894	6.9421
BLOCK00/SES003/SA003S11	SES019	0.0461512	6.98825	6.9421
BLOCK00/SES003/SA003S11	SES082	0.972186	7.91428	6.9421
BLOCK00/SES003/SA003S11	SES125	0.54984	7.49194	6.9421
BLOCK00/SES003/SA003S15	SES016	0.89585	9.09869	8.20284
BLOCK00/SES003/SA003S15	SES019	0.369707	8.57255	8.20284
BLOCK00/SES003/SA003S15	SES062	1.37992	9.58276	8.20284
BLOCK00/SES003/SA003S15	SES206	0.699559	8.9024	8.20284
BLOCK00/SES003/SA003S22	SES002	-0.229825	8.25748	8.4873
BLOCK00/SES003/SA003S22	SES062	1.05861	9.54592	8.4873
BLOCK00/SES003/SA003S22	SES082	0.420814	8.90812	8.4873
BLOCK00/SES003/SA003S22	SES087	0.390671	8.87797	8.4873
BLOCK00/SES003/SA003S25	SES062	-0.698242	5.82866	6.5269
BLOCK00/SES003/SA003S25	SES082	1.14012	7.66702	6.5269
BLOCK00/SES003/SA003S25	SES087	1.71968	8.24658	6.5269
BLOCK00/SES003/SA003S25	SES206	1.52562	8.05252	6.5269
BLOCK00/SES003/SA003S29	SES002	-0.473933	7.56635	8.04028
BLOCK00/SES003/SA003S29	SES062	-1.35141	6.68887	8.04028
BLOCK00/SES003/SA003S29	SES082	-0.179083	7.8612	8.04028
BLOCK00/SES003/SA003S29	SES087	-0.774875	7.26541	8.04028
BLOCK00/SES004/SA004S12	SES083	0.978374	9.36454	8.38616
BLOCK00/SES004/SA004S12	SES148	0.0428762	8.42904	8.38616
BLOCK00/SES004/SA004S12	SES172	2.54596	10.9321	8.38616
BLOCK00/SES004/SA004S12	SES292	0.818497	9.20466	8.38616
BLOCK00/SES004/SA004S17	SES083	0.588896	8.72412	8.13522
BLOCK00/SES004/SA004S17	SES162	1.19178	9.327	8.13522
BLOCK00/SES004/SA004S17	SES172	1.53622	9.67144	8.13522
BLOCK00/SES004/SA004S17	SES292	0.758944	8.89416	8.13522
BLOCK00/SES004/SA004S24	SES083	0.591714	9.2513	8.65959
BLOCK00/SES004/SA004S24	SES148	0.337908	8.9975	8.65959
BLOCK00/SES004/SA004S24	SES172	2.08916	10.7487	8.65959
BLOCK00/SES004/SA004S24	SES292	1.28042	9.94	8.65959
BLOCK00/SES004/SA004S26	SES083	0.322532	8.05497	7.73244
BLOCK00/SES004/SA004S26	SES127	0.803931	8.53637	7.73244
BLOCK00/SES004/SA004S26	SES148	-0.371429	7.36101	7.73244
BLOCK00/SES004/SA004S26	SES292	0.257974	7.99041	7.73244
BLOCK00/SES004/SA004S28	SES083	1.58732	10.2817	8.69442
BLOCK00/SES004/SA004S28	SES127	2.26484	10.9593	8.69442
BLOCK00/SES004/SA004S28	SES187	2.79885	11.4933	8.69442
BLOCK00/SES004/SA004S28	SES292	0.884898	9.57931	8.69442
BLOCK00/SES006/SA006S10	SES014	-1.34889	3.62041	4.9693
BLOCK00/SES006/SA006S10	SES158	0.469429	5.43873	4.9693
BLOCK00/SES006/SA006S10	SES226	-1.80326	3.16604	4.9693
BLOCK00/SES006/SA006S10	SES270	0.181853	5.15115	4.9693
BLOCK00/SES006/SA006S11	SES158	-0.552963	5.46521	6.01817
BLOCK00/SES006/SA006S11	SES226	-1.29901	4.71916	6.01817
BLOCK00/SES006/SA006S11	SES270	-0.0897098	5.92846	6.01817
BLOCK00/SES006/SA006S11	SES275	-1.64023	4.37794	6.01817
BLOCK00/SES006/SA006S23	SES062	-1.88845	6.29132	8.17976
BLOCK00/SES006/SA006S23	SES105	-2.21525	5.96451	8.17976
BLOCK00/SES006/SA006S23	SES158	-0.542792	7.63697	8.17976
BLOCK00/SES006/SA006S23	SES275	-0.688481	7.49128	8.17976
BLOCK00/SES006/SA006S26	SES104	-1.71926	6.05	7.76926
BLOCK00/SES006/SA006S26	SES158	-0.196623	7.57264	7.76926
BLOCK00/SES006/SA006S26	SES270	0.677087	8.44635	7.76926
BLOCK00/SES006/SA006S26	SES275	-1.56295	6.20631	7.76926
BLOCK00/SES006/SA006S28	SES007	-1.72993	4.34916	6.07909
BLOCK00/SES006/SA006S28	SES105	-1.89195	4.18714	6.07909
BLOCK00/SES006/SA006S28	SES158	0.00857544	6.08766	6.07909
BLOCK00/SES006/SA006S28	SES275	-1.78585	4.29324	6.07909
BLOCK00/SES009/SA009S12	SES083	-1.29806	7.65487	8.95293
BLOCK00/SES009/SA009S12	SES148	0.612053	9.56498	8.95293
BLOCK00/SES009/SA009S12	SES177	1.36658	10.3195	8.95293
BLOCK00/SES009/SA009S12	SES292	0.317621	9.27055	8.95293
BLOCK00/SES009/SA009S15	SES007	2.6245	12.1958	9.5713
BLOCK00/SES009/SA009S15	SES099	-1.11564	8.45566	9.5713
BLOCK00/SES009/SA009S15	SES148	1.20366	10.775	9.5713
BLOCK00/SES009/SA009S15	SES172	1.18222	10.7535	9.5713
BLOCK00/SES009/SA009S24	SES146	1.47147	10.1393	8.66782
BLOCK00/SES009/SA009S24	SES148	0.780218	9.44804	8.66782
BLOCK00/SES009/SA009S24	SES177	2.22543	10.8933	8.66782
BLOCK00/SES009/SA009S24	SES292	1.08703	9.75485	8.66782
BLOCK00/SES009/SA009S26	SES083	-0.840307	7.96587	8.80618
BLOCK00/SES009/SA009S26	SES101	-0.376204	8.42997	8.80618
BLOCK00/SES009/SA009S26	SES120	0.821479	9.62766	8.80618
BLOCK00/SES009/SA009S26	SES177	1.39141	10.1976	8.80618
BLOCK00/SES009/SA009S29	SES083	-0.323801	9.66562	9.98942
BLOCK00/SES009/SA009S29	SES101	0.591954	10.5814	9.98942
BLOCK00/SES009/SA009S29	SES177	1.59496	11.5844	9.98942
BLOCK00/SES009/SA009S29	SES292	0.537107	10.5265	9.98942
BLOCK01/SES011/SA011S10	SES019	1.5808	8.64907	7.06828
BLOCK01/SES011/SA011S10	SES042	2.56745	9.63573	7.06828
BLOCK01/SES011/SA011S10	SES082	0.0895143	7.15779	7.06828
BLOCK01/SES011/SA011S10	SES206	0.871872	7.94015	7.06828
BLOCK01/SES011/SA011S11	SES019	0.857573	7.05109	6.19352
BLOCK01/SES011/SA011S11	SES042	0.562303	6.75582	6.19352
BLOCK01/SES011/SA011S11	SES082	0.644451	6.83797	6.19352
BLOCK01/SES011/SA011S11	SES206	0.796555	6.99007	6.19352
BLOCK01/SES011/SA011S22	SES019	1.23644	8.24764	7.0112
BLOCK01/SES011/SA011S22	SES042	1.92289	8.93409	7.0112
BLOCK01/SES011/SA011S22	SES082	0.310405	7.3216	7.0112
BLOCK01/SES011/SA011S22	SES206	0.626327	7.63752	7.0112
BLOCK01/SES011/SA011S24	SES019	0.992513	8.84979	7.85728
BLOCK01/SES011/SA011S24	SES042	2.47069	10.328	7.85728
BLOCK01/SES011/SA011S24	SES104	0.564593	8.42187	7.85728
BLOCK01/SES011/SA011S24	SES206	1.60275	9.46003	7.85728
BLOCK01/SES011/SA011S27	SES082	2.32606	9.28102	6.95496
BLOCK01/SES011/SA011S27	SES087	0.186356	7.14132	6.95496
BLOCK01/SES011/SA011S27	SES125	0.967088	7.92205	6.95496
BLOCK01/SES011/SA011S27	SES206	1.14416	8.09912	6.95496
BLOCK01/SES012/SA012S11	SES007	2.14385	11.3673	9.22341
BLOCK01/SES012/SA012S11	SES082	0.882517	10.1059	9.22341
BLOCK01/SES012/SA012S11	SES083	0.607582	9.83099	9.22341
BLOCK01/SES012/SA012S11	SES206	1.17269	10.3961	9.22341
BLOCK01/SES012/SA012S14	SES082	1.90067	10.1854	8.28477
BLOCK01/SES012/SA012S14	SES087	0.787566	9.07233	8.28477
BLOCK01/SES012/SA012S14	SES206	1.46652	9.75128	8.28477
BLOCK01/SES012/SA012S14	SES292	1.10373	9.3885	8.28477
BLOCK01/SES012/SA012S24	SES082	1.46754	8.52014	7.05259
BLOCK01/SES012/SA012S24	SES087	0.111453	7.16405	7.05259
BLOCK01/SES012/SA012S24	SES120	0.080308	7.1329	7.05259
BLOCK01/SES012/SA012S24	SES206	0.618327	7.67092	7.05259
BLOCK01/SES012/SA012S26	SES019	-0.970098	7.66661	8.63671
BLOCK01/SES012/SA012S26	SES082	-0.0447807	8.59193	8.63671
BLOCK01/SES012/SA012S26	SES206	1.26778	9.90449	8.63671
BLOCK01/SES012/SA012S26	SES292	0.863018	9.49973	8.63671
BLOCK01/SES012/SA012S29	SES062	1.15261	9.99039	8.83778
BLOCK01/SES012/SA012S29	SES082	1.39784	10.2356	8.83778
BLOCK01/SES012/SA012S29	SES083	-0.508472	8.3293	8.83778
BLOCK01/SES012/SA012S29	SES206	1.38881	10.2266	8.83778
BLOCK01/SES013/SA013S16	SES062	-1.42091	5.35224	6.77315
BLOCK01/SES013/SA013S16	SES106	0.73652	7.50967	6.77315
BLOCK01/SES013/SA013S16	SES206	0.546504	7.31966	6.77315
BLOCK01/SES013/SA013S16	SES226	0.943253	7.71641	6.77315
BLOCK01/SES013/SA013S17	SES062	-0.394602	7.76959	8.16419
BLOCK01/SES013/SA013S17	SES106	0.403307	8.5675	8.16419
BLOCK01/SES013/SA013S17	SES206	2.36653	10.5307	8.16419
BLOCK01/SES013/SA013S17	SES226	2.26345	10.4276	8.16419
BLOCK01/SES013/SA013S23	SES104	-0.409276	6.36409	6.77337
BLOCK01/SES013/SA013S23	SES106	0.877306	7.65067	6.77337
BLOCK01/SES013/SA013S23	SES206	0.394459	7.16783	6.77337
BLOCK01/SES013/SA013S23	SES270	1.79466	8.56803	6.77337
BLOCK01/SES013/SA013S25	SES042	-0.0250607	7.26341	7.28847
BLOCK01/SES013/SA013S25	SES104	0.196857	7.48533	7.28847
BLOCK01/SES013/SA013S25	SES106	1.0326	8.32107	7.28847
BLOCK01/SES013/SA013S25	SES206	1.31236	8.60083	7.28847
BLOCK01/SES013/SA013S29	SES062	-1.52988	5.1869	6.71678
BLOCK01/SES013/SA013S29	SES104	-0.969206	5.74758	6.71678
BLOCK01/SES013/SA013S29	SES106	0.903732	7.62051	6.71678
BLOCK01/SES013/SA013S29	SES206	0.530549	7.24733	6.71678
BLOCK02/SES021/SA021S13	SES016	-0.838876	7.32495	8.16383
BLOCK02/SES021/SA021S13	SES029	0.540509	8.70434	8.16383
BLOCK02/SES021/SA021S13	SES087	-0.423995	7.73983	8.16383
BLOCK02/SES021/SA021S13	SES206	0.638799	8.80262	8.16383
BLOCK02/SES021/SA021S15	SES087	1.64217	10.8962	9.25405
BLOCK02/SES021/SA021S15	SES125	1.37017	10.6242	9.25405
BLOCK02/SES021/SA021S15	SES206	1.9658	11.2198	9.25405
BLOCK02/SES021/SA021S15	SES226	0.564027	9.81808	9.25405
BLOCK02/SES021/SA021S23	SES062	-0.601851	5.61789	6.21974
BLOCK02/SES021/SA021S23	SES087	1.38898	7.60872	6.21974
BLOCK02/SES021/SA021S23	SES206	1.29593	7.51567	6.21974
BLOCK02/SES021/SA021S23	SES226	0.979682	7.19942	6.21974
BLOCK02/SES021/SA021S27	SES002	1.86563	10.4025	8.53692
BLOCK02/SES021/SA021S27	SES016	-1.50967	7.02725	8.53692
BLOCK02/SES021/SA021S27	SES019	1.27055	9.80746	8.53692
BLOCK02/SES021/SA021S27	SES062	1.33168	9.86859	8.53692
BLOCK02/SES021/SA021S29	SES087	1.5517	9.33908	7.78738
BLOCK02/SES021/SA021S29	SES125	1.97295	9.76033	7.78738
BLOCK02/SES021/SA021S29	SES206	1.9404	9.72778	7.78738
BLOCK02/SES021/SA021S29	SES226	0.736591	8.52397	7.78738
BLOCK04/SES043/SA043S09	SES083	0.8952	9.08884	8.19364
BLOCK04/SES043/SA043S09	SES101	1.03216	9.2258	8.19364
BLOCK04/SES043/SA043S09	SES144	1.43093	9.62458	8.19364
BLOCK04/SES043/SA043S09	SES172	0.658495	8.85214	8.19364
BLOCK04/SES043/SA043S11	SES083	1.08069	10.5802	9.49946
BLOCK04/SES043/SA043S11	SES101	1.31291	10.8124	9.49946
BLOCK04/SES043/SA043S11	SES144	2.25911	11.7586	9.49946
BLOCK04/SES043/SA043S11	SES172	0.939411	10.4389	9.49946
BLOCK04/SES043/SA043S23	SES083	1.20164	10.1727	8.97109
BLOCK04/SES043/SA043S23	SES144	1.81358	10.7847	8.97109
BLOCK04/SES043/SA043S23	SES177	0.521265	9.49236	8.97109
BLOCK04/SES043/SA043S23	SES275	0.691064	9.66216	8.97109
BLOCK04/SES043/SA043S26	SES083	0.921708	9.96497	9.04326
BLOCK04/SES043/SA043S26	SES101	0.898238	9.9415	9.04326
BLOCK04/SES043/SA043S26	SES144	2.02683	11.0701	9.04326
BLOCK04/SES043/SA043S26	SES177	0.649267	9.69253	9.04326
BLOCK04/SES043/SA043S28	SES016	-0.052639	9.22393	9.27657
BLOCK04/SES043/SA043S28	SES083	1.19483	10.4714	9.27657
BLOCK04/SES043/SA043S28	SES101	1.25435	10.5309	9.27657
BLOCK04/SES043/SA043S28	SES144	1.18552	10.4621	9.27657
BLOCK04/SES044/SA044S10	SES127	-2.04597	4.08602	6.13199
BLOCK04/SES044/SA044S10	SES144	0.568241	6.70023	6.13199
BLOCK04/SES044/SA044S10	SES147	-1.57805	4.55394	6.13199
BLOCK04/SES044/SA044S10	SES148	-0.689284	5.4427	6.13199
BLOCK04/SES044/SA044S11	SES101	1.17419	8.37638	7.20219
BLOCK04/SES044/SA044S11	SES144	2.66786	9.87005	7.20219
BLOCK04/SES044/SA044S11	SES147	0.102585	7.30478	7.20219
BLOCK04/SES044/SA044S11	SES177	0.20133	7.40352	7.20219
BLOCK04/SES044/SA044S24	SES007	-0.763496	7.08705	7.85055
BLOCK04/SES044/SA044S24	SES101	0.74511	8.59566	7.85055
BLOCK04/SES044/SA044S24	SES147	0.33416	8.18471	7.85055
BLOCK04/SES044/SA044S24	SES177	0.211101	8.06165	7.85055
BLOCK04/SES044/SA044S26	SES007	-0.331151	7.84355	8.1747
BLOCK04/SES044/SA044S26	SES016	0.800556	8.97525	8.1747
BLOCK04/SES044/SA044S26	SES101	1.28304	9.45774	8.1747
BLOCK04/SES044/SA044S26	SES147	0.529095	8.70379	8.1747
BLOCK04/SES044/SA044S29	SES007	-0.610416	9.11388	9.72429
BLOCK04/SES044/SA044S29	SES101	1.35979	11.0841	9.72429
BLOCK04/SES044/SA044S29	SES147	0.551053	10.2753	9.72429
BLOCK04/SES044/SA044S29	SES177	0.1885	9.91279	9.72429
BLOCK04/SES046/SA046S13	SES101	1.21364	9.5139	8.30025
BLOCK04/SES046/SA046S13	SES144	1.50102	9.80127	8.30025
BLOCK04/SES046/SA046S13	SES147	0.336324	8.63658	8.30025
BLOCK04/SES046/SA046S13	SES177	0.449004	8.74926	8.30025
BLOCK04/SES046/SA046S15	SES048	2.47389	12.4261	9.95222
BLOCK04/SES046/SA046S15	SES083	1.79223	11.7445	9.95222
BLOCK04/SES046/SA046S15	SES120	-0.63126	9.32096	9.95222
BLOCK04/SES046/SA046S15	SES148	0.75356	10.7058	9.95222
BLOCK04/SES046/SA046S22	SES101	1.65762	10.3492	8.69161
BLOCK04/SES046/SA046S22	SES144	1.84355	10.5352	8.69161
BLOCK04/SES046/SA046S22	SES147	-0.122199	8.56941	8.69161
BLOCK04/SES046/SA046S22	SES172	1.21415	9.90576	8.69161
BLOCK04/SES046/SA046S25	SES083	0.562386	9.66971	9.10733
BLOCK04/SES046/SA046S25	SES127	0.620659	9.72799	9.10733
BLOCK04/SES046/SA046S25	SES144	0.669139	9.77647	9.10733
BLOCK04/SES046/SA046S25	SES148	0.688448	9.79577	9.10733
BLOCK04/SES046/SA046S28	SES007	-0.53716	8.74825	9.28541
BLOCK04/SES046/SA046S28	SES105	-0.206651	9.07876	9.28541
BLOCK04/SES046/SA046S28	SES147	-0.00468922	9.28072	9.28541
BLOCK04/SES046/SA046S28	SES148	0.497918	9.78333	9.28541
BLOCK04/SES049/SA049S16	SES104	1.04523	6.54581	5.50058
BLOCK04/SES049/SA049S16	SES106	1.35537	6.85596	5.50058
BLOCK04/SES049/SA049S16	SES120	0.859429	6.36001	5.50058
BLOCK04/SES049/SA049S16	SES206	1.77575	7.27633	5.50058
BLOCK04/SES049/SA049S18	SES099	1.34337	6.59846	5.2551
BLOCK04/SES049/SA049S18	SES104	-0.475236	4.77986	5.2551
BLOCK04/SES049/SA049S18	SES125	-1.11515	4.13995	5.2551
BLOCK04/SES049/SA049S18	SES206	0.764194	6.01929	5.2551
BLOCK04/SES049/SA049S25	SES087	1.18552	6.93554	5.75001
BLOCK04/SES049/SA049S25	SES104	1.27007	7.02008	5.75001
BLOCK04/SES049/SA049S25	SES125	0.55267	6.30268	5.75001
BLOCK04/SES049/SA049S25	SES206	1.75542	7.50543	5.75001
BLOCK04/SES049/SA049S27	SES099	1.42938	8.8866	7.45722
BLOCK04/SES049/SA049S27	SES104	1.54221	8.99942	7.45722
BLOCK04/SES049/SA049S27	SES125	0.209593	7.66681	7.45722
BLOCK04/SES049/SA049S27	SES206	0.681238	8.13845	7.45722
BLOCK04/SES049/SA049S29	SES099	1.75974	9.34309	7.58335
BLOCK04/SES049/SA049S29	SES104	1.60893	9.19228	7.58335
BLOCK04/SES049/SA049S29	SES125	0.990866	8.57422	7.58335
BLOCK04/SES049/SA049S29	SES206	2.1453	9.72866	7.58335
BLOCK06/SES063/SA063S09	SES068	0.415672	10.5597	10.144
BLOCK06/SES063/SA063S09	SES083	1.21662	11.3606	10.144
BLOCK06/SES063/SA063S09	SES177	0.479307	10.6233	10.144
BLOCK06/SES063/SA063S09	SES187	0.347196	10.4912	10.144
BLOCK06/SES063/SA063S10	SES068	-0.227962	8.73463	8.96259
BLOCK06/SES063/SA063S10	SES083	0.437882	9.40048	8.96259
BLOCK06/SES063/SA063S10	SES172	0.928179	9.89077	8.96259
BLOCK06/SES063/SA063S10	SES187	0.955562	9.91816	8.96259
BLOCK06/SES063/SA063S20	SES068	0.0579557	9.14979	9.09183
BLOCK06/SES063/SA063S20	SES083	1.04625	10.1381	9.09183
BLOCK06/SES063/SA063S20	SES172	1.10687	10.1987	9.09183
BLOCK06/SES063/SA063S20	SES187	0.989217	10.081	9.09183
BLOCK06/SES063/SA063S24	SES029	-0.473224	9.16353	9.63675
BLOCK06/SES063/SA063S24	SES083	1.9433	11.5801	9.63675
BLOCK06/SES063/SA063S24	SES177	1.98581	11.6226	9.63675
BLOCK06/SES063/SA063S24	SES189	2.02022	11.657	9.63675
BLOCK06/SES063/SA063S27	SES083	1.64199	10.7523	9.11028
BLOCK06/SES063/SA063S27	SES172	0.88571	9.99599	9.11028
BLOCK06/SES063/SA063S27	SES187	0.575399	9.68568	9.11028
BLOCK06/SES063/SA063S27	SES292	0.130424	9.2407	9.11028
BLOCK06/SES067/SA067S12	SES083	1.11283	11.4124	10.2995
BLOCK06/SES067/SA067S12	SES172	0.562134	10.8617	10.2995
BLOCK06/SES067/SA067S12	SES202	1.25685	11.5564	10.2995
BLOCK06/SES067/SA067S12	SES292	0.075635	10.3752	10.2995
BLOCK06/SES067/SA067S14	SES085	0.748377	11.6929	10.9445
BLOCK06/SES067/SA067S14	SES177	0.970687	11.9152	10.9445
BLOCK06/SES067/SA067S14	SES183	2.25345	13.198	10.9445
BLOCK06/SES067/SA067S14	SES202	1.35085	12.2954	10.9445
BLOCK06/SES067/SA067S21	SES144	1.24655	10.3082	9.06164
BLOCK06/SES067/SA067S21	SES177	1.31801	10.3796	9.06164
BLOCK06/SES067/SA067S21	SES183	1.25678	10.3184	9.06164
BLOCK06/SES067/SA067S21	SES189	0.644223	9.70586	9.06164
BLOCK06/SES067/SA067S25	SES085	0.881598	11.3163	10.4347
BLOCK06/SES067/SA067S25	SES177	0.0350285	10.4697	10.4347
BLOCK06/SES067/SA067S25	SES183	0.918061	11.3528	10.4347
BLOCK06/SES067/SA067S25	SES202	-0.0405312	10.3942	10.4347
BLOCK06/SES067/SA067S29	SES085	-0.383076	9.45421	9.83729
BLOCK06/SES067/SA067S29	SES177	-0.322131	9.51515	9.83729
BLOCK06/SES067/SA067S29	SES183	1.17183	11.0091	9.83729
BLOCK06/SES067/SA067S29	SES202	0.91214	10.7494	9.83729
BLOCK06/SES069/SA069S12	SES029	-0.0470324	7.69319	7.74023
BLOCK06/SES069/SA069S12	SES082	1.92447	9.66469	7.74023
BLOCK06/SES069/SA069S12	SES087	1.1749	8.91513	7.74023
BLOCK06/SES069/SA069S12	SES206	1.41133	9.15156	7.74023
BLOCK06/SES069/SA069S13	SES029	-0.724915	7.49319	8.2181
BLOCK06/SES069/SA069S13	SES087	1.38059	9.59869	8.2181
BLOCK06/SES069/SA069S13	SES206	1.67302	9.89112	8.2181
BLOCK06/SES069/SA069S13	SES226	2.41836	10.6365	8.2181
BLOCK06/SES069/SA069S23	SES029	2.68434	11.6474	8.96307
BLOCK06/SES069/SA069S23	SES087	2.50662	11.4697	8.96307
BLOCK06/SES069/SA069S23	SES206	1.63494	10.598	8.96307
BLOCK06/SES069/SA069S23	SES226	2.71344	11.6765	8.96307
BLOCK06/SES069/SA069S25	SES087	1.5848	10.9201	9.33531
BLOCK06/SES069/SA069S25	SES206	0.196157	9.53147	9.33531
BLOCK06/SES069/SA069S25	SES226	2.33765	11.673	9.33531
BLOCK06/SES069/SA069S25	SES270	0.997659	10.333	9.33531
BLOCK06/SES069/SA069S27	SES087	1.07081	9.48572	8.41491
BLOCK06/SES069/SA069S27	SES206	2.07156	10.4865	8.41491
BLOCK06/SES069/SA069S27	SES226	3.01393	11.4288	8.41491
BLOCK06/SES069/SA069S27	SES270	1.64871	10.0636	8.41491
BLOCK08/SES081/SA081S11	SES060	0.879922	9.17382	8.2939
BLOCK08/SES081/SA081S11	SES062	1.16127	9.45517	8.2939
BLOCK08/SES081/SA081S11	SES117	0.50392	8.79782	8.2939
BLOCK08/SES081/SA081S11	SES162	0.448998	8.7429	8.2939
BLOCK08/SES081/SA081S13	SES016	1.24613	11.2144	9.96824
BLOCK08/SES081/SA081S13	SES060	1.70135	11.6696	9.96824
BLOCK08/SES081/SA081S13	SES068	1.12482	11.0931	9.96824
BLOCK08/SES081/SA081S13	SES129	0.283629	10.2519	9.96824
BLOCK08/SES081/SA081S24	SES060	1.29292	10.5405	9.24762
BLOCK08/SES081/SA081S24	SES068	1.51058	10.7582	9.24762
BLOCK08/SES081/SA081S24	SES117	0.333548	9.58117	9.24762
BLOCK08/SES081/SA081S24	SES275	0.20039	9.44801	9.24762
BLOCK08/SES081/SA081S27	SES007	1.05779	9.65576	8.59798
BLOCK08/SES081/SA081S27	SES060	0.610616	9.20859	8.59798
BLOCK08/SES081/SA081S27	SES117	1.55532	10.1533	8.59798
BLOCK08/SES081/SA081S27	SES275	0.863831	9.46181	8.59798
BLOCK08/SES081/SA081S29	SES007	1.31414	10.265	8.95087
BLOCK08/SES081/SA081S29	SES060	1.07311	10.024	8.95087
BLOCK08/SES081/SA081S29	SES117	0.887974	9.83884	8.95087
BLOCK08/SES081/SA081S29	SES275	0.474845	9.42571	8.95087
BLOCK08/SES086/SA086S11	SES029	-1.13883	4.77741	5.91624
BLOCK08/SES086/SA086S11	SES082	-0.18975	5.72649	5.91624
BLOCK08/SES086/SA086S11	SES087	1.76582	7.68207	5.91624
BLOCK08/SES086/SA086S11	SES206	0.570475	6.48672	5.91624
BLOCK08/SES086/SA086S12	SES029	0.716461	7.61859	6.90212
BLOCK08/SES086/SA086S12	SES082	0.564096	7.46622	6.90212
BLOCK08/SES086/SA086S12	SES087	3.22405	10.1262	6.90212
BLOCK08/SES086/SA086S12	SES206	1.97799	8.88012	6.90212
BLOCK08/SES086/SA086S20	SES029	-0.783086	7.2832	8.06629
BLOCK08/SES086/SA086S20	SES082	-0.621081	7.44521	8.06629
BLOCK08/SES086/SA086S20	SES087	2.49114	10.5574	8.06629
BLOCK08/SES086/SA086S20	SES206	1.67049	9.73678	8.06629
BLOCK08/SES086/SA086S24	SES087	1.79006	9.08121	7.29115
BLOCK08/SES086/SA086S24	SES104	0.489546	7.78069	7.29115
BLOCK08/SES086/SA086S24	SES120	0.459133	7.75028	7.29115
BLOCK08/SES086/SA086S24	SES206	2.09915	9.39029	7.29115
BLOCK08/SES086/SA086S28	SES029	0.0613966	8.50648	8.44509
BLOCK08/SES086/SA086S28	SES082	0.511241	8.95633	8.44509
BLOCK08/SES086/SA086S28	SES087	1.78734	10.2324	8.44509
BLOCK08/SES086/SA086S28	SES206	1.46244	9.90753	8.44509
BLOCK08/SES089/SA089S13	SES087	1.18048	7.86046	6.67999
BLOCK08/SES089/SA089S13	SES206	0.770106	7.45009	6.67999
BLOCK08/SES089/SA089S13	SES226	1.25451	7.9345	6.67999
BLOCK08/SES089/SA089S13	SES270	0.242691	6.92268	6.67999
BLOCK08/SES089/SA089S14	SES062	-0.202501	7.55158	7.75408
BLOCK08/SES089/SA089S14	SES087	1.06975	8.82384	7.75408
BLOCK08/SES089/SA089S14	SES206	0.266159	8.02024	7.75408
BLOCK08/SES089/SA089S14	SES226	0.707981	8.46206	7.75408
BLOCK08/SES089/SA089S23	SES087	1.57844	7.1327	5.55426
BLOCK08/SES089/SA089S23	SES206	1.05313	6.60739	5.55426
BLOCK08/SES089/SA089S23	SES226	1.55301	7.10727	5.55426
BLOCK08/SES089/SA089S23	SES270	0.134186	5.68845	5.55426
BLOCK08/SES089/SA089S25	SES062	1.55108	7.84352	6.29244
BLOCK08/SES089/SA089S25	SES087	2.4274	8.71985	6.29244
BLOCK08/SES089/SA089S25	SES206	0.878379	7.17082	6.29244
BLOCK08/SES089/SA089S25	SES226	2.55793	8.85038	6.29244
BLOCK08/SES089/SA089S28	SES062	0.867765	7.81224	6.94447
BLOCK08/SES089/SA089S28	SES087	2.52039	9.46486	6.94447
BLOCK08/SES089/SA089S28	SES206	2.10345	9.04793	6.94447
BLOCK08/SES089/SA089S28	SES226	1.84047	8.78494	6.94447
BLOCK09/SES097/SA097S11	SES099	2.80034	8.55768	5.75734
BLOCK09/SES097/SA097S11	SES125	0.740389	6.49773	5.75734
BLOCK09/SES097/SA097S11	SES206	1.62707	7.38441	5.75734
BLOCK09/SES097/SA097S11	SES226	2.06161	7.81896	5.75734
BLOCK09/SES097/SA097S14	SES062	0.56343	7.79759	7.23416
BLOCK09/SES097/SA097S14	SES099	0.870643	8.10481	7.23416
BLOCK09/SES097/SA097S14	SES104	0.965503	8.19967	7.23416
BLOCK09/SES097/SA097S14	SES206	0.198963	7.43313	7.23416
BLOCK09/SES097/SA097S22	SES099	2.17541	8.52281	6.3474
BLOCK09/SES097/SA097S22	SES206	1.13344	7.48084	6.3474
BLOCK09/SES097/SA097S22	SES226	0.454475	6.80188	6.3474
BLOCK09/SES097/SA097S22	SES270	2.51015	8.85755	6.3474
BLOCK09/SES097/SA097S26	SES099	2.90822	9.35112	6.44289
BLOCK09/SES097/SA097S26	SES120	1.26505	7.70794	6.44289
BLOCK09/SES097/SA097S26	SES206	1.20282	7.64572	6.44289
BLOCK09/SES097/SA097S26	SES226	-0.0229239	6.41997	6.44289
BLOCK09/SES097/SA097S28	SES099	1.51076	8.75608	7.24532
BLOCK09/SES097/SA097S28	SES120	1.01572	8.26104	7.24532
BLOCK09/SES097/SA097S28	SES206	0.519902	7.76522	7.24532
BLOCK09/SES097/SA097S28	SES226	-0.197099	7.04822	7.24532
BLOCK09/SES098/SA098S11	SES127	0.754291	8.81094	8.05665
BLOCK09/SES098/SA098S11	SES144	0.852636	8.90929	8.05665
BLOCK09/SES098/SA098S11	SES147	1.64629	9.70294	8.05665
BLOCK09/SES098/SA098S11	SES148	-1.23851	6.81814	8.05665
BLOCK09/SES098/SA098S12	SES127	-0.063283	6.65057	6.71385
BLOCK09/SES098/SA098S12	SES144	0.600968	7.31482	6.71385
BLOCK09/SES098/SA098S12	SES147	1.06687	7.78073	6.71385
BLOCK09/SES098/SA098S12	SES189	0.0225792	6.73643	6.71385
BLOCK09/SES098/SA098S20	SES127	-0.33251	7.2936	7.62611
BLOCK09/SES098/SA098S20	SES147	0.343168	7.96928	7.62611
BLOCK09/SES098/SA098S20	SES148	-0.920403	6.70571	7.62611
BLOCK09/SES098/SA098S20	SES292	0.163244	7.78936	7.62611
BLOCK09/SES098/SA098S23	SES127	0.133008	8.20123	8.06822
BLOCK09/SES098/SA098S23	SES147	0.192386	8.26061	8.06822
BLOCK09/SES098/SA098S23	SES187	0.39522	8.46344	8.06822
BLOCK09/SES098/SA098S23	SES292	0.463554	8.53178	8.06822
BLOCK09/SES098/SA098S27	SES127	-0.405721	6.52868	6.93441
BLOCK09/SES098/SA098S27	SES147	-0.260701	6.6737	6.93441
BLOCK09/SES098/SA098S27	SES148	-1.53519	5.39922	6.93441
BLOCK09/SES098/SA098S27	SES292	1.61968	8.55408	6.93441
BLOCK10/SES102/SA102S13	SES101	1.36979	9.02246	7.65267
BLOCK10/SES102/SA102S13	SES105	0.76635	8.41902	7.65267
BLOCK10/SES102/SA102S13	SES120	-0.0662694	7.5864	7.65267
BLOCK10/SES102/SA102S13	SES158	0.282076	7.93474	7.65267
BLOCK10/SES102/SA102S14	SES007	2.68758	11.6055	8.91789
BLOCK10/SES102/SA102S14	SES101	3.10615	12.024	8.91789
BLOCK10/SES102/SA102S14	SES105	2.69175	11.6096	8.91789
BLOCK10/SES102/SA102S14	SES147	0.510905	9.4288	8.91789
BLOCK10/SES102/SA102S22	SES007	0.95544	10.4678	9.51232
BLOCK10/SES102/SA102S22	SES101	1.97197	11.4843	9.51232
BLOCK10/SES102/SA102S22	SES105	1.14361	10.6559	9.51232
BLOCK10/SES102/SA102S22	SES158	-0.726586	8.78574	9.51232
BLOCK10/SES102/SA102S25	SES007	1.63725	10.5616	8.9244
BLOCK10/SES102/SA102S25	SES101	2.55088	11.4753	8.9244
BLOCK10/SES102/SA102S25	SES105	1.49782	10.4222	8.9244
BLOCK10/SES102/SA102S25	SES147	-0.317648	8.60675	8.9244
BLOCK10/SES102/SA102S27	SES007	1.21844	9.42283	8.20439
BLOCK10/SES102/SA102S27	SES101	2.23654	10.4409	8.20439
BLOCK10/SES102/SA102S27	SES105	0.837071	9.04146	8.20439
BLOCK10/SES102/SA102S27	SES147	0.0620594	8.26645	8.20439
BLOCK10/SES103/SA103S14	SES105	-0.590377	5.7715	6.36187
BLOCK10/SES103/SA103S14	SES106	0.937703	7.29958	6.36187
BLOCK10/SES103/SA103S14	SES120	-0.38247	5.9794	6.36187
BLOCK10/SES103/SA103S14	SES206	-0.437878	5.924	6.36187
BLOCK10/SES103/SA103S15	SES099	0.820858	6.27446	5.45361
BLOCK10/SES103/SA103S15	SES101	-2.14091	3.3127	5.45361
BLOCK10/SES103/SA103S15	SES104	-0.825047	4.62856	5.45361
BLOCK10/SES103/SA103S15	SES125	-0.365759	5.08785	5.45361
BLOCK10/SES103/SA103S24	SES104	-0.65991	6.97041	7.63032
BLOCK10/SES103/SA103S24	SES125	-0.694306	6.93602	7.63032
BLOCK10/SES103/SA103S24	SES148	-0.657701	6.97262	7.63032
BLOCK10/SES103/SA103S24	SES158	0.339572	7.96989	7.63032
BLOCK10/SES103/SA103S26	SES104	-0.465713	5.65915	6.12486
BLOCK10/SES103/SA103S26	SES106	0.374759	6.49962	6.12486
BLOCK10/SES103/SA103S26	SES125	0.174163	6.29903	6.12486
BLOCK10/SES103/SA103S26	SES148	-1.31879	4.80608	6.12486
BLOCK10/SES103/SA103S28	SES104	-0.0223804	4.40767	4.43005
BLOCK10/SES103/SA103S28	SES106	1.36992	5.79997	4.43005
BLOCK10/SES103/SA103S28	SES125	0.0627599	4.49281	4.43005
BLOCK10/SES103/SA103S28	SES206	-0.418654	4.01139	4.43005
BLOCK12/SES121/SA121S12	SES042	0.219987	6.35736	6.13737
BLOCK12/SES121/SA121S12	SES087	0.770246	6.90761	6.13737
BLOCK12/SES121/SA121S12	SES105	0.5508	6.68817	6.13737
BLOCK12/SES121/SA121S12	SES206	1.57272	7.71009	6.13737
BLOCK12/SES121/SA121S14	SES007	-0.614217	4.43341	5.04762
BLOCK12/SES121/SA121S14	SES105	-1.27605	3.77157	5.04762
BLOCK12/SES121/SA121S14	SES106	-0.0236907	5.02393	5.04762
BLOCK12/SES121/SA121S14	SES206	0.0629692	5.11059	5.04762
BLOCK12/SES121/SA121S23	SES105	-0.416228	4.64935	5.06558
BLOCK12/SES121/SA121S23	SES106	1.09725	6.16283	5.06558
BLOCK12/SES121/SA121S23	SES120	0.434843	5.50042	5.06558
BLOCK12/SES121/SA121S23	SES206	1.06469	6.13027	5.06558
BLOCK12/SES121/SA121S25	SES007	-0.512033	4.1106	4.62263
BLOCK12/SES121/SA121S25	SES105	-2.32724	2.2954	4.62263
BLOCK12/SES121/SA121S25	SES106	-0.232606	4.39003	4.62263
BLOCK12/SES121/SA121S25	SES206	-0.256495	4.36614	4.62263
BLOCK12/SES121/SA121S27	SES087	1.26196	6.64104	5.37908
BLOCK12/SES121/SA121S27	SES105	-2.44998	2.9291	5.37908
BLOCK12/SES121/SA121S27	SES120	1.64573	7.02481	5.37908
BLOCK12/SES121/SA121S27	SES206	1.70313	7.08221	5.37908
BLOCK12/SES124/SA124S16	SES042	1.85903	10.0053	8.14632
BLOCK12/SES124/SA124S16	SES082	-0.41879	7.72753	8.14632
BLOCK12/SES124/SA124S16	SES183	-1.0472	7.09911	8.14632
BLOCK12/SES124/SA124S16	SES206	-0.710458	7.43586	8.14632
BLOCK12/SES124/SA124S17	SES105	-1.11446	5.35575	6.47021
BLOCK12/SES124/SA124S17	SES149	-2.08983	4.38038	6.47021
BLOCK12/SES124/SA124S17	SES158	-1.6932	4.777	6.47021
BLOCK12/SES124/SA124S17	SES275	-0.0439625	6.42625	6.47021
BLOCK12/SES124/SA124S23	SES105	-1.1073	6.73256	7.83986
BLOCK12/SES124/SA124S23	SES125	2.09627	9.93613	7.83986
BLOCK12/SES124/SA124S23	SES129	-1.27058	6.56928	7.83986
BLOCK12/SES124/SA124S23	SES158	1.69426	9.53412	7.83986
BLOCK12/SES124/SA124S26	SES105	-1.58953	5.01903	6.60856
BLOCK12/SES124/SA124S26	SES125	0.371181	6.97974	6.60856
BLOCK12/SES124/SA124S26	SES129	-0.995078	5.61348	6.60856
BLOCK12/SES124/SA124S26	SES158	0.937828	7.54639	6.60856
BLOCK12/SES124/SA124S28	SES104	1.50915	8.28457	6.77542
BLOCK12/SES124/SA124S28	SES106	1.45995	8.23536	6.77542
BLOCK12/SES124/SA124S28	SES125	2.17495	8.95037	6.77542
BLOCK12/SES124/SA124S28	SES275	0.168008	6.94343	6.77542
BLOCK12/SES126/SA126S13	SES007	0.690119	8.45448	7.76436
BLOCK12/SES126/SA126S13	SES162	-0.799343	6.96502	7.76436
BLOCK12/SES126/SA126S13	SES177	0.944466	8.70883	7.76436
BLOCK12/SES126/SA126S13	SES180	0.180612	7.94497	7.76436
BLOCK12/SES126/SA126S14	SES144	1.33118	9.9376	8.60642
BLOCK12/SES126/SA126S14	SES148	1.21036	9.81678	8.60642
BLOCK12/SES126/SA126S14	SES177	2.03464	10.6411	8.60642
BLOCK12/SES126/SA126S14	SES180	0.412115	9.01854	8.60642
BLOCK12/SES126/SA126S20	SES007	0.993307	10.3902	9.39685
BLOCK12/SES126/SA126S20	SES162	0.103709	9.50056	9.39685
BLOCK12/SES126/SA126S20	SES172	-0.161304	9.23555	9.39685
BLOCK12/SES126/SA126S20	SES180	-0.174579	9.22227	9.39685
BLOCK12/SES126/SA126S24	SES120	1.86423	11.2603	9.39608
BLOCK12/SES126/SA126S24	SES162	0.169786	9.56587	9.39608
BLOCK12/SES126/SA126S24	SES177	1.62903	11.0251	9.39608
BLOCK12/SES126/SA126S24	SES180	1.0008	10.3969	9.39608
BLOCK12/SES126/SA126S26	SES120	1.44901	9.40675	7.95774
BLOCK12/SES126/SA126S26	SES177	0.221722	8.17946	7.95774
BLOCK12/SES126/SA126S26	SES180	-0.13928	7.81846	7.95774
BLOCK12/SES126/SA126S26	SES202	0.124809	8.08255	7.95774
BLOCK12/SES128/SA128S10	SES087	-0.744743	6.95779	7.70253
BLOCK12/SES128/SA128S10	SES206	0.548172	8.2507	7.70253
BLOCK12/SES128/SA128S10	SES226	1.06031	8.76284	7.70253
BLOCK12/SES128/SA128S10	SES270	1.33815	9.04068	7.70253
BLOCK12/SES128/SA128S12	SES120	-0.0338659	7.79115	7.82502
BLOCK12/SES128/SA128S12	SES158	-0.542986	7.28203	7.82502
BLOCK12/SES128/SA128S12	SES206	0.372096	8.19712	7.82502
BLOCK12/SES128/SA128S12	SES226	0.213876	8.0389	7.82502
BLOCK12/SES128/SA128S21	SES106	0.39378	7.03697	6.64319
BLOCK12/SES128/SA128S21	SES120	-0.23644	6.40675	6.64319
BLOCK12/SES128/SA128S21	SES206	1.1266	7.76979	6.64319
BLOCK12/SES128/SA128S21	SES226	1.75676	8.39995	6.64319
BLOCK12/SES128/SA128S24	SES087	0.542495	7.85738	7.31489
BLOCK12/SES128/SA128S24	SES120	1.10083	8.41572	7.31489
BLOCK12/SES128/SA128S24	SES206	1.22406	8.53895	7.31489
BLOCK12/SES128/SA128S24	SES226	0.871124	8.18601	7.31489
BLOCK12/SES128/SA128S27	SES099	1.99137	10.621	8.62959
BLOCK12/SES128/SA128S27	SES120	1.76335	10.3929	8.62959
BLOCK12/SES128/SA128S27	SES206	1.53552	10.1651	8.62959
BLOCK12/SES128/SA128S27	SES226	1.28991	9.9195	8.62959
BLOCK13/SES130/SA130S13	SES143	1.60958	8.76948	7.1599
BLOCK13/SES130/SA130S13	SES144	2.41804	9.57794	7.1599
BLOCK13/SES130/SA130S13	SES146	1.15779	8.3177	7.1599
BLOCK13/SES130/SA130S13	SES275	0.0308108	7.19071	7.1599
BLOCK13/SES130/SA130S15	SES143	0.686911	9.82865	9.14174
BLOCK13/SES130/SA130S15	SES144	1.93621	11.0779	9.14174
BLOCK13/SES130/SA130S15	SES146	1.12608	10.2678	9.14174
BLOCK13/SES130/SA130S15	SES275	1.03472	10.1765	9.14174
BLOCK13/SES130/SA130S23	SES127	0.713516	7.44266	6.72914
BLOCK13/SES130/SA130S23	SES144	0.941749	7.67089	6.72914
BLOCK13/SES130/SA130S23	SES146	1.67952	8.40866	6.72914
BLOCK13/SES130/SA130S23	SES162	2.01351	8.74265	6.72914
BLOCK13/SES130/SA130S25	SES127	1.88771	11.0087	9.12099
BLOCK13/SES130/SA130S25	SES144	1.50306	10.6241	9.12099
BLOCK13/SES130/SA130S25	SES146	1.04947	10.1705	9.12099
BLOCK13/SES130/SA130S25	SES275	1.04628	10.1673	9.12099
BLOCK13/SES130/SA130S28	SES127	1.74307	9.73417	7.99109
BLOCK13/SES130/SA130S28	SES144	1.56578	9.55687	7.99109
BLOCK13/SES130/SA130S28	SES146	1.85211	9.8432	7.99109
BLOCK13/SES130/SA130S28	SES275	1.85326	9.84435	7.99109
BLOCK13/SES131/SA131S13	SES002	-1.01606	4.58452	5.60058
BLOCK13/SES131/SA131S13	SES007	-1.37612	4.22446	5.60058
BLOCK13/SES131/SA131S13	SES099	-0.375581	5.225	5.60058
BLOCK13/SES131/SA131S13	SES105	-1.66496	3.93562	5.60058
BLOCK13/SES131/SA131S14	SES104	1.29249	9.37374	8.08126
BLOCK13/SES131/SA131S14	SES106	0.698613	8.77987	8.08126
BLOCK13/SES131/SA131S14	SES125	0.808967	8.89022	8.08126
BLOCK13/SES131/SA131S14	SES148	1.13924	9.2205	8.08126
BLOCK13/SES131/SA131S20	SES104	-1.28318	4.73598	6.01916
BLOCK13/SES131/SA131S20	SES106	-0.491137	5.52802	6.01916
BLOCK13/SES131/SA131S20	SES125	-1.96446	4.0547	6.01916
BLOCK13/SES131/SA131S20	SES148	0.306664	6.32582	6.01916
BLOCK13/SES131/SA131S22	SES099	0.318698	7.79802	7.47932
BLOCK13/SES131/SA131S22	SES104	-0.0323024	7.44702	7.47932
BLOCK13/SES131/SA131S22	SES125	-1.09076	6.38856	7.47932
BLOCK13/SES131/SA131S22	SES206	-0.555272	6.92405	7.47932
BLOCK13/SES131/SA131S29	SES087	-0.728929	5.87378	6.60271
BLOCK13/SES131/SA131S29	SES104	-1.29614	5.30656	6.60271
BLOCK13/SES131/SA131S29	SES125	-1.83758	4.76513	6.60271
BLOCK13/SES131/SA131S29	SES206	-0.841747	5.76096	6.60271
BLOCK13/SES132/SA132S11	SES083	-0.715256	8.52995	9.2452
BLOCK13/SES132/SA132S11	SES120	1.85542	11.1006	9.2452
BLOCK13/SES132/SA132S11	SES127	0.737287	9.98249	9.2452
BLOCK13/SES132/SA132S11	SES275	0.622974	9.86818	9.2452
BLOCK13/SES132/SA132S12	SES083	-0.304129	9.44794	9.75207
BLOCK13/SES132/SA132S12	SES143	0.454715	10.2068	9.75207
BLOCK13/SES132/SA132S12	SES144	1.49032	11.2424	9.75207
BLOCK13/SES132/SA132S12	SES148	1.51625	11.2683	9.75207
BLOCK13/SES132/SA132S22	SES062	0.864684	10.451	9.58631
BLOCK13/SES132/SA132S22	SES083	-0.51388	9.07243	9.58631
BLOCK13/SES132/SA132S22	SES127	0.437337	10.0236	9.58631
BLOCK13/SES132/SA132S22	SES275	0.557863	10.1442	9.58631
BLOCK13/SES132/SA132S24	SES007	1.35809	11.5591	10.201
BLOCK13/SES132/SA132S24	SES083	-0.13328	10.0677	10.201
BLOCK13/SES132/SA132S24	SES127	0.753252	10.9542	10.201
BLOCK13/SES132/SA132S24	SES275	1.48432	11.6853	10.201
BLOCK13/SES132/SA132S27	SES083	-1.09767	7.83633	8.934
BLOCK13/SES132/SA132S27	SES120	1.26186	10.1959	8.934
BLOCK13/SES132/SA132S27	SES127	-0.377723	8.55628	8.934
BLOCK13/SES132/SA132S27	SES275	-0.608418	8.32558	8.934
BLOCK14/SES141/SA141S09	SES143	0.360168	10.0837	9.72353
BLOCK14/SES141/SA141S09	SES144	1.38097	11.1045	9.72353
BLOCK14/SES141/SA141S09	SES162	0.629875	10.3534	9.72353
BLOCK14/SES141/SA141S09	SES180	0.635694	10.3592	9.72353
BLOCK14/SES141/SA141S15	SES127	0.74782	9.75836	9.01054
BLOCK14/SES141/SA141S15	SES144	0.646049	9.65659	9.01054
BLOCK14/SES141/SA141S15	SES162	-0.423993	8.58655	9.01054
BLOCK14/SES141/SA141S15	SES180	0.626754	9.6373	9.01054
BLOCK14/SES141/SA141S24	SES127	2.07572	11.01	8.93423
BLOCK14/SES141/SA141S24	SES144	1.27673	10.211	8.93423
BLOCK14/SES141/SA141S24	SES162	1.47838	10.4126	8.93423
BLOCK14/SES141/SA141S24	SES183	1.24442	10.1786	8.93423
BLOCK14/SES141/SA141S26	SES142	1.43091	9.8872	8.45629
BLOCK14/SES141/SA141S26	SES144	0.956366	9.41265	8.45629
BLOCK14/SES141/SA141S26	SES172	1.58598	10.0423	8.45629
BLOCK14/SES141/SA141S26	SES180	0.95	9.40629	8.45629
BLOCK14/SES141/SA141S29	SES127	1.91717	10.8137	8.89651
BLOCK14/SES141/SA141S29	SES142	1.25614	10.1526	8.89651
BLOCK14/SES141/SA141S29	SES144	0.836407	9.73291	8.89651
BLOCK14/SES141/SA141S29	SES180	1.20518	10.1017	8.89651
BLOCK15/SES157/SA157S08	SES083	-0.231493	8.82369	9.05518
BLOCK15/SES157/SA157S08	SES127	0.901727	9.95691	9.05518
BLOCK15/SES157/SA157S08	SES148	0.527654	9.58283	9.05518
BLOCK15/SES157/SA157S08	SES292	-0.36473	8.69045	9.05518
BLOCK15/SES157/SA157S11	SES083	0.143105	9.00842	8.86532
BLOCK15/SES157/SA157S11	SES127	1.34831	10.2136	8.86532
BLOCK15/SES157/SA157S11	SES148	0.952209	9.81753	8.86532
BLOCK15/SES157/SA157S11	SES292	0.182628	9.04795	8.86532
BLOCK15/SES157/SA157S21	SES127	1.30593	10.3028	8.99691
BLOCK15/SES157/SA157S21	SES148	1.88132	10.8782	8.99691
BLOCK15/SES157/SA157S21	SES158	-4.14376	4.85315	8.99691
BLOCK15/SES157/SA157S21	SES292	-0.0301142	8.96679	8.99691
BLOCK15/SES157/SA157S24	SES127	1.31563	10.452	9.13639
BLOCK15/SES157/SA157S24	SES148	0.991462	10.1279	9.13639
BLOCK15/SES157/SA157S24	SES183	0.287786	9.42418	9.13639
BLOCK15/SES157/SA157S24	SES292	-0.037611	9.09878	9.13639
BLOCK15/SES157/SA157S26	SES007	1.39574	10.7422	9.34649
BLOCK15/SES157/SA157S26	SES127	1.8859	11.2324	9.34649
BLOCK15/SES157/SA157S26	SES147	0.1096	9.45609	9.34649
BLOCK15/SES157/SA157S26	SES148	1.38035	10.7268	9.34649
BLOCK16/SES161/SA161S10	SES007	0.562997	7.31945	6.75645
BLOCK16/SES161/SA161S10	SES105	0.119556	6.87601	6.75645
BLOCK16/SES161/SA161S10	SES158	0.425354	7.18181	6.75645
BLOCK16/SES161/SA161S10	SES275	0.550028	7.30648	6.75645
BLOCK16/SES161/SA161S12	SES007	-0.834846	7.1928	8.02764
BLOCK16/SES161/SA161S12	SES105	-1.75221	6.27543	8.02764
BLOCK16/SES161/SA161S12	SES158	-0.19365	7.83399	8.02764
BLOCK16/SES161/SA161S12	SES275	0.0336847	8.06133	8.02764
BLOCK16/SES161/SA161S20	SES007	-0.644306	5.73712	6.38142
BLOCK16/SES161/SA161S20	SES105	-1.29052	5.0909	6.38142
BLOCK16/SES161/SA161S20	SES158	0.910513	7.29194	6.38142
BLOCK16/SES161/SA161S20	SES275	-0.625879	5.75554	6.38142
BLOCK16/SES161/SA161S23	SES007	-0.332771	7.66408	7.99685
BLOCK16/SES161/SA161S23	SES105	0.486294	8.48314	7.99685
BLOCK16/SES161/SA161S23	SES148	0.180368	8.17721	7.99685
BLOCK16/SES161/SA161S23	SES158	0.384098	8.38094	7.99685
BLOCK16/SES161/SA161S28	SES007	-0.38015	7.02888	7.40903
BLOCK16/SES161/SA161S28	SES105	-1.26109	6.14794	7.40903
BLOCK16/SES161/SA161S28	SES158	0.671769	8.0808	7.40903
BLOCK16/SES161/SA161S28	SES206	1.11358	8.52261	7.40903
BLOCK16/SES164/SA164S11	SES104	-0.633414	6.3672	7.00061
BLOCK16/SES164/SA164S11	SES125	0.337166	7.33778	7.00061
BLOCK16/SES164/SA164S11	SES158	1.45357	8.45418	7.00061
BLOCK16/SES164/SA164S11	SES206	-0.570566	6.43004	7.00061
BLOCK16/SES164/SA164S13	SES099	-0.149706	5.64353	5.79324
BLOCK16/SES164/SA164S13	SES104	-0.310427	5.48281	5.79324
BLOCK16/SES164/SA164S13	SES125	-0.321794	5.47145	5.79324
BLOCK16/SES164/SA164S13	SES206	-0.608318	5.18492	5.79324
BLOCK16/SES164/SA164S24	SES002	2.31756	8.045	5.72744
BLOCK16/SES164/SA164S24	SES099	0.351532	6.07897	5.72744
BLOCK16/SES164/SA164S24	SES125	0.0736756	5.80111	5.72744
BLOCK16/SES164/SA164S24	SES226	1.634	7.36144	5.72744
BLOCK16/SES164/SA164S27	SES087	-0.419321	5.54384	5.96316
BLOCK16/SES164/SA164S27	SES125	-0.318075	5.64509	5.96316
BLOCK16/SES164/SA164S27	SES206	-1.07791	4.88526	5.96316
BLOCK16/SES164/SA164S27	SES226	0.167707	6.13087	5.96316
BLOCK16/SES164/SA164S29	SES002	1.30903	7.56927	6.26024
BLOCK16/SES164/SA164S29	SES019	-0.778185	5.48206	6.26024
BLOCK16/SES164/SA164S29	SES125	-0.434341	5.8259	6.26024
BLOCK16/SES164/SA164S29	SES226	-0.261921	5.99832	6.26024
BLOCK16/SES169/SA169S13	SES117	0.820859	9.1545	8.33364
BLOCK16/SES169/SA169S13	SES144	0.910163	9.24381	8.33364
BLOCK16/SES169/SA169S13	SES146	0.472149	8.80579	8.33364
BLOCK16/SES169/SA169S13	SES162	0.704741	9.03838	8.33364
BLOCK16/SES169/SA169S14	SES144	0.489681	10.0565	9.56681
BLOCK16/SES169/SA169S14	SES148	0.684823	10.2516	9.56681
BLOCK16/SES169/SA169S14	SES177	1.7541	11.3209	9.56681
BLOCK16/SES169/SA169S14	SES180	0.623421	10.1902	9.56681
BLOCK16/SES169/SA169S24	SES117	0.717549	8.0266	7.30905
BLOCK16/SES169/SA169S24	SES144	0.214373	7.52342	7.30905
BLOCK16/SES169/SA169S24	SES146	0.759535	8.06858	7.30905
BLOCK16/SES169/SA169S24	SES162	-0.122752	7.1863	7.30905
BLOCK16/SES169/SA169S27	SES127	-0.13896	8.10279	8.24175
BLOCK16/SES169/SA169S27	SES129	1.42358	9.66533	8.24175
BLOCK16/SES169/SA169S27	SES144	-0.243119	7.99863	8.24175
BLOCK16/SES169/SA169S27	SES146	1.59262	9.83436	8.24175
BLOCK16/SES169/SA169S29	SES144	1.79797	11.1606	9.36267
BLOCK16/SES169/SA169S29	SES162	1.67414	11.0368	9.36267
BLOCK16/SES169/SA169S29	SES177	0.638763	10.0014	9.36267
BLOCK16/SES169/SA169S29	SES180	1.69737	11.06	9.36267
BLOCK17/SES171/SA171S12	SES083	-0.00055027	7.01637	7.01692
BLOCK17/SES171/SA171S12	SES148	0.248298	7.26522	7.01692
BLOCK17/SES171/SA171S12	SES172	0.316404	7.33332	7.01692
BLOCK17/SES171/SA171S12	SES292	-1.10883	5.90809	7.01692
BLOCK17/SES171/SA171S15	SES148	0.125037	8.33851	8.21347
BLOCK17/SES171/SA171S15	SES177	0.272172	8.48564	8.21347
BLOCK17/SES171/SA171S15	SES180	-0.867284	7.34619	8.21347
BLOCK17/SES171/SA171S15	SES292	-0.392252	7.82122	8.21347
BLOCK17/SES171/SA171S22	SES007	0.711946	9.84339	9.13144
BLOCK17/SES171/SA171S22	SES148	1.2305	10.3619	9.13144
BLOCK17/SES171/SA171S22	SES177	1.81719	10.9486	9.13144
BLOCK17/SES171/SA171S22	SES180	0.028985	9.16043	9.13144
BLOCK17/SES171/SA171S25	SES101	1.5952	8.34038	6.74518
BLOCK17/SES171/SA171S25	SES120	-0.0637093	6.68147	6.74518
BLOCK17/SES171/SA171S25	SES177	1.11229	7.85747	6.74518
BLOCK17/SES171/SA171S25	SES180	0.291556	7.03673	6.74518
BLOCK17/SES171/SA171S27	SES177	1.1661	9.19398	8.02788
BLOCK17/SES171/SA171S27	SES180	-0.170437	7.85744	8.02788
BLOCK17/SES171/SA171S27	SES189	1.40966	9.43754	8.02788
BLOCK17/SES171/SA171S27	SES292	-0.0440426	7.98384	8.02788
BLOCK17/SES173/SA173S13	SES162	-1.88733	6.57985	8.46719
BLOCK17/SES173/SA173S13	SES177	0.187398	8.65458	8.46719
BLOCK17/SES173/SA173S13	SES180	-1.31139	7.1558	8.46719
BLOCK17/SES173/SA173S13	SES292	1.86789	10.3351	8.46719
BLOCK17/SES173/SA173S14	SES007	0.556714	8.81322	8.25651
BLOCK17/SES173/SA173S14	SES162	-1.33415	6.92236	8.25651
BLOCK17/SES173/SA173S14	SES177	0.377844	8.63435	8.25651
BLOCK17/SES173/SA173S14	SES180	-0.820839	7.43567	8.25651
BLOCK17/SES173/SA173S24	SES144	0.414845	7.18684	6.772
BLOCK17/SES173/SA173S24	SES162	-1.19758	5.57442	6.772
BLOCK17/SES173/SA173S24	SES177	0.960069	7.73207	6.772
BLOCK17/SES173/SA173S24	SES180	-0.254194	6.5178	6.772
BLOCK17/SES173/SA173S27	SES162	-1.15222	6.83802	7.99024
BLOCK17/SES173/SA173S27	SES177	0.00209665	7.99234	7.99024
BLOCK17/SES173/SA173S27	SES180	-0.0508814	7.93936	7.99024
BLOCK17/SES173/SA173S27	SES292	1.81667	9.80692	7.99024
BLOCK17/SES173/SA173S29	SES162	0.0483971	7.11891	7.07051
BLOCK17/SES173/SA173S29	SES175	0.585167	7.65568	7.07051
BLOCK17/SES173/SA173S29	SES177	1.61554	8.68605	7.07051
BLOCK17/SES173/SA173S29	SES292	0.495314	7.56582	7.07051
BLOCK18/SES182/SA182S10	SES144	0.237233	8.87128	8.63405
BLOCK18/SES182/SA182S10	SES177	-0.0748634	8.55918	8.63405
BLOCK18/SES182/SA182S10	SES180	-1.62495	7.0091	8.63405
BLOCK18/SES182/SA182S10	SES275	0.543621	9.17767	8.63405
BLOCK18/SES182/SA182S12	SES144	1.38002	11.6109	10.2309
BLOCK18/SES182/SA182S12	SES177	1.11035	11.3413	10.2309
BLOCK18/SES182/SA182S12	SES180	0.271317	10.5022	10.2309
BLOCK18/SES182/SA182S12	SES275	1.20319	11.4341	10.2309
BLOCK18/SES182/SA182S21	SES117	0.157558	7.96957	7.81202
BLOCK18/SES182/SA182S21	SES144	0.202122	8.01414	7.81202
BLOCK18/SES182/SA182S21	SES162	0.355553	8.16757	7.81202
BLOCK18/SES182/SA182S21	SES180	-1.15644	6.65557	7.81202
BLOCK18/SES182/SA182S23	SES117	0.27437	8.89773	8.62336
BLOCK18/SES182/SA182S23	SES144	0.241638	8.865	8.62336
BLOCK18/SES182/SA182S23	SES180	-0.849885	7.77347	8.62336
BLOCK18/SES182/SA182S23	SES275	1.22259	9.84595	8.62336
BLOCK18/SES182/SA182S25	SES007	1.41685	9.46966	8.05281
BLOCK18/SES182/SA182S25	SES162	0.620808	8.67362	8.05281
BLOCK18/SES182/SA182S25	SES177	0.430983	8.48379	8.05281
BLOCK18/SES182/SA182S25	SES180	-0.63044	7.42237	8.05281
BLOCK18/SES184/SA184S12	SES177	0.403266	8.36296	7.95969
BLOCK18/SES184/SA184S12	SES180	0.69866	8.65835	7.95969
BLOCK18/SES184/SA184S12	SES189	1.12623	9.08592	7.95969
BLOCK18/SES184/SA184S12	SES292	0.822535	8.78223	7.95969
BLOCK18/SES184/SA184S13	SES101	1.30216	8.9872	7.68504
BLOCK18/SES184/SA184S13	SES177	0.474638	8.15967	7.68504
BLOCK18/SES184/SA184S13	SES180	0.417046	8.10208	7.68504
BLOCK18/SES184/SA184S13	SES292	-0.0662117	7.61883	7.68504
BLOCK18/SES184/SA184S22	SES177	0.958607	8.72104	7.76243
BLOCK18/SES184/SA184S22	SES180	1.16344	8.92587	7.76243
BLOCK18/SES184/SA184S22	SES189	1.08202	8.84445	7.76243
BLOCK18/SES184/SA184S22	SES292	0.555385	8.31782	7.76243
BLOCK18/SES184/SA184S25	SES101	1.46405	10.0764	8.61232
BLOCK18/SES184/SA184S25	SES177	0.231964	8.84428	8.61232
BLOCK18/SES184/SA184S25	SES180	0.980078	9.59239	8.61232
BLOCK18/SES184/SA184S25	SES292	0.576226	9.18854	8.61232
BLOCK18/SES184/SA184S27	SES083	-0.016468	8.11268	8.12914
BLOCK18/SES184/SA184S27	SES177	0.332743	8.46189	8.12914
BLOCK18/SES184/SA184S27	SES202	-0.00136185	8.12778	8.12914
BLOCK18/SES184/SA184S27	SES292	-0.178934	7.95021	8.12914
BLOCK20/SES204/SA204S12	SES062	1.75695	9.99101	8.23407
BLOCK20/SES204/SA204S12	SES083	-0.422668	7.8114	8.23407
BLOCK20/SES204/SA204S12	SES206	1.85241	10.0865	8.23407
BLOCK20/SES204/SA204S12	SES226	0.751215	8.98528	8.23407
BLOCK20/SES204/SA204S14	SES068	1.52816	11.3918	9.86369
BLOCK20/SES204/SA204S14	SES087	2.32518	12.1889	9.86369
BLOCK20/SES204/SA204S14	SES206	1.3536	11.2173	9.86369
BLOCK20/SES204/SA204S14	SES226	-0.0523376	9.81135	9.86369
BLOCK20/SES204/SA204S22	SES068	1.40999	9.52553	8.11554
BLOCK20/SES204/SA204S22	SES082	0.150202	8.26574	8.11554
BLOCK20/SES204/SA204S22	SES083	-0.497838	7.6177	8.11554
BLOCK20/SES204/SA204S22	SES206	1.56929	9.68483	8.11554
BLOCK20/SES204/SA204S25	SES062	1.08705	9.58071	8.49367
BLOCK20/SES204/SA204S25	SES083	-0.6457	7.84797	8.49367
BLOCK20/SES204/SA204S25	SES206	1.98726	10.4809	8.49367
BLOCK20/SES204/SA204S25	SES226	0.620373	9.11404	8.49367
BLOCK20/SES204/SA204S27	SES068	1.23821	8.75043	7.51222
BLOCK20/SES204/SA204S27	SES082	0.152599	7.66482	7.51222
BLOCK20/SES204/SA204S27	SES087	1.75576	9.26798	7.51222
BLOCK20/SES204/SA204S27	SES206	1.0046	8.51682	7.51222
BLOCK20/SES207/SA207S10	SES127	0.807552	9.18084	8.37329
BLOCK20/SES207/SA207S10	SES183	1.02033	9.39362	8.37329
BLOCK20/SES207/SA207S10	SES189	0.910625	9.28391	8.37329
BLOCK20/SES207/SA207S10	SES292	0.506912	8.8802	8.37329
BLOCK20/SES207/SA207S11	SES127	-0.450235	8.14513	8.59537
BLOCK20/SES207/SA207S11	SES183	0.52041	9.11578	8.59537
BLOCK20/SES207/SA207S11	SES187	0.70885	9.30422	8.59537
BLOCK20/SES207/SA207S11	SES292	0.558975	9.15434	8.59537
BLOCK20/SES207/SA207S25	SES068	0.809261	8.61843	7.80917
BLOCK20/SES207/SA207S25	SES083	0.675782	8.48495	7.80917
BLOCK20/SES207/SA207S25	SES127	2.1429	9.95207	7.80917
BLOCK20/SES207/SA207S25	SES187	2.08551	9.89469	7.80917
BLOCK20/SES207/SA207S27	SES127	0.4113	8.04472	7.63342
BLOCK20/SES207/SA207S27	SES183	0.821978	8.4554	7.63342
BLOCK20/SES207/SA207S27	SES187	1.15469	8.78811	7.63342
BLOCK20/SES207/SA207S27	SES292	0.330114	7.96353	7.63342
BLOCK20/SES207/SA207S29	SES083	0.0448208	8.0962	8.05138
BLOCK20/SES207/SA207S29	SES085	1.49321	9.54459	8.05138
BLOCK20/SES207/SA207S29	SES172	2.08973	10.1411	8.05138
BLOCK20/SES207/SA207S29	SES189	0.634806	8.68619	8.05138
BLOCK22/SES221/SA221S12	SES068	2.56703	11.2695	8.70242
BLOCK22/SES221/SA221S12	SES143	0.379596	9.08202	8.70242
BLOCK22/SES221/SA221S12	SES175	1.78769	10.4901	8.70242
BLOCK22/SES221/SA221S12	SES202	1.82801	10.5304	8.70242
BLOCK22/SES221/SA221S15	SES085	1.889	9.76654	7.87755
BLOCK22/SES221/SA221S15	SES143	-0.312637	7.56491	7.87755
BLOCK22/SES221/SA221S15	SES175	0.822841	8.70039	7.87755
BLOCK22/SES221/SA221S15	SES187	1.01425	8.89179	7.87755
BLOCK22/SES221/SA221S23	SES068	2.63548	11.0339	8.39842
BLOCK22/SES221/SA221S23	SES143	0.530036	8.92845	8.39842
BLOCK22/SES221/SA221S23	SES175	2.0236	10.422	8.39842
BLOCK22/SES221/SA221S23	SES189	1.31902	9.71743	8.39842
BLOCK22/SES221/SA221S27	SES085	3.31793	11.6849	8.36698
BLOCK22/SES221/SA221S27	SES143	0.881828	9.24881	8.36698
BLOCK22/SES221/SA221S27	SES175	1.60441	9.97139	8.36698
BLOCK22/SES221/SA221S27	SES189	2.31704	10.684	8.36698
BLOCK22/SES221/SA221S29	SES085	2.96306	10.7256	7.76255
BLOCK22/SES221/SA221S29	SES143	1.20872	8.97127	7.76255
BLOCK22/SES221/SA221S29	SES175	2.26196	10.0245	7.76255
BLOCK22/SES221/SA221S29	SES187	2.06205	9.8246	7.76255
BLOCK22/SES223/SA223S11	SES143	-0.0794983	6.80066	6.88016
BLOCK22/SES223/SA223S11	SES144	-1.14742	5.73274	6.88016
BLOCK22/SES223/SA223S11	SES175	0.785542	7.6657	6.88016
BLOCK22/SES223/SA223S11	SES187	0.250909	7.13107	6.88016
BLOCK22/SES223/SA223S13	SES068	1.6044	7.957	6.35259
BLOCK22/SES223/SA223S13	SES143	0.0180011	6.3706	6.35259
BLOCK22/SES223/SA223S13	SES146	-0.0386147	6.31398	6.35259
BLOCK22/SES223/SA223S13	SES202	-0.18043	6.17216	6.35259
BLOCK22/SES223/SA223S22	SES143	0.111813	6.77437	6.66256
BLOCK22/SES223/SA223S22	SES144	-0.854955	5.80761	6.66256
BLOCK22/SES223/SA223S22	SES175	0.913846	7.57641	6.66256
BLOCK22/SES223/SA223S22	SES187	0.838381	7.50094	6.66256
BLOCK22/SES223/SA223S25	SES068	1.61056	9.02886	7.4183
BLOCK22/SES223/SA223S25	SES143	-0.091042	7.32726	7.4183
BLOCK22/SES223/SA223S25	SES175	1.47423	8.89253	7.4183
BLOCK22/SES223/SA223S25	SES187	0.554752	7.97305	7.4183
BLOCK22/SES223/SA223S27	SES143	-0.286023	6.61247	6.89849
BLOCK22/SES223/SA223S27	SES146	0.193804	7.09229	6.89849
BLOCK22/SES223/SA223S27	SES187	-0.19385	6.70464	6.89849
BLOCK22/SES223/SA223S27	SES292	1.13519	8.03368	6.89849
BLOCK27/SES273/SA273S12	SES099	1.49843	10.3871	8.8887
BLOCK27/SES273/SA273S12	SES104	1.04383	9.93253	8.8887
BLOCK27/SES273/SA273S12	SES125	0.269236	9.15793	8.8887
BLOCK27/SES273/SA273S12	SES206	1.52731	10.416	8.8887
BLOCK27/SES273/SA273S13	SES099	0.587195	9.99739	9.41019
BLOCK27/SES273/SA273S13	SES104	0.635645	10.0458	9.41019
BLOCK27/SES273/SA273S13	SES206	0.883419	10.2936	9.41019
BLOCK27/SES273/SA273S13	SES292	0.577916	9.98811	9.41019
BLOCK27/SES273/SA273S21	SES099	1.80465	10.4822	8.67758
BLOCK27/SES273/SA273S21	SES148	-0.0788937	8.59869	8.67758
BLOCK27/SES273/SA273S21	SES149	0.3436	9.02118	8.67758
BLOCK27/SES273/SA273S21	SES177	0.833311	9.51089	8.67758
BLOCK27/SES273/SA273S25	SES104	0.524132	8.83547	8.31134
BLOCK27/SES273/SA273S25	SES125	0.682706	8.99405	8.31134
BLOCK27/SES273/SA273S25	SES158	1.44546	9.7568	8.31134
BLOCK27/SES273/SA273S25	SES206	1.70849	10.0198	8.31134
BLOCK27/SES273/SA273S27	SES099	1.08859	10.6058	9.51722
BLOCK27/SES273/SA273S27	SES104	0.638495	10.1557	9.51722
BLOCK27/SES273/SA273S27	SES149	1.37404	10.8913	9.51722
BLOCK27/SES273/SA273S27	SES275	0.60301	10.1202	9.51722
BLOCK27/SES274/SA274S10	SES105	0.11424	9.90411	9.78987
BLOCK27/SES274/SA274S10	SES125	-1.05849	8.73138	9.78987
BLOCK27/SES274/SA274S10	SES129	1.64825	11.4381	9.78987
BLOCK27/SES274/SA274S10	SES158	-1.46747	8.3224	9.78987
BLOCK27/SES274/SA274S11	SES105	1.0541	10.5814	9.52726
BLOCK27/SES274/SA274S11	SES149	0.451662	9.97892	9.52726
BLOCK27/SES274/SA274S11	SES158	0.68033	10.2076	9.52726
BLOCK27/SES274/SA274S11	SES275	1.85821	11.3855	9.52726
BLOCK27/SES274/SA274S21	SES105	0.265468	9.85945	9.59399
BLOCK27/SES274/SA274S21	SES129	1.94785	11.5418	9.59399
BLOCK27/SES274/SA274S21	SES149	0.928376	10.5224	9.59399
BLOCK27/SES274/SA274S21	SES158	-1.5287	8.06528	9.59399
BLOCK27/SES274/SA274S24	SES105	0.535142	9.78288	9.24774
BLOCK27/SES274/SA274S24	SES129	1.75426	11.002	9.24774
BLOCK27/SES274/SA274S24	SES149	-0.033	9.21474	9.24774
BLOCK27/SES274/SA274S24	SES158	-2.22629	7.02145	9.24774
BLOCK27/SES274/SA274S29	SES105	0.457773	9.39781	8.94003
BLOCK27/SES274/SA274S29	SES106	-0.379293	8.56074	8.94003
BLOCK27/SES274/SA274S29	SES120	1.20812	10.1482	8.94003
BLOCK27/SES274/SA274S29	SES275	1.16959	10.1096	8.94003
BLOCK27/SES276/SA276S16	SES148	0.848607	8.54375	7.69514
BLOCK27/SES276/SA276S16	SES172	1.4633	9.15844	7.69514
BLOCK27/SES276/SA276S16	SES180	0.966716	8.66186	7.69514
BLOCK27/SES276/SA276S16	SES292	0.961256	8.6564	7.69514
BLOCK27/SES276/SA276S17	SES101	1.86569	10.3098	8.44412
BLOCK27/SES276/SA276S17	SES177	1.28529	9.72942	8.44412
BLOCK27/SES276/SA276S17	SES180	1.52646	9.97059	8.44412
BLOCK27/SES276/SA276S17	SES292	1.04369	9.48781	8.44412
BLOCK27/SES276/SA276S24	SES101	2.35281	11.4521	9.09931
BLOCK27/SES276/SA276S24	SES177	1.63903	10.7383	9.09931
BLOCK27/SES276/SA276S24	SES180	0.983426	10.0827	9.09931
BLOCK27/SES276/SA276S24	SES292	0.282488	9.3818	9.09931
BLOCK27/SES276/SA276S26	SES101	1.59507	10.5014	8.90633
BLOCK27/SES276/SA276S26	SES177	2.39334	11.2997	8.90633
BLOCK27/SES276/SA276S26	SES180	2.94865	11.855	8.90633
BLOCK27/SES276/SA276S26	SES292	2.73279	11.6391	8.90633
BLOCK27/SES276/SA276S28	SES101	2.36705	11.3955	9.02843
BLOCK27/SES276/SA276S28	SES177	1.72599	10.7544	9.02843
BLOCK27/SES276/SA276S28	SES180	2.6977	11.7261	9.02843
BLOCK27/SES276/SA276S28	SES292	2.12411	11.1525	9.02843
BLOCK27/SES277/SA277S12	SES101	1.53019	9.17778	7.64758
BLOCK27/SES277/SA277S12	SES177	0.0011797	7.64876	7.64758
BLOCK27/SES277/SA277S12	SES180	-0.971021	6.67656	7.64758
BLOCK27/SES277/SA277S12	SES292	-0.645782	7.0018	7.64758
BLOCK27/SES277/SA277S14	SES177	1.02275	8.04946	7.0267
BLOCK27/SES277/SA277S14	SES180	-0.947984	6.07872	7.0267
BLOCK27/SES277/SA277S14	SES189	1.38697	8.41367	7.0267
BLOCK27/SES277/SA277S14	SES292	-0.663645	6.36306	7.0267
BLOCK27/SES277/SA277S21	SES177	1.63026	9.96495	8.33469
BLOCK27/SES277/SA277S21	SES180	-0.0654612	8.26923	8.33469
BLOCK27/SES277/SA277S21	SES189	2.32184	10.6565	8.33469
BLOCK27/SES277/SA277S21	SES292	-0.202634	8.13206	8.33469
BLOCK27/SES277/SA277S24	SES144	-0.116909	6.51124	6.62815
BLOCK27/SES277/SA277S24	SES177	0.390513	7.01866	6.62815
BLOCK27/SES277/SA277S24	SES180	-1.67322	4.95493	6.62815
BLOCK27/SES277/SA277S24	SES189	1.12155	7.7497	6.62815
BLOCK27/SES277/SA277S29	SES177	1.11613	9.99518	8.87905
BLOCK27/SES277/SA277S29	SES180	0.030797	8.90985	8.87905
BLOCK27/SES277/SA277S29	SES202	0.83005	9.7091	8.87905
BLOCK27/SES277/SA277S29	SES292	-0.495462	8.38359	8.87905
BLOCK27/SES279/SA279S09	SES120	1.04664	9.64013	8.59349
BLOCK27/SES279/SA279S09	SES146	-0.36822	8.22527	8.59349
BLOCK27/SES279/SA279S09	SES206	1.17853	9.77202	8.59349
BLOCK27/SES279/SA279S09	SES226	-0.213917	8.37958	8.59349
BLOCK27/SES279/SA279S10	SES099	1.95063	10.5123	8.56169
BLOCK27/SES279/SA279S10	SES206	1.18764	9.74934	8.56169
BLOCK27/SES279/SA279S10	SES226	0.357922	8.91961	8.56169
BLOCK27/SES279/SA279S10	SES292	1.02421	9.5859	8.56169
BLOCK27/SES279/SA279S20	SES099	0.362394	8.23536	7.87297
BLOCK27/SES279/SA279S20	SES206	0.855974	8.72894	7.87297
BLOCK27/SES279/SA279S20	SES226	-0.14882	7.72415	7.87297
BLOCK27/SES279/SA279S20	SES292	0.975587	8.84856	7.87297
BLOCK27/SES279/SA279S26	SES099	1.73794	9.1022	7.36426
BLOCK27/SES279/SA279S26	SES206	2.76807	10.1323	7.36426
BLOCK27/SES279/SA279S26	SES226	0.852279	8.21654	7.36426
BLOCK27/SES279/SA279S26	SES292	1.84531	9.20957	7.36426
BLOCK27/SES279/SA279S28	SES099	1.71258	11.6094	9.89677
BLOCK27/SES279/SA279S28	SES120	1.74183	11.6386	9.89677
BLOCK27/SES279/SA279S28	SES177	1.33993	11.2367	9.89677
BLOCK27/SES279/SA279S28	SES206	2.03326	11.93	9.89677
BLOCK29/SES290/SA290S12	SES162	2.1656	12.0218	9.85624
BLOCK29/SES290/SA290S12	SES177	2.4963	12.3525	9.85624
BLOCK29/SES290/SA290S12	SES180	1.20818	11.0644	9.85624
BLOCK29/SES290/SA290S12	SES292	0.754066	10.6103	9.85624
BLOCK29/SES290/SA290S13	SES007	1.90892	10.5063	8.59741
BLOCK29/SES290/SA290S13	SES162	0.664837	9.26225	8.59741
BLOCK29/SES290/SA290S13	SES177	2.28668	10.8841	8.59741
BLOCK29/SES290/SA290S13	SES180	1.76124	10.3586	8.59741
BLOCK29/SES290/SA290S22	SES177	1.95639	11.2319	9.27553
BLOCK29/SES290/SA290S22	SES180	1.1759	10.4514	9.27553
BLOCK29/SES290/SA290S22	SES202	1.01079	10.2863	9.27553
BLOCK29/SES290/SA290S22	SES292	0.788151	10.0637	9.27553
BLOCK29/SES290/SA290S25	SES162	1.03841	10.8454	9.807
BLOCK29/SES290/SA290S25	SES177	1.59879	11.4058	9.807
BLOCK29/SES290/SA290S25	SES180	1.28117	11.0882	9.807
BLOCK29/SES290/SA290S25	SES292	1.59424	11.4012	9.807
BLOCK29/SES290/SA290S29	SES177	1.78236	11.2574	9.47508
BLOCK29/SES290/SA290S29	SES180	1.64452	11.1196	9.47508
BLOCK29/SES290/SA290S29	SES275	1.06562	10.5407	9.47508
BLOCK29/SES290/SA290S29	SES292	1.2368	10.7119	9.47508
BLOCK29/SES291/SA291S11	SES105	-1.37694	4.94951	6.32645
BLOCK29/SES291/SA291S11	SES125	1.2323	7.55875	6.32645
BLOCK29/SES291/SA291S11	SES158	1.28677	7.61322	6.32645
BLOCK29/SES291/SA291S11	SES275	-0.889836	5.43661	6.32645
BLOCK29/SES291/SA291S12	SES158	3.11128	9.90059	6.78931
BLOCK29/SES291/SA291S12	SES226	1.33951	8.12882	6.78931
BLOCK29/SES291/SA291S12	SES270	3.34483	10.1341	6.78931
BLOCK29/SES291/SA291S12	SES275	-2.00997	4.77935	6.78931
BLOCK29/SES291/SA291S22	SES082	0.873898	8.18523	7.31133
BLOCK29/SES291/SA291S22	SES158	1.08465	8.39598	7.31133
BLOCK29/SES291/SA291S22	SES259	0.599765	7.9111	7.31133
BLOCK29/SES291/SA291S22	SES275	-1.22904	6.08229	7.31133
BLOCK29/SES291/SA291S24	SES104	2.50097	10.8132	8.31226
BLOCK29/SES291/SA291S24	SES125	1.95565	10.2679	8.31226
BLOCK29/SES291/SA291S24	SES158	2.11899	10.4313	8.31226
BLOCK29/SES291/SA291S24	SES275	-0.908221	7.40404	8.31226
BLOCK29/SES291/SA291S27	SES158	3.4219	10.6163	7.19441
BLOCK29/SES291/SA291S27	SES172	-0.855704	6.3387	7.19441
BLOCK29/SES291/SA291S27	SES275	-1.0621	6.13231	7.19441
BLOCK29/SES291/SA291S27	SES292	0.456635	7.65104	7.19441
