BLOCK00/SES002/SA002S12	SES002	2.40887	-7.71474	-10.1236
BLOCK00/SES002/SA002S13	SES002	4.03392	-7.67686	-11.7108
BLOCK00/SES002/SA002S23	SES002	2.73208	-7.69737	-10.4295
BLOCK00/SES002/SA002S26	SES002	2.80927	-9.04339	-11.8527
BLOCK00/SES002/SA002S28	SES002	2.37941	-7.80488	-10.1843
BLOCK00/SES007/SA007S14	SES007	3.00571	-6.2136	-9.21931
BLOCK00/SES007/SA007S15	SES007	2.60033	-7.34434	-9.94467
BLOCK00/SES007/SA007S24	SES007	2.83993	-6.71465	-9.55458
BLOCK00/SES007/SA007S27	SES007	2.79359	-8.23377	-11.0274
BLOCK00/SES007/SA007S29	SES007	1.70978	-7.30544	-9.01522
BLOCK00/SES008/SA008S11	SES008	2.29942	-6.48569	-8.7851
BLOCK00/SES008/SA008S12	SES008	1.57278	-7.25703	-8.82982
BLOCK00/SES008/SA008S19	SES008	2.83894	-6.61305	-9.452
BLOCK00/SES008/SA008S22	SES008	2.23856	-7.3763	-9.61486
BLOCK00/SES008/SA008S29	SES008	2.82753	-6.26815	-9.09568
BLOCK01/SES014/SA014S10	SES014	3.27978	-7.10478	-10.3846
BLOCK01/SES014/SA014S12	SES014	3.87931	-6.63246	-10.5118
BLOCK01/SES014/SA014S24	SES014	3.80916	-7.05562	-10.8648
BLOCK01/SES014/SA014S26	SES014	4.61541	-6.17223	-10.7876
BLOCK01/SES014/SA014S28	SES014	4.28334	-5.74805	-10.0314
BLOCK01/SES016/SA016S12	SES016	3.20813	-8.49717	-11.7053
BLOCK01/SES016/SA016S13	SES016	3.55615	-7.01121	-10.5674
BLOCK01/SES016/SA016S22	SES016	3.28578	-6.6452	-9.93099
BLOCK01/SES016/SA016S25	SES016	3.72416	-5.2103	-8.93446
BLOCK01/SES016/SA016S27	SES016	4.02123	-6.30466	-10.3259
BLOCK01/SES019/SA019S13	SES019	4.79573	-6.15014	-10.9459
BLOCK01/SES019/SA019S14	SES019	2.84631	-8.19417	-11.0405
BLOCK01/SES019/SA019S22	SES019	4.4343	-6.43002	-10.8643
BLOCK01/SES019/SA019S25	SES019	4.19462	-6.98193	-11.1766
BLOCK01/SES019/SA019S29	SES019	5.58269	-6.57769	-12.1604
BLOCK02/SES029/SA029S11	SES029	2.98603	-6.36527	-9.3513
BLOCK02/SES029/SA029S12	SES029	2.58924	-6.87241	-9.46165
BLOCK02/SES029/SA029S20	SES029	2.93033	-6.35923	-9.28956
BLOCK02/SES029/SA029S25	SES029	2.68867	-7.10677	-9.79544
BLOCK02/SES029/SA029S28	SES029	2.76826	-6.79571	-9.56397
BLOCK04/SES042/SA042S12	SES042	3.42221	-6.69476	-10.117
BLOCK04/SES042/SA042S15	SES042	3.78796	-5.99499	-9.78295
BLOCK04/SES042/SA042S22	SES042	5.40905	-7.07039	-12.4794
BLOCK04/SES042/SA042S25	SES042	3.27439	-8.76025	-12.0346
BLOCK04/SES042/SA042S27	SES042	4.98572	-7.23949	-12.2252
BLOCK04/SES048/SA048S11	SES048	3.07919	-6.2407	-9.31989
BLOCK04/SES048/SA048S12	SES048	2.32495	-7.67534	-10.0003
BLOCK04/SES048/SA048S20	SES048	3.49097	-6.40186	-9.89283
BLOCK04/SES048/SA048S23	SES048	2.9345	-6.75676	-9.69126
BLOCK04/SES048/SA048S27	SES048	2.51826	-7.41295	-9.93121
BLOCK06/SES060/SA060S11	SES060	3.50016	-6.9196	-10.4198
BLOCK06/SES060/SA060S12	SES060	2.93259	-7.99824	-10.9308
BLOCK06/SES060/SA060S22	SES060	1.12933	-9.44069	-10.57
BLOCK06/SES060/SA060S24	SES060	3.30248	-5.65289	-8.95537
BLOCK06/SES060/SA060S28	SES060	2.96926	-5.92546	-8.89472
BLOCK06/SES062/SA062S10	SES062	2.68219	-7.15836	-9.84055
BLOCK06/SES062/SA062S11	SES062	2.10759	-8.12815	-10.2357
BLOCK06/SES062/SA062S21	SES062	3.03117	-5.52461	-8.55578
BLOCK06/SES062/SA062S26	SES062	2.50028	-7.0478	-9.54807
BLOCK06/SES062/SA062S29	SES062	2.93013	-6.30606	-9.23618
BLOCK06/SES068/SA068S14	SES068	2.53116	-7.39376	-9.92491
BLOCK06/SES068/SA068S15	SES068	2.77253	-7.11348	-9.88601
BLOCK06/SES068/SA068S23	SES068	2.50536	-7.27848	-9.78384
BLOCK06/SES068/SA068S27	SES068	3.68165	-6.2839	-9.96554
BLOCK06/SES068/SA068S29	SES068	2.53214	-7.40337	-9.93551
BLOCK08/SES082/SA082S12	SES082	1.18945	-8.43958	-9.62903
BLOCK08/SES082/SA082S14	SES082	1.91427	-8.35557	-10.2698
BLOCK08/SES082/SA082S21	SES082	2.18421	-7.3021	-9.48631
BLOCK08/SES082/SA082S24	SES082	1.67865	-8.05251	-9.73116
BLOCK08/SES082/SA082S28	SES082	2.35045	-7.70199	-10.0524
BLOCK08/SES083/SA083S14	SES083	2.99774	-7.04907	-10.0468
BLOCK08/SES083/SA083S15	SES083	2.77891	-6.79825	-9.57716
BLOCK08/SES083/SA083S24	SES083	2.27384	-7.4126	-9.68644
BLOCK08/SES083/SA083S26	SES083	2.49776	-8.0928	-10.5906
BLOCK08/SES083/SA083S29	SES083	2.1409	-7.95434	-10.0952
BLOCK08/SES085/SA085S10	SES085	2.97801	-6.09381	-9.07182
BLOCK08/SES085/SA085S13	SES085	1.95095	-8.07064	-10.0216
BLOCK08/SES085/SA085S22	SES085	2.98607	-6.71511	-9.70119
BLOCK08/SES085/SA085S26	SES085	2.85307	-7.58745	-10.4405
BLOCK08/SES085/SA085S28	SES085	2.11785	-7.23716	-9.35501
BLOCK08/SES087/SA087S15	SES087	3.27186	-7.6401	-10.912
BLOCK08/SES087/SA087S16	SES087	4.14186	-7.28738	-11.4292
BLOCK08/SES087/SA087S24	SES087	4.35673	-7.17989	-11.5366
BLOCK08/SES087/SA087S26	SES087	3.87533	-6.503	-10.3783
BLOCK08/SES087/SA087S29	SES087	3.97028	-6.36527	-10.3355
BLOCK09/SES099/SA099S15	SES099	3.66911	-7.8443	-11.5134
BLOCK09/SES099/SA099S16	SES099	2.90997	-7.24661	-10.1566
BLOCK09/SES099/SA099S24	SES099	3.15378	-7.44701	-10.6008
BLOCK09/SES099/SA099S26	SES099	3.83805	-6.98311	-10.8212
BLOCK09/SES099/SA099S29	SES099	2.82823	-7.93399	-10.7622
BLOCK10/SES101/SA101S11	SES101	2.99396	-6.27716	-9.27112
BLOCK10/SES101/SA101S13	SES101	3.69264	-5.44758	-9.14022
BLOCK10/SES101/SA101S22	SES101	3.15565	-7.75267	-10.9083
BLOCK10/SES101/SA101S24	SES101	3.43113	-6.52058	-9.95171
BLOCK10/SES101/SA101S28	SES101	3.07898	-7.06704	-10.146
BLOCK10/SES104/SA104S11	SES104	2.81688	-6.74176	-9.55864
BLOCK10/SES104/SA104S12	SES104	2.35253	-7.53976	-9.89229
BLOCK10/SES104/SA104S21	SES104	2.95888	-7.81999	-10.7789
BLOCK10/SES104/SA104S24	SES104	2.35641	-8.14176	-10.4982
BLOCK10/SES104/SA104S28	SES104	3.68927	-7.14737	-10.8366
BLOCK10/SES105/SA105S12	SES105	2.74111	-7.58886	-10.33
BLOCK10/SES105/SA105S13	SES105	2.45008	-7.42659	-9.87667
BLOCK10/SES105/SA105S22	SES105	2.35734	-8.19863	-10.556
BLOCK10/SES105/SA105S26	SES105	3.18062	-7.79335	-10.974
BLOCK10/SES105/SA105S29	SES105	3.46806	-6.20499	-9.67305
BLOCK10/SES106/SA106S09	SES106	3.32273	-7.72323	-11.046
BLOCK10/SES106/SA106S11	SES106	3.45788	-6.81305	-10.2709
BLOCK10/SES106/SA106S22	SES106	4.24024	-7.31409	-11.5543
BLOCK10/SES106/SA106S27	SES106	2.89587	-6.95367	-9.84954
BLOCK10/SES106/SA106S29	SES106	2.7943	-6.22686	-9.02116
BLOCK11/SES117/SA117S12	SES117	2.8367	-7.8679	-10.7046
BLOCK11/SES117/SA117S13	SES117	2.17649	-8.10052	-10.277
BLOCK11/SES117/SA117S23	SES117	2.58665	-8.43511	-11.0218
BLOCK11/SES117/SA117S25	SES117	2.49285	-7.6732	-10.1661
BLOCK11/SES117/SA117S28	SES117	2.90037	-7.62842	-10.5288
BLOCK12/SES120/SA120S08	SES120	3.2445	-7.72352	-10.968
BLOCK12/SES120/SA120S11	SES120	4.58024	-9.90728	-14.4875
BLOCK12/SES120/SA120S22	SES120	2.1273	-7.19775	-9.32505
BLOCK12/SES120/SA120S24	SES120	2.48898	-8.12675	-10.6157
BLOCK12/SES120/SA120S28	SES120	2.38218	-8.14023	-10.5224
BLOCK12/SES125/SA125S13	SES125	3.35876	-6.97962	-10.3384
BLOCK12/SES125/SA125S14	SES125	3.21484	-7.50667	-10.7215
BLOCK12/SES125/SA125S25	SES125	3.02893	-7.83082	-10.8597
BLOCK12/SES125/SA125S27	SES125	3.25874	-6.54976	-9.80849
BLOCK12/SES125/SA125S29	SES125	2.57806	-7.09247	-9.67053
BLOCK12/SES127/SA127S11	SES127	2.2108	-7.61612	-9.82691
BLOCK12/SES127/SA127S12	SES127	2.28297	-6.02172	-8.30469
BLOCK12/SES127/SA127S23	SES127	2.17666	-6.64312	-8.81978
BLOCK12/SES127/SA127S25	SES127	2.2423	-6.59054	-8.83284
BLOCK12/SES127/SA127S27	SES127	2.65274	-6.62121	-9.27395
BLOCK12/SES129/SA129S11	SES129	3.03885	-6.02208	-9.06092
BLOCK12/SES129/SA129S12	SES129	2.97576	-5.88299	-8.85875
BLOCK12/SES129/SA129S22	SES129	3.00588	-6.74807	-9.75395
BLOCK12/SES129/SA129S27	SES129	2.58953	-6.65838	-9.24791
BLOCK12/SES129/SA129S29	SES129	2.33125	-7.97133	-10.3026
BLOCK14/SES142/SA142S11	SES142	2.50603	-6.21536	-8.72139
BLOCK14/SES142/SA142S12	SES142	1.85134	-7.52682	-9.37817
BLOCK14/SES142/SA142S24	SES142	2.63123	-6.56377	-9.195
BLOCK14/SES142/SA142S27	SES142	2.75227	-6.39535	-9.14761
BLOCK14/SES142/SA142S29	SES142	2.8265	-6.17177	-8.99827
BLOCK14/SES143/SA143S12	SES143	3.21195	-6.85003	-10.062
BLOCK14/SES143/SA143S13	SES143	2.62649	-7.18904	-9.81553
BLOCK14/SES143/SA143S23	SES143	2.62205	-7.30056	-9.9226
BLOCK14/SES143/SA143S25	SES143	2.84331	-7.49768	-10.341
BLOCK14/SES143/SA143S28	SES143	3.03997	-7.2521	-10.2921
BLOCK14/SES144/SA144S09	SES144	2.51274	-7.27984	-9.79258
BLOCK14/SES144/SA144S11	SES144	2.76311	-7.04409	-9.8072
BLOCK14/SES144/SA144S21	SES144	1.83126	-7.9724	-9.80366
BLOCK14/SES144/SA144S25	SES144	1.89133	-7.54299	-9.43432
BLOCK14/SES144/SA144S29	SES144	1.78456	-8.48864	-10.2732
BLOCK14/SES146/SA146S14	SES146	2.36969	-7.94154	-10.3112
BLOCK14/SES146/SA146S15	SES146	2.63526	-8.08799	-10.7233
BLOCK14/SES146/SA146S24	SES146	2.79161	-7.49401	-10.2856
BLOCK14/SES146/SA146S26	SES146	2.98333	-7.40202	-10.3853
BLOCK14/SES146/SA146S29	SES146	3.10485	-7.75305	-10.8579
BLOCK14/SES147/SA147S11	SES147	2.57133	-7.45806	-10.0294
BLOCK14/SES147/SA147S13	SES147	2.87692	-6.57148	-9.4484
BLOCK14/SES147/SA147S23	SES147	2.30363	-7.29022	-9.59385
BLOCK14/SES147/SA147S26	SES147	2.63317	-7.02527	-9.65843
BLOCK14/SES147/SA147S28	SES147	2.60393	-6.33082	-8.93475
BLOCK14/SES148/SA148S10	SES148	2.2522	-6.68283	-8.93503
BLOCK14/SES148/SA148S12	SES148	1.87013	-8.0843	-9.95443
BLOCK14/SES148/SA148S22	SES148	2.64103	-6.60605	-9.24708
BLOCK14/SES148/SA148S26	SES148	2.30768	-6.34773	-8.65541
BLOCK14/SES148/SA148S29	SES148	2.13509	-7.4936	-9.62869
BLOCK14/SES149/SA149S13	SES149	2.51903	-7.11139	-9.63042
BLOCK14/SES149/SA149S14	SES149	3.0671	-6.36061	-9.42771
BLOCK14/SES149/SA149S24	SES149	2.90974	-6.79006	-9.6998
BLOCK14/SES149/SA149S26	SES149	3.45082	-6.13835	-9.58917
BLOCK14/SES149/SA149S28	SES149	3.56975	-5.47608	-9.04583
BLOCK15/SES158/SA158S13	SES158	4.06595	-6.88184	-10.9478
BLOCK15/SES158/SA158S14	SES158	3.58226	-8.07763	-11.6599
BLOCK15/SES158/SA158S23	SES158	3.31139	-6.47096	-9.78234
BLOCK15/SES158/SA158S26	SES158	3.44246	-7.25232	-10.6948
BLOCK15/SES158/SA158S28	SES158	3.00663	-7.55909	-10.5657
BLOCK16/SES162/SA162S10	SES162	2.28243	-7.93765	-10.2201
BLOCK16/SES162/SA162S11	SES162	2.71279	-6.56412	-9.27691
BLOCK16/SES162/SA162S21	SES162	2.64949	-6.7174	-9.36689
BLOCK16/SES162/SA162S24	SES162	2.86528	-6.72938	-9.59465
BLOCK16/SES162/SA162S27	SES162	2.62276	-7.84188	-10.4646
BLOCK16/SES167/SA167S14	SES167	2.19361	-6.33118	-8.52479
BLOCK16/SES167/SA167S15	SES167	2.31292	-6.14882	-8.46174
BLOCK16/SES167/SA167S21	SES167	2.35823	-5.91356	-8.27179
BLOCK16/SES167/SA167S25	SES167	2.69381	-6.37982	-9.07363
BLOCK16/SES167/SA167S29	SES167	2.7305	-5.44639	-8.17689
BLOCK17/SES172/SA172S12	SES172	2.65949	-7.7796	-10.4391
BLOCK17/SES172/SA172S13	SES172	3.0741	-7.4619	-10.536
BLOCK17/SES172/SA172S23	SES172	2.36496	-6.97901	-9.34397
BLOCK17/SES172/SA172S27	SES172	2.39929	-8.39811	-10.7974
BLOCK17/SES172/SA172S29	SES172	3.05085	-6.96506	-10.0159
BLOCK17/SES175/SA175S11	SES175	2.96474	-7.41995	-10.3847
BLOCK17/SES175/SA175S13	SES175	2.92065	-5.4105	-8.33115
BLOCK17/SES175/SA175S23	SES175	2.97094	-6.29481	-9.26574
BLOCK17/SES175/SA175S25	SES175	1.98667	-8.18351	-10.1702
BLOCK17/SES175/SA175S28	SES175	2.9343	-6.60768	-9.54198
BLOCK17/SES177/SA177S15	SES177	2.48361	-7.91565	-10.3993
BLOCK17/SES177/SA177S17	SES177	2.66607	-7.66412	-10.3302
BLOCK17/SES177/SA177S23	SES177	2.29553	-7.71578	-10.0113
BLOCK17/SES177/SA177S26	SES177	3.64347	-5.40574	-9.04921
BLOCK17/SES177/SA177S28	SES177	2.53488	-7.63732	-10.1722
BLOCK18/SES180/SA180S13	SES180	2.62801	-8.24827	-10.8763
BLOCK18/SES180/SA180S15	SES180	2.30074	-7.22957	-9.5303
BLOCK18/SES180/SA180S24	SES180	2.87558	-6.21685	-9.09243
BLOCK18/SES180/SA180S26	SES180	2.62803	-6.65062	-9.27865
BLOCK18/SES180/SA180S29	SES180	1.97237	-8.00921	-9.98158
BLOCK18/SES183/SA183S13	SES183	2.54295	-7.13323	-9.67618
BLOCK18/SES183/SA183S14	SES183	2.65004	-7.44043	-10.0905
BLOCK18/SES183/SA183S24	SES183	2.86066	-7.67522	-10.5359
BLOCK18/SES183/SA183S27	SES183	2.49897	-7.88559	-10.3846
BLOCK18/SES183/SA183S29	SES183	2.89403	-7.05048	-9.94451
BLOCK18/SES187/SA187S13	SES187	2.49947	-8.34154	-10.841
BLOCK18/SES187/SA187S14	SES187	2.91186	-8.20708	-11.1189
BLOCK18/SES187/SA187S24	SES187	2.06622	-8.2771	-10.3433
BLOCK18/SES187/SA187S27	SES187	2.0862	-8.40373	-10.4899
BLOCK18/SES187/SA187S29	SES187	3.8326	-8.55562	-12.3882
BLOCK18/SES189/SA189S10	SES189	3.02179	-7.7872	-10.809
BLOCK18/SES189/SA189S13	SES189	3.5917	-8.70804	-12.2997
BLOCK18/SES189/SA189S24	SES189	3.3999	-6.83333	-10.2332
BLOCK18/SES189/SA189S26	SES189	3.34773	-7.07313	-10.4209
BLOCK18/SES189/SA189S29	SES189	3.72553	-6.73751	-10.463
BLOCK20/SES202/SA202S12	SES202	2.46875	-7.37578	-9.84453
BLOCK20/SES202/SA202S14	SES202	3.00142	-6.97144	-9.97286
BLOCK20/SES202/SA202S24	SES202	2.27528	-8.00363	-10.2789
BLOCK20/SES202/SA202S27	SES202	2.60924	-6.77805	-9.38728
BLOCK20/SES202/SA202S29	SES202	2.78438	-6.84508	-9.62946
BLOCK20/SES206/SA206S15	SES206	1.80281	-7.38664	-9.18945
BLOCK20/SES206/SA206S17	SES206	3.50454	-7.50501	-11.0095
BLOCK20/SES206/SA206S24	SES206	3.95387	-6.02858	-9.98245
BLOCK20/SES206/SA206S27	SES206	3.81569	-7.45614	-11.2718
BLOCK20/SES206/SA206S29	SES206	5.56561	-5.88881	-11.4544
BLOCK22/SES226/SA226S12	SES226	3.09908	-7.32636	-10.4254
BLOCK22/SES226/SA226S13	SES226	2.26159	-8.52178	-10.7834
BLOCK22/SES226/SA226S20	SES226	3.18091	-7.39663	-10.5775
BLOCK22/SES226/SA226S23	SES226	3.33453	-6.61874	-9.95327
BLOCK22/SES226/SA226S28	SES226	3.41944	-6.46511	-9.88455
BLOCK25/SES259/SA259S13	SES259	4.4395	-6.38837	-10.8279
BLOCK25/SES259/SA259S14	SES259	3.86924	-6.26087	-10.1301
BLOCK25/SES259/SA259S22	SES259	4.40999	-6.32408	-10.7341
BLOCK25/SES259/SA259S24	SES259	3.61536	-7.12634	-10.7417
BLOCK25/SES259/SA259S28	SES259	3.34397	-7.05425	-10.3982
BLOCK27/SES270/SA270S14	SES270	4.0819	-7.0289	-11.1108
BLOCK27/SES270/SA270S16	SES270	2.26387	-7.38623	-9.65009
BLOCK27/SES270/SA270S22	SES270	4.29322	-6.444	-10.7372
BLOCK27/SES270/SA270S26	SES270	2.82548	-7.35779	-10.1833
BLOCK27/SES270/SA270S28	SES270	2.92299	-6.98098	-9.90396
BLOCK27/SES275/SA275S17	SES275	2.5744	-6.9221	-9.4965
BLOCK27/SES275/SA275S18	SES275	2.578	-7.14628	-9.72429
BLOCK27/SES275/SA275S24	SES275	2.20106	-7.60481	-9.80587
BLOCK27/SES275/SA275S26	SES275	2.6304	-6.94419	-9.57458
BLOCK27/SES275/SA275S28	SES275	2.5512	-7.18304	-9.73424
BLOCK29/SES292/SA292S10	SES292	2.28149	-7.03177	-9.31326
BLOCK29/SES292/SA292S12	SES292	2.78172	-8.43649	-11.2182
BLOCK29/SES292/SA292S22	SES292	2.61026	-7.7388	-10.3491
BLOCK29/SES292/SA292S24	SES292	2.77054	-7.56894	-10.3395
BLOCK29/SES292/SA292S27	SES292	2.10368	-7.36811	-9.47179
BLOCK00/SES001/SA001S14	SES062	0.617373	-9.9409	-10.5583
BLOCK00/SES001/SA001S14	SES082	1.69809	-8.86019	-10.5583
BLOCK00/SES001/SA001S14	SES106	1.0416	-9.51668	-10.5583
BLOCK00/SES001/SA001S14	SES206	0.904763	-9.65351	-10.5583
BLOCK00/SES001/SA001S15	SES062	0.706906	-8.70872	-9.41563
BLOCK00/SES001/SA001S15	SES104	0.927152	-8.48848	-9.41563
BLOCK00/SES001/SA001S15	SES106	0.341801	-9.07383	-9.41563
BLOCK00/SES001/SA001S15	SES206	0.710087	-8.70554	-9.41563
BLOCK00/SES001/SA001S24	SES062	1.48369	-8.2997	-9.78339
BLOCK00/SES001/SA001S24	SES082	1.34392	-8.43947	-9.78339
BLOCK00/SES001/SA001S24	SES087	1.58499	-8.19841	-9.78339
BLOCK00/SES001/SA001S24	SES206	1.97912	-7.80428	-9.78339
BLOCK00/SES001/SA001S27	SES062	1.31939	-6.97437	-8.29376
BLOCK00/SES001/SA001S27	SES082	1.4765	-6.81726	-8.29376
BLOCK00/SES001/SA001S27	SES087	1.59576	-6.698	-8.29376
BLOCK00/SES001/SA001S27	SES206	0.955513	-7.33825	-8.29376
BLOCK00/SES001/SA001S29	SES062	0.744937	-9.42457	-10.1695
BLOCK00/SES001/SA001S29	SES082	1.6815	-8.48801	-10.1695
BLOCK00/SES001/SA001S29	SES158	1.61432	-8.55519	-10.1695
BLOCK00/SES001/SA001S29	SES206	1.21365	-8.95586	-10.1695
BLOCK00/SES003/SA003S11	SES002	1.49158	-8.16212	-9.65371
BLOCK00/SES003/SA003S11	SES019	0.235985	-9.41772	-9.65371
BLOCK00/SES003/SA003S11	SES082	1.32773	-8.32598	-9.65371
BLOCK00/SES003/SA003S11	SES125	0.729005	-8.9247	-9.65371
BLOCK00/SES003/SA003S15	SES016	1.01846	-8.43758	-9.45604
BLOCK00/SES003/SA003S15	SES019	-1.07746	-10.5335	-9.45604
BLOCK00/SES003/SA003S15	SES062	2.39245	-7.06359	-9.45604
BLOCK00/SES003/SA003S15	SES206	1.77257	-7.68347	-9.45604
BLOCK00/SES003/SA003S22	SES002	1.69876	-7.98142	-9.68017
BLOCK00/SES003/SA003S22	SES062	1.99908	-7.6811	-9.68017
BLOCK00/SES003/SA003S22	SES082	1.47032	-8.20985	-9.68017
BLOCK00/SES003/SA003S22	SES087	1.7394	-7.94078	-9.68017
BLOCK00/SES003/SA003S25	SES062	1.73516	-10.0106	-11.7457
BLOCK00/SES003/SA003S25	SES082	1.23389	-10.5119	-11.7457
BLOCK00/SES003/SA003S25	SES087	1.49495	-10.2508	-11.7457
BLOCK00/SES003/SA003S25	SES206	0.912854	-10.8329	-11.7457
BLOCK00/SES003/SA003S29	SES002	1.10866	-8.83854	-9.9472
BLOCK00/SES003/SA003S29	SES062	0.0364351	-9.91076	-9.9472
BLOCK00/SES003/SA003S29	SES082	0.700044	-9.24716	-9.9472
BLOCK00/SES003/SA003S29	SES087	-0.00171089	-9.94891	-9.9472
BLOCK00/SES004/SA004S12	SES083	1.10785	-7.95461	-9.06245
BLOCK00/SES004/SA004S12	SES148	1.45073	-7.61172	-9.06245
BLOCK00/SES004/SA004S12	SES172	2.16791	-6.89454	-9.06245
BLOCK00/SES004/SA004S12	SES292	0.990532	-8.07192	-9.06245
BLOCK00/SES004/SA004S17	SES083	1.03433	-8.1573	-9.19163
BLOCK00/SES004/SA004S17	SES162	1.0739	-8.11773	-9.19163
BLOCK00/SES004/SA004S17	SES172	1.49818	-7.69345	-9.19163
BLOCK00/SES004/SA004S17	SES292	0.969416	-8.22222	-9.19163
BLOCK00/SES004/SA004S24	SES083	1.2326	-7.87864	-9.11125
BLOCK00/SES004/SA004S24	SES148	0.858926	-8.25232	-9.11125
BLOCK00/SES004/SA004S24	SES172	2.0091	-7.10214	-9.11125
BLOCK00/SES004/SA004S24	SES292	1.57831	-7.53293	-9.11125
BLOCK00/SES004/SA004S26	SES083	0.570544	-9.16614	-9.73668
BLOCK00/SES004/SA004S26	SES127	1.57321	-8.16347	-9.73668
BLOCK00/SES004/SA004S26	SES148	0.0388918	-9.69779	-9.73668
BLOCK00/SES004/SA004S26	SES292	0.690198	-9.04648	-9.73668
BLOCK00/SES004/SA004S28	SES083	1.33559	-7.94035	-9.27594
BLOCK00/SES004/SA004S28	SES127	2.28462	-6.99132	-9.27594
BLOCK00/SES004/SA004S28	SES187	2.3538	-6.92214	-9.27594
BLOCK00/SES004/SA004S28	SES292	1.21342	-8.06251	-9.27594
BLOCK00/SES006/SA006S10	SES014	1.46349	-9.96361	-11.4271
BLOCK00/SES006/SA006S10	SES158	0.977309	-10.4498	-11.4271
BLOCK00/SES006/SA006S10	SES226	-0.299787	-11.7269	-11.4271
BLOCK00/SES006/SA006S10	SES270	2.05122	-9.37588	-11.4271
BLOCK00/SES006/SA006S11	SES158	0.836447	-10.4057	-11.2421
BLOCK00/SES006/SA006S11	SES226	0.79374	-10.4484	-11.2421
BLOCK00/SES006/SA006S11	SES270	2.4678	-8.77433	-11.2421
BLOCK00/SES006/SA006S11	SES275	0.926068	-10.3161	-11.2421
BLOCK00/SES006/SA006S23	SES062	-0.445709	-12.1462	-11.7005
BLOCK00/SES006/SA006S23	SES105	-0.167065	-11.8676	-11.7005
BLOCK00/SES006/SA006S23	SES158	1.10563	-10.5949	-11.7005
BLOCK00/SES006/SA006S23	SES275	0.384842	-11.3157	-11.7005
BLOCK00/SES006/SA006S26	SES104	-0.0923433	-11.269	-11.1767
BLOCK00/SES006/SA006S26	SES158	0.209667	-10.967	-11.1767
BLOCK00/SES006/SA006S26	SES270	1.97891	-9.19778	-11.1767
BLOCK00/SES006/SA006S26	SES275	0.403988	-10.7727	-11.1767
BLOCK00/SES006/SA006S28	SES007	0.344543	-11.1133	-11.4578
BLOCK00/SES006/SA006S28	SES105	-0.293691	-11.7515	-11.4578
BLOCK00/SES006/SA006S28	SES158	1.04122	-10.4166	-11.4578
BLOCK00/SES006/SA006S28	SES275	0.34876	-11.109	-11.4578
BLOCK00/SES009/SA009S12	SES083	0.637214	-9.70393	-10.3411
BLOCK00/SES009/SA009S12	SES148	1.22049	-9.12066	-10.3411
BLOCK00/SES009/SA009S12	SES177	2.18745	-8.1537	-10.3411
BLOCK00/SES009/SA009S12	SES292	1.83581	-8.50534	-10.3411
BLOCK00/SES009/SA009S15	SES007	2.38594	-7.1948	-9.58074
BLOCK00/SES009/SA009S15	SES099	-0.346231	-9.92697	-9.58074
BLOCK00/SES009/SA009S15	SES148	1.25872	-8.32202	-9.58074
BLOCK00/SES009/SA009S15	SES172	1.95338	-7.62736	-9.58074
BLOCK00/SES009/SA009S24	SES146	2.06104	-8.22533	-10.2864
BLOCK00/SES009/SA009S24	SES148	0.425393	-9.86098	-10.2864
BLOCK00/SES009/SA009S24	SES177	2.29893	-7.98744	-10.2864
BLOCK00/SES009/SA009S24	SES292	1.74538	-8.54099	-10.2864
BLOCK00/SES009/SA009S26	SES083	0.186524	-9.44567	-9.63219
BLOCK00/SES009/SA009S26	SES101	0.214498	-9.41769	-9.63219
BLOCK00/SES009/SA009S26	SES120	1.36452	-8.26767	-9.63219
BLOCK00/SES009/SA009S26	SES177	1.11238	-8.51981	-9.63219
BLOCK00/SES009/SA009S29	SES083	0.64056	-9.05234	-9.6929
BLOCK00/SES009/SA009S29	SES101	0.954188	-8.73872	-9.6929
BLOCK00/SES009/SA009S29	SES177	1.7399	-7.953	-9.6929
BLOCK00/SES009/SA009S29	SES292	1.22156	-8.47135	-9.6929
BLOCK01/SES011/SA011S10	SES019	-0.844378	-12.9401	-12.0958
BLOCK01/SES011/SA011S10	SES042	3.94201	-8.15374	-12.0958
BLOCK01/SES011/SA011S10	SES082	2.69562	-9.40013	-12.0958
BLOCK01/SES011/SA011S10	SES206	2.77096	-9.32479	-12.0958
BLOCK01/SES011/SA011S11	SES019	-0.887309	-11.0796	-10.1923
BLOCK01/SES011/SA011S11	SES042	2.10333	-8.08892	-10.1923
BLOCK01/SES011/SA011S11	SES082	1.18311	-9.00914	-10.1923
BLOCK01/SES011/SA011S11	SES206	0.934535	-9.25772	-10.1923
BLOCK01/SES011/SA011S22	SES019	0.441557	-10.5202	-10.9618
BLOCK01/SES011/SA011S22	SES042	2.78941	-8.17237	-10.9618
BLOCK01/SES011/SA011S22	SES082	1.44478	-9.517	-10.9618
BLOCK01/SES011/SA011S22	SES206	1.52732	-9.43446	-10.9618
BLOCK01/SES011/SA011S24	SES019	-0.428953	-10.941	-10.5121
BLOCK01/SES011/SA011S24	SES042	3.40537	-7.10671	-10.5121
BLOCK01/SES011/SA011S24	SES104	2.63167	-7.88041	-10.5121
BLOCK01/SES011/SA011S24	SES206	2.43385	-8.07823	-10.5121
BLOCK01/SES011/SA011S27	SES082	2.21796	-8.02311	-10.2411
BLOCK01/SES011/SA011S27	SES087	0.862367	-9.37871	-10.2411
BLOCK01/SES011/SA011S27	SES125	2.16643	-8.07465	-10.2411
BLOCK01/SES011/SA011S27	SES206	1.95073	-8.29034	-10.2411
BLOCK01/SES012/SA012S11	SES007	2.49612	-6.87296	-9.36909
BLOCK01/SES012/SA012S11	SES082	2.24147	-7.12761	-9.36909
BLOCK01/SES012/SA012S11	SES083	1.14706	-8.22203	-9.36909
BLOCK01/SES012/SA012S11	SES206	2.03667	-7.33242	-9.36909
BLOCK01/SES012/SA012S14	SES082	2.58698	-8.3148	-10.9018
BLOCK01/SES012/SA012S14	SES087	1.37604	-9.52574	-10.9018
BLOCK01/SES012/SA012S14	SES206	2.54757	-8.35421	-10.9018
BLOCK01/SES012/SA012S14	SES292	1.90446	-8.99732	-10.9018
BLOCK01/SES012/SA012S24	SES082	1.82395	-8.96779	-10.7917
BLOCK01/SES012/SA012S24	SES087	0.878872	-9.91288	-10.7917
BLOCK01/SES012/SA012S24	SES120	0.382261	-10.4095	-10.7917
BLOCK01/SES012/SA012S24	SES206	1.2919	-9.49985	-10.7917
BLOCK01/SES012/SA012S26	SES019	-2.79445	-14.9955	-12.2011
BLOCK01/SES012/SA012S26	SES082	2.08097	-10.1201	-12.2011
BLOCK01/SES012/SA012S26	SES206	4.00199	-8.1991	-12.2011
BLOCK01/SES012/SA012S26	SES292	2.75015	-9.45093	-12.2011
BLOCK01/SES012/SA012S29	SES062	1.76713	-7.40465	-9.17178
BLOCK01/SES012/SA012S29	SES082	2.84752	-6.32426	-9.17178
BLOCK01/SES012/SA012S29	SES083	0.869898	-8.30189	-9.17178
BLOCK01/SES012/SA012S29	SES206	2.54196	-6.62982	-9.17178
BLOCK01/SES013/SA013S16	SES062	0.101229	-11.8332	-11.9344
BLOCK01/SES013/SA013S16	SES106	1.79381	-10.1406	-11.9344
BLOCK01/SES013/SA013S16	SES206	2.00944	-9.92498	-11.9344
BLOCK01/SES013/SA013S16	SES226	2.07944	-9.85499	-11.9344
BLOCK01/SES013/SA013S17	SES062	1.50433	-9.08406	-10.5884
BLOCK01/SES013/SA013S17	SES106	1.26264	-9.32575	-10.5884
BLOCK01/SES013/SA013S17	SES206	2.34211	-8.24628	-10.5884
BLOCK01/SES013/SA013S17	SES226	2.03689	-8.55151	-10.5884
BLOCK01/SES013/SA013S23	SES104	2.07668	-9.7123	-11.789
BLOCK01/SES013/SA013S23	SES106	2.99801	-8.79097	-11.789
BLOCK01/SES013/SA013S23	SES206	1.40795	-10.381	-11.789
BLOCK01/SES013/SA013S23	SES270	2.2541	-9.53488	-11.789
BLOCK01/SES013/SA013S25	SES042	0.178638	-10.7707	-10.9493
BLOCK01/SES013/SA013S25	SES104	2.19274	-8.75658	-10.9493
BLOCK01/SES013/SA013S25	SES106	2.30954	-8.63978	-10.9493
BLOCK01/SES013/SA013S25	SES206	0.820939	-10.1284	-10.9493
BLOCK01/SES013/SA013S29	SES062	0.058816	-11.1378	-11.1966
BLOCK01/SES013/SA013S29	SES104	1.68156	-9.51502	-11.1966
BLOCK01/SES013/SA013S29	SES106	2.26496	-8.93162	-11.1966
BLOCK01/SES013/SA013S29	SES206	0.509592	-10.687	-11.1966
BLOCK02/SES021/SA021S13	SES016	0.282208	-9.87029	-10.1525
BLOCK02/SES021/SA021S13	SES029	1.40326	-8.74924	-10.1525
BLOCK02/SES021/SA021S13	SES087	-0.0336151	-10.1861	-10.1525
BLOCK02/SES021/SA021S13	SES206	0.421228	-9.73127	-10.1525
BLOCK02/SES021/SA021S15	SES087	1.80015	-8.15456	-9.95471
BLOCK02/SES021/SA021S15	SES125	1.5494	-8.40531	-9.95471
BLOCK02/SES021/SA021S15	SES206	1.49648	-8.45823	-9.95471
BLOCK02/SES021/SA021S15	SES226	1.36557	-8.58913	-9.95471
BLOCK02/SES021/SA021S23	SES062	0.81137	-10.489	-11.3004
BLOCK02/SES021/SA021S23	SES087	2.02453	-9.27585	-11.3004
BLOCK02/SES021/SA021S23	SES206	1.55411	-9.74626	-11.3004
BLOCK02/SES021/SA021S23	SES226	1.49184	-9.80853	-11.3004
BLOCK02/SES021/SA021S27	SES002	2.1314	-7.96009	-10.0915
BLOCK02/SES021/SA021S27	SES016	-0.227903	-10.3194	-10.0915
BLOCK02/SES021/SA021S27	SES019	1.34034	-8.75116	-10.0915
BLOCK02/SES021/SA021S27	SES062	1.9913	-8.1002	-10.0915
BLOCK02/SES021/SA021S29	SES087	2.35434	-9.25419	-11.6085
BLOCK02/SES021/SA021S29	SES125	1.78479	-9.82375	-11.6085
BLOCK02/SES021/SA021S29	SES206	3.10666	-8.50187	-11.6085
BLOCK02/SES021/SA021S29	SES226	2.19676	-9.41177	-11.6085
BLOCK04/SES043/SA043S09	SES083	1.91987	-8.5684	-10.4883
BLOCK04/SES043/SA043S09	SES101	1.6195	-8.86876	-10.4883
BLOCK04/SES043/SA043S09	SES144	2.01263	-8.47564	-10.4883
BLOCK04/SES043/SA043S09	SES172	0.833208	-9.65506	-10.4883
BLOCK04/SES043/SA043S11	SES083	2.16701	-7.21945	-9.38646
BLOCK04/SES043/SA043S11	SES101	1.95901	-7.42745	-9.38646
BLOCK04/SES043/SA043S11	SES144	2.32605	-7.0604	-9.38646
BLOCK04/SES043/SA043S11	SES172	1.47089	-7.91557	-9.38646
BLOCK04/SES043/SA043S23	SES083	1.78499	-7.91282	-9.69781
BLOCK04/SES043/SA043S23	SES144	1.82186	-7.87595	-9.69781
BLOCK04/SES043/SA043S23	SES177	0.991055	-8.70675	-9.69781
BLOCK04/SES043/SA043S23	SES275	1.08688	-8.61093	-9.69781
BLOCK04/SES043/SA043S26	SES083	1.39684	-9.38874	-10.7856
BLOCK04/SES043/SA043S26	SES101	1.51045	-9.27514	-10.7856
BLOCK04/SES043/SA043S26	SES144	1.81226	-8.97332	-10.7856
BLOCK04/SES043/SA043S26	SES177	1.02045	-9.76514	-10.7856
BLOCK04/SES043/SA043S28	SES016	0.489442	-9.38082	-9.87026
BLOCK04/SES043/SA043S28	SES083	1.68388	-8.18639	-9.87026
BLOCK04/SES043/SA043S28	SES101	1.62539	-8.24487	-9.87026
BLOCK04/SES043/SA043S28	SES144	1.64056	-8.2297	-9.87026
BLOCK04/SES044/SA044S10	SES127	0.448151	-10.6966	-11.1448
BLOCK04/SES044/SA044S10	SES144	2.33995	-8.80481	-11.1448
BLOCK04/SES044/SA044S10	SES147	-0.320113	-11.4649	-11.1448
BLOCK04/SES044/SA044S10	SES148	-0.0190182	-11.1638	-11.1448
BLOCK04/SES044/SA044S11	SES101	2.05469	-8.17546	-10.2301
BLOCK04/SES044/SA044S11	SES144	2.51721	-7.71294	-10.2301
BLOCK04/SES044/SA044S11	SES147	0.76461	-9.46554	-10.2301
BLOCK04/SES044/SA044S11	SES177	1.61188	-8.61827	-10.2301
BLOCK04/SES044/SA044S24	SES007	0.288511	-9.99712	-10.2856
BLOCK04/SES044/SA044S24	SES101	2.52462	-7.76101	-10.2856
BLOCK04/SES044/SA044S24	SES147	0.820519	-9.46511	-10.2856
BLOCK04/SES044/SA044S24	SES177	2.02499	-8.26064	-10.2856
BLOCK04/SES044/SA044S26	SES007	1.10405	-8.69212	-9.79617
BLOCK04/SES044/SA044S26	SES016	1.7268	-8.06937	-9.79617
BLOCK04/SES044/SA044S26	SES101	2.01358	-7.7826	-9.79617
BLOCK04/SES044/SA044S26	SES147	2.20316	-7.59301	-9.79617
BLOCK04/SES044/SA044S29	SES007	0.576461	-9.52321	-10.0997
BLOCK04/SES044/SA044S29	SES101	2.76353	-7.33615	-10.0997
BLOCK04/SES044/SA044S29	SES147	2.08394	-8.01574	-10.0997
BLOCK04/SES044/SA044S29	SES177	0.768796	-9.33088	-10.0997
BLOCK04/SES046/SA046S13	SES101	1.933	-8.99178	-10.9248
BLOCK04/SES046/SA046S13	SES144	2.05913	-8.86565	-10.9248
BLOCK04/SES046/SA046S13	SES147	0.434539	-10.4902	-10.9248
BLOCK04/SES046/SA046S13	SES177	1.09624	-9.82855	-10.9248
BLOCK04/SES046/SA046S15	SES048	2.80988	-6.62921	-9.43909
BLOCK04/SES046/SA046S15	SES083	2.32851	-7.11058	-9.43909
BLOCK04/SES046/SA046S15	SES120	0.45112	-8.98797	-9.43909
BLOCK04/SES046/SA046S15	SES148	2.17239	-7.2667	-9.43909
BLOCK04/SES046/SA046S22	SES101	1.97176	-8.39591	-10.3677
BLOCK04/SES046/SA046S22	SES144	2.40955	-7.95812	-10.3677
BLOCK04/SES046/SA046S22	SES147	0.627331	-9.74034	-10.3677
BLOCK04/SES046/SA046S22	SES172	1.98635	-8.38133	-10.3677
BLOCK04/SES046/SA046S25	SES083	1.4618	-7.79491	-9.25671
BLOCK04/SES046/SA046S25	SES127	0.73351	-8.5232	-9.25671
BLOCK04/SES046/SA046S25	SES144	1.45757	-7.79914	-9.25671
BLOCK04/SES046/SA046S25	SES148	0.713624	-8.54308	-9.25671
BLOCK04/SES046/SA046S28	SES007	1.02841	-8.43066	-9.45907
BLOCK04/SES046/SA046S28	SES105	0.695662	-8.76341	-9.45907
BLOCK04/SES046/SA046S28	SES147	0.99778	-8.46129	-9.45907
BLOCK04/SES046/SA046S28	SES148	0.424991	-9.03408	-9.45907
BLOCK04/SES049/SA049S16	SES104	1.82073	-9.92724	-11.748
BLOCK04/SES049/SA049S16	SES106	0.65018	-11.0978	-11.748
BLOCK04/SES049/SA049S16	SES120	1.14812	-10.5998	-11.748
BLOCK04/SES049/SA049S16	SES206	1.03239	-10.7156	-11.748
BLOCK04/SES049/SA049S18	SES099	2.25812	-8.62569	-10.8838
BLOCK04/SES049/SA049S18	SES104	0.888897	-9.99491	-10.8838
BLOCK04/SES049/SA049S18	SES125	1.01837	-9.86543	-10.8838
BLOCK04/SES049/SA049S18	SES206	0.245111	-10.6387	-10.8838
BLOCK04/SES049/SA049S25	SES087	1.27527	-11.0135	-12.2888
BLOCK04/SES049/SA049S25	SES104	2.38868	-9.90007	-12.2888
BLOCK04/SES049/SA049S25	SES125	1.59842	-10.6903	-12.2888
BLOCK04/SES049/SA049S25	SES206	1.7626	-10.5262	-12.2888
BLOCK04/SES049/SA049S27	SES099	1.83856	-8.41219	-10.2508
BLOCK04/SES049/SA049S27	SES104	2.23063	-8.02012	-10.2508
BLOCK04/SES049/SA049S27	SES125	0.939196	-9.31156	-10.2508
BLOCK04/SES049/SA049S27	SES206	0.563858	-9.6869	-10.2508
BLOCK04/SES049/SA049S29	SES099	2.07707	-8.15364	-10.2307
BLOCK04/SES049/SA049S29	SES104	2.44938	-7.78133	-10.2307
BLOCK04/SES049/SA049S29	SES125	1.96101	-8.26969	-10.2307
BLOCK04/SES049/SA049S29	SES206	0.652555	-9.57815	-10.2307
BLOCK06/SES063/SA063S09	SES068	-0.35263	-11.5957	-11.2431
BLOCK06/SES063/SA063S09	SES083	1.35021	-9.89285	-11.2431
BLOCK06/SES063/SA063S09	SES177	1.26049	-9.98257	-11.2431
BLOCK06/SES063/SA063S09	SES187	0.9572	-10.2859	-11.2431
BLOCK06/SES063/SA063S10	SES068	0.662977	-10.1348	-10.7977
BLOCK06/SES063/SA063S10	SES083	1.16681	-9.63093	-10.7977
BLOCK06/SES063/SA063S10	SES172	1.14889	-9.64884	-10.7977
BLOCK06/SES063/SA063S10	SES187	1.01691	-9.78083	-10.7977
BLOCK06/SES063/SA063S20	SES068	0.118745	-11.3843	-11.5031
BLOCK06/SES063/SA063S20	SES083	1.49631	-10.0068	-11.5031
BLOCK06/SES063/SA063S20	SES172	1.83643	-9.66664	-11.5031
BLOCK06/SES063/SA063S20	SES187	1.72902	-9.77405	-11.5031
BLOCK06/SES063/SA063S24	SES029	-0.412886	-11.7461	-11.3332
BLOCK06/SES063/SA063S24	SES083	0.971961	-10.3612	-11.3332
BLOCK06/SES063/SA063S24	SES177	1.17673	-10.1564	-11.3332
BLOCK06/SES063/SA063S24	SES189	2.20546	-9.12771	-11.3332
BLOCK06/SES063/SA063S27	SES083	1.88225	-8.96809	-10.8503
BLOCK06/SES063/SA063S27	SES172	0.96688	-9.88345	-10.8503
BLOCK06/SES063/SA063S27	SES187	1.52683	-9.3235	-10.8503
BLOCK06/SES063/SA063S27	SES292	1.55021	-9.30013	-10.8503
BLOCK06/SES067/SA067S12	SES083	0.949908	-8.13433	-9.08423
BLOCK06/SES067/SA067S12	SES172	0.424774	-8.65946	-9.08423
BLOCK06/SES067/SA067S12	SES202	0.981232	-8.103	-9.08423
BLOCK06/SES067/SA067S12	SES292	0.738189	-8.34604	-9.08423
BLOCK06/SES067/SA067S14	SES085	0.406466	-7.47274	-7.87921
BLOCK06/SES067/SA067S14	SES177	0.165484	-7.71372	-7.87921
BLOCK06/SES067/SA067S14	SES183	2.26245	-5.61676	-7.87921
BLOCK06/SES067/SA067S14	SES202	1.13183	-6.74738	-7.87921
BLOCK06/SES067/SA067S21	SES144	1.54819	-8.87184	-10.42
BLOCK06/SES067/SA067S21	SES177	1.39072	-9.0293	-10.42
BLOCK06/SES067/SA067S21	SES183	1.44449	-8.97553	-10.42
BLOCK06/SES067/SA067S21	SES189	1.37394	-9.04608	-10.42
BLOCK06/SES067/SA067S25	SES085	0.71002	-8.98943	-9.69945
BLOCK06/SES067/SA067S25	SES177	1.70758	-7.99188	-9.69945
BLOCK06/SES067/SA067S25	SES183	1.89971	-7.79974	-9.69945
BLOCK06/SES067/SA067S25	SES202	1.28006	-8.41939	-9.69945
BLOCK06/SES067/SA067S29	SES085	-0.505404	-10.6718	-10.1664
BLOCK06/SES067/SA067S29	SES177	0.367673	-9.79877	-10.1664
BLOCK06/SES067/SA067S29	SES183	1.42407	-8.74237	-10.1664
BLOCK06/SES067/SA067S29	SES202	1.76226	-8.40418	-10.1664
BLOCK06/SES069/SA069S12	SES029	1.23363	-8.8445	-10.0781
BLOCK06/SES069/SA069S12	SES082	1.99132	-8.08681	-10.0781
BLOCK06/SES069/SA069S12	SES087	1.60873	-8.46941	-10.0781
BLOCK06/SES069/SA069S12	SES206	2.34362	-7.73452	-10.0781
BLOCK06/SES069/SA069S13	SES029	0.91221	-9.08295	-9.99516
BLOCK06/SES069/SA069S13	SES087	1.53578	-8.45938	-9.99516
BLOCK06/SES069/SA069S13	SES206	1.19426	-8.8009	-9.99516
BLOCK06/SES069/SA069S13	SES226	2.80583	-7.18933	-9.99516
BLOCK06/SES069/SA069S23	SES029	2.05814	-6.90752	-8.96566
BLOCK06/SES069/SA069S23	SES087	2.00051	-6.96514	-8.96566
BLOCK06/SES069/SA069S23	SES206	1.09864	-7.86702	-8.96566
BLOCK06/SES069/SA069S23	SES226	2.14714	-6.81852	-8.96566
BLOCK06/SES069/SA069S25	SES087	1.68994	-8.31838	-10.0083
BLOCK06/SES069/SA069S25	SES206	0.679547	-9.32877	-10.0083
BLOCK06/SES069/SA069S25	SES226	2.54932	-7.45899	-10.0083
BLOCK06/SES069/SA069S25	SES270	1.31277	-8.69555	-10.0083
BLOCK06/SES069/SA069S27	SES087	1.1464	-9.42048	-10.5669
BLOCK06/SES069/SA069S27	SES206	1.92072	-8.64616	-10.5669
BLOCK06/SES069/SA069S27	SES226	2.69167	-7.87521	-10.5669
BLOCK06/SES069/SA069S27	SES270	1.78916	-8.77771	-10.5669
BLOCK08/SES081/SA081S11	SES060	0.491809	-9.72958	-10.2214
BLOCK08/SES081/SA081S11	SES062	1.55149	-8.6699	-10.2214
BLOCK08/SES081/SA081S11	SES117	0.381175	-9.84022	-10.2214
BLOCK08/SES081/SA081S11	SES162	0.54912	-9.67227	-10.2214
BLOCK08/SES081/SA081S13	SES016	1.77462	-7.43893	-9.21355
BLOCK08/SES081/SA081S13	SES060	2.04686	-7.16669	-9.21355
BLOCK08/SES081/SA081S13	SES068	1.85271	-7.36084	-9.21355
BLOCK08/SES081/SA081S13	SES129	1.06691	-8.14663	-9.21355
BLOCK08/SES081/SA081S24	SES060	1.97453	-7.82331	-9.79784
BLOCK08/SES081/SA081S24	SES068	1.77932	-8.01851	-9.79784
BLOCK08/SES081/SA081S24	SES117	0.748822	-9.04901	-9.79784
BLOCK08/SES081/SA081S24	SES275	1.51664	-8.2812	-9.79784
BLOCK08/SES081/SA081S27	SES007	3.11197	-8.50449	-11.6165
BLOCK08/SES081/SA081S27	SES060	2.8473	-8.76916	-11.6165
BLOCK08/SES081/SA081S27	SES117	2.58447	-9.03199	-11.6165
BLOCK08/SES081/SA081S27	SES275	2.10734	-9.50911	-11.6165
BLOCK08/SES081/SA081S29	SES007	2.48988	-8.89986	-11.3897
BLOCK08/SES081/SA081S29	SES060	2.41523	-8.97451	-11.3897
BLOCK08/SES081/SA081S29	SES117	2.33299	-9.05675	-11.3897
BLOCK08/SES081/SA081S29	SES275	1.52679	-9.86295	-11.3897
BLOCK08/SES086/SA086S11	SES029	0.473057	-11.6389	-12.1119
BLOCK08/SES086/SA086S11	SES082	0.589231	-11.5227	-12.1119
BLOCK08/SES086/SA086S11	SES087	2.96562	-9.14633	-12.1119
BLOCK08/SES086/SA086S11	SES206	1.22297	-10.889	-12.1119
BLOCK08/SES086/SA086S12	SES029	1.44752	-10.1114	-11.559
BLOCK08/SES086/SA086S12	SES082	1.40022	-10.1587	-11.559
BLOCK08/SES086/SA086S12	SES087	3.38206	-8.17691	-11.559
BLOCK08/SES086/SA086S12	SES206	2.27332	-9.28565	-11.559
BLOCK08/SES086/SA086S20	SES029	1.28377	-9.98538	-11.2692
BLOCK08/SES086/SA086S20	SES082	1.9582	-9.31096	-11.2692
BLOCK08/SES086/SA086S20	SES087	3.324	-7.94515	-11.2692
BLOCK08/SES086/SA086S20	SES206	2.25202	-9.01713	-11.2692
BLOCK08/SES086/SA086S24	SES087	3.56264	-9.11958	-12.6822
BLOCK08/SES086/SA086S24	SES104	2.19399	-10.4882	-12.6822
BLOCK08/SES086/SA086S24	SES120	2.63978	-10.0424	-12.6822
BLOCK08/SES086/SA086S24	SES206	3.18412	-9.4981	-12.6822
BLOCK08/SES086/SA086S28	SES029	1.24228	-9.50497	-10.7472
BLOCK08/SES086/SA086S28	SES082	1.4619	-9.28534	-10.7472
BLOCK08/SES086/SA086S28	SES087	3.01656	-7.73069	-10.7472
BLOCK08/SES086/SA086S28	SES206	2.60317	-8.14408	-10.7472
BLOCK08/SES089/SA089S13	SES087	1.99524	-9.42034	-11.4156
BLOCK08/SES089/SA089S13	SES206	1.1955	-10.2201	-11.4156
BLOCK08/SES089/SA089S13	SES226	1.50713	-9.90845	-11.4156
BLOCK08/SES089/SA089S13	SES270	1.04198	-10.3736	-11.4156
BLOCK08/SES089/SA089S14	SES062	0.460164	-9.68645	-10.1466
BLOCK08/SES089/SA089S14	SES087	1.91947	-8.22715	-10.1466
BLOCK08/SES089/SA089S14	SES206	0.567263	-9.57935	-10.1466
BLOCK08/SES089/SA089S14	SES226	0.465398	-9.68122	-10.1466
BLOCK08/SES089/SA089S23	SES087	1.40658	-10.8124	-12.219
BLOCK08/SES089/SA089S23	SES206	0.618691	-11.6003	-12.219
BLOCK08/SES089/SA089S23	SES226	1.04219	-11.1768	-12.219
BLOCK08/SES089/SA089S23	SES270	-1.27903	-13.498	-12.219
BLOCK08/SES089/SA089S25	SES062	1.38627	-9.37542	-10.7617
BLOCK08/SES089/SA089S25	SES087	2.02615	-8.73554	-10.7617
BLOCK08/SES089/SA089S25	SES206	0.65203	-10.1097	-10.7617
BLOCK08/SES089/SA089S25	SES226	1.27446	-9.48723	-10.7617
BLOCK08/SES089/SA089S28	SES062	2.19687	-8.93611	-11.133
BLOCK08/SES089/SA089S28	SES087	2.60486	-8.52813	-11.133
BLOCK08/SES089/SA089S28	SES206	1.5427	-9.59028	-11.133
BLOCK08/SES089/SA089S28	SES226	1.85761	-9.27537	-11.133
BLOCK09/SES097/SA097S11	SES099	2.10704	-9.12942	-11.2365
BLOCK09/SES097/SA097S11	SES125	0.879669	-10.3568	-11.2365
BLOCK09/SES097/SA097S11	SES206	0.681396	-10.5551	-11.2365
BLOCK09/SES097/SA097S11	SES226	2.75255	-8.48391	-11.2365
BLOCK09/SES097/SA097S14	SES062	0.353859	-10.6398	-10.9937
BLOCK09/SES097/SA097S14	SES099	1.68097	-9.31269	-10.9937
BLOCK09/SES097/SA097S14	SES104	2.13502	-8.85864	-10.9937
BLOCK09/SES097/SA097S14	SES206	1.26792	-9.72574	-10.9937
BLOCK09/SES097/SA097S22	SES099	1.98767	-8.78525	-10.7729
BLOCK09/SES097/SA097S22	SES206	0.36259	-10.4103	-10.7729
BLOCK09/SES097/SA097S22	SES226	1.24325	-9.52967	-10.7729
BLOCK09/SES097/SA097S22	SES270	1.10958	-9.66334	-10.7729
BLOCK09/SES097/SA097S26	SES099	3.45579	-8.95229	-12.4081
BLOCK09/SES097/SA097S26	SES120	2.17138	-10.2367	-12.4081
BLOCK09/SES097/SA097S26	SES206	0.878187	-11.5299	-12.4081
BLOCK09/SES097/SA097S26	SES226	3.21093	-9.19715	-12.4081
BLOCK09/SES097/SA097S28	SES099	2.18326	-7.99746	-10.1807
BLOCK09/SES097/SA097S28	SES120	1.24404	-8.93668	-10.1807
BLOCK09/SES097/SA097S28	SES206	0.659749	-9.52097	-10.1807
BLOCK09/SES097/SA097S28	SES226	1.67007	-8.51065	-10.1807
BLOCK09/SES098/SA098S11	SES127	1.44857	-8.11927	-9.56783
BLOCK09/SES098/SA098S11	SES144	1.80429	-7.76354	-9.56783
BLOCK09/SES098/SA098S11	SES147	1.77561	-7.79222	-9.56783
BLOCK09/SES098/SA098S11	SES148	0.467475	-9.10036	-9.56783
BLOCK09/SES098/SA098S12	SES127	0.998322	-10.4577	-11.456
BLOCK09/SES098/SA098S12	SES144	1.0661	-10.3899	-11.456
BLOCK09/SES098/SA098S12	SES147	1.42458	-10.0315	-11.456
BLOCK09/SES098/SA098S12	SES189	1.25821	-10.1978	-11.456
BLOCK09/SES098/SA098S20	SES127	0.230162	-10.8942	-11.1243
BLOCK09/SES098/SA098S20	SES147	1.17803	-9.9463	-11.1243
BLOCK09/SES098/SA098S20	SES148	-1.61643	-12.7408	-11.1243
BLOCK09/SES098/SA098S20	SES292	2.13139	-8.99294	-11.1243
BLOCK09/SES098/SA098S23	SES127	0.656377	-9.68356	-10.3399
BLOCK09/SES098/SA098S23	SES147	0.990088	-9.34984	-10.3399
BLOCK09/SES098/SA098S23	SES187	1.51913	-8.8208	-10.3399
BLOCK09/SES098/SA098S23	SES292	1.72944	-8.6105	-10.3399
BLOCK09/SES098/SA098S27	SES127	0.107311	-10.6142	-10.7215
BLOCK09/SES098/SA098S27	SES147	1.05747	-9.66401	-10.7215
BLOCK09/SES098/SA098S27	SES148	-0.521341	-11.2428	-10.7215
BLOCK09/SES098/SA098S27	SES292	2.11258	-8.6089	-10.7215
BLOCK10/SES102/SA102S13	SES101	2.54366	-9.14554	-11.6892
BLOCK10/SES102/SA102S13	SES105	1.09719	-10.592	-11.6892
BLOCK10/SES102/SA102S13	SES120	-0.379472	-12.0687	-11.6892
BLOCK10/SES102/SA102S13	SES158	0.690222	-10.999	-11.6892
BLOCK10/SES102/SA102S14	SES007	3.39718	-6.14009	-9.53727
BLOCK10/SES102/SA102S14	SES101	2.78316	-6.75411	-9.53727
BLOCK10/SES102/SA102S14	SES105	2.392	-7.14527	-9.53727
BLOCK10/SES102/SA102S14	SES147	1.25664	-8.28063	-9.53727
BLOCK10/SES102/SA102S22	SES007	1.33647	-8.49546	-9.83194
BLOCK10/SES102/SA102S22	SES101	2.10624	-7.7257	-9.83194
BLOCK10/SES102/SA102S22	SES105	1.95693	-7.875	-9.83194
BLOCK10/SES102/SA102S22	SES158	0.293633	-9.5383	-9.83194
BLOCK10/SES102/SA102S25	SES007	2.3613	-7.54263	-9.90392
BLOCK10/SES102/SA102S25	SES101	2.39883	-7.5051	-9.90392
BLOCK10/SES102/SA102S25	SES105	1.54477	-8.35915	-9.90392
BLOCK10/SES102/SA102S25	SES147	0.429462	-9.47446	-9.90392
BLOCK10/SES102/SA102S27	SES007	2.14323	-7.97887	-10.1221
BLOCK10/SES102/SA102S27	SES101	2.54922	-7.57288	-10.1221
BLOCK10/SES102/SA102S27	SES105	0.848041	-9.27406	-10.1221
BLOCK10/SES102/SA102S27	SES147	0.4844	-9.6377	-10.1221
BLOCK10/SES103/SA103S14	SES105	1.19613	-10.2251	-11.4212
BLOCK10/SES103/SA103S14	SES106	1.11122	-10.31	-11.4212
BLOCK10/SES103/SA103S14	SES120	0.652149	-10.769	-11.4212
BLOCK10/SES103/SA103S14	SES206	1.0386	-10.3826	-11.4212
BLOCK10/SES103/SA103S15	SES099	-0.305149	-11.9661	-11.6609
BLOCK10/SES103/SA103S15	SES101	-0.382578	-12.0435	-11.6609
BLOCK10/SES103/SA103S15	SES104	0.676481	-10.9844	-11.6609
BLOCK10/SES103/SA103S15	SES125	0.388155	-11.2728	-11.6609
BLOCK10/SES103/SA103S24	SES104	1.71204	-9.51853	-11.2306
BLOCK10/SES103/SA103S24	SES125	-0.267048	-11.4976	-11.2306
BLOCK10/SES103/SA103S24	SES148	0.600538	-10.63	-11.2306
BLOCK10/SES103/SA103S24	SES158	0.92091	-10.3097	-11.2306
BLOCK10/SES103/SA103S26	SES104	1.35973	-9.38631	-10.746
BLOCK10/SES103/SA103S26	SES106	0.857407	-9.88863	-10.746
BLOCK10/SES103/SA103S26	SES125	1.15106	-9.59498	-10.746
BLOCK10/SES103/SA103S26	SES148	0.239215	-10.5068	-10.746
BLOCK10/SES103/SA103S28	SES104	2.05517	-9.38737	-11.4425
BLOCK10/SES103/SA103S28	SES106	1.09933	-10.3432	-11.4425
BLOCK10/SES103/SA103S28	SES125	0.858521	-10.584	-11.4425
BLOCK10/SES103/SA103S28	SES206	1.2384	-10.2041	-11.4425
BLOCK12/SES121/SA121S12	SES042	1.3143	-9.56481	-10.8791
BLOCK12/SES121/SA121S12	SES087	1.07889	-9.80022	-10.8791
BLOCK12/SES121/SA121S12	SES105	1.7771	-9.10201	-10.8791
BLOCK12/SES121/SA121S12	SES206	1.67467	-9.20444	-10.8791
BLOCK12/SES121/SA121S14	SES007	2.17251	-12.5891	-14.7616
BLOCK12/SES121/SA121S14	SES105	0.962996	-13.7986	-14.7616
BLOCK12/SES121/SA121S14	SES106	2.80111	-11.9605	-14.7616
BLOCK12/SES121/SA121S14	SES206	2.45271	-12.3089	-14.7616
BLOCK12/SES121/SA121S23	SES105	1.81786	-12.682	-14.4999
BLOCK12/SES121/SA121S23	SES106	3.08176	-11.4181	-14.4999
BLOCK12/SES121/SA121S23	SES120	2.7802	-11.7197	-14.4999
BLOCK12/SES121/SA121S23	SES206	3.75403	-10.7458	-14.4999
BLOCK12/SES121/SA121S25	SES007	2.79517	-11.9488	-14.744
BLOCK12/SES121/SA121S25	SES105	1.18271	-13.5613	-14.744
BLOCK12/SES121/SA121S25	SES106	3.70903	-11.035	-14.744
BLOCK12/SES121/SA121S25	SES206	2.57127	-12.1727	-14.744
BLOCK12/SES121/SA121S27	SES087	4.40758	-9.78548	-14.1931
BLOCK12/SES121/SA121S27	SES105	0.502687	-13.6904	-14.1931
BLOCK12/SES121/SA121S27	SES120	3.74258	-10.4505	-14.1931
BLOCK12/SES121/SA121S27	SES206	3.01488	-11.1782	-14.1931
BLOCK12/SES124/SA124S16	SES042	1.5952	-6.88278	-8.47798
BLOCK12/SES124/SA124S16	SES082	0.732831	-7.74515	-8.47798
BLOCK12/SES124/SA124S16	SES183	0.448937	-8.02904	-8.47798
BLOCK12/SES124/SA124S16	SES206	0.792747	-7.68523	-8.47798
BLOCK12/SES124/SA124S17	SES105	0.405534	-9.52771	-9.93324
BLOCK12/SES124/SA124S17	SES149	1.01193	-8.92131	-9.93324
BLOCK12/SES124/SA124S17	SES158	0.0705042	-9.86273	-9.93324
BLOCK12/SES124/SA124S17	SES275	0.507092	-9.42615	-9.93324
BLOCK12/SES124/SA124S23	SES105	0.587878	-8.276	-8.86388
BLOCK12/SES124/SA124S23	SES125	2.83909	-6.02478	-8.86388
BLOCK12/SES124/SA124S23	SES129	0.180459	-8.68342	-8.86388
BLOCK12/SES124/SA124S23	SES158	1.22347	-7.64041	-8.86388
BLOCK12/SES124/SA124S26	SES105	-0.314257	-9.64158	-9.32733
BLOCK12/SES124/SA124S26	SES125	1.19274	-8.13459	-9.32733
BLOCK12/SES124/SA124S26	SES129	-0.660752	-9.98808	-9.32733
BLOCK12/SES124/SA124S26	SES158	0.681838	-8.64549	-9.32733
BLOCK12/SES124/SA124S28	SES104	1.76446	-7.34959	-9.11405
BLOCK12/SES124/SA124S28	SES106	0.981227	-8.13282	-9.11405
BLOCK12/SES124/SA124S28	SES125	1.9993	-7.11475	-9.11405
BLOCK12/SES124/SA124S28	SES275	0.910863	-8.20319	-9.11405
BLOCK12/SES126/SA126S13	SES007	1.72623	-8.57563	-10.3019
BLOCK12/SES126/SA126S13	SES162	1.04984	-9.25202	-10.3019
BLOCK12/SES126/SA126S13	SES177	1.68808	-8.61378	-10.3019
BLOCK12/SES126/SA126S13	SES180	1.17507	-9.12678	-10.3019
BLOCK12/SES126/SA126S14	SES144	1.5958	-7.99559	-9.59139
BLOCK12/SES126/SA126S14	SES148	0.403381	-9.18801	-9.59139
BLOCK12/SES126/SA126S14	SES177	1.70474	-7.88665	-9.59139
BLOCK12/SES126/SA126S14	SES180	1.19183	-8.39956	-9.59139
BLOCK12/SES126/SA126S20	SES007	1.14796	-7.48275	-8.63071
BLOCK12/SES126/SA126S20	SES162	0.653374	-7.97734	-8.63071
BLOCK12/SES126/SA126S20	SES172	0.599202	-8.03151	-8.63071
BLOCK12/SES126/SA126S20	SES180	0.91488	-7.71583	-8.63071
BLOCK12/SES126/SA126S24	SES120	1.84464	-7.54387	-9.38851
BLOCK12/SES126/SA126S24	SES162	1.14723	-8.24128	-9.38851
BLOCK12/SES126/SA126S24	SES177	1.94021	-7.4483	-9.38851
BLOCK12/SES126/SA126S24	SES180	1.68462	-7.70389	-9.38851
BLOCK12/SES126/SA126S26	SES120	2.30131	-7.56004	-9.86135
BLOCK12/SES126/SA126S26	SES177	1.48218	-8.37917	-9.86135
BLOCK12/SES126/SA126S26	SES180	1.65315	-8.20821	-9.86135
BLOCK12/SES126/SA126S26	SES202	1.31835	-8.543	-9.86135
BLOCK12/SES128/SA128S10	SES087	1.22642	-9.82275	-11.0492
BLOCK12/SES128/SA128S10	SES206	2.29192	-8.75725	-11.0492
BLOCK12/SES128/SA128S10	SES226	2.87811	-8.17106	-11.0492
BLOCK12/SES128/SA128S10	SES270	2.60146	-8.4477	-11.0492
BLOCK12/SES128/SA128S12	SES120	2.40777	-8.37538	-10.7831
BLOCK12/SES128/SA128S12	SES158	2.36507	-8.41808	-10.7831
BLOCK12/SES128/SA128S12	SES206	2.61842	-8.16473	-10.7831
BLOCK12/SES128/SA128S12	SES226	1.40136	-9.38179	-10.7831
BLOCK12/SES128/SA128S21	SES106	1.9688	-8.85445	-10.8232
BLOCK12/SES128/SA128S21	SES120	1.92382	-8.89943	-10.8232
BLOCK12/SES128/SA128S21	SES206	2.08244	-8.74081	-10.8232
BLOCK12/SES128/SA128S21	SES226	3.28134	-7.5419	-10.8232
BLOCK12/SES128/SA128S24	SES087	2.28397	-9.37197	-11.6559
BLOCK12/SES128/SA128S24	SES120	2.65016	-9.00578	-11.6559
BLOCK12/SES128/SA128S24	SES206	2.56482	-9.09112	-11.6559
BLOCK12/SES128/SA128S24	SES226	1.90671	-9.74923	-11.6559
BLOCK12/SES128/SA128S27	SES099	3.54488	-7.46883	-11.0137
BLOCK12/SES128/SA128S27	SES120	3.44676	-7.56695	-11.0137
BLOCK12/SES128/SA128S27	SES206	3.09248	-7.92124	-11.0137
BLOCK12/SES128/SA128S27	SES226	2.92868	-8.08504	-11.0137
BLOCK13/SES130/SA130S13	SES143	1.42888	-9.36678	-10.7957
BLOCK13/SES130/SA130S13	SES144	2.13977	-8.65588	-10.7957
BLOCK13/SES130/SA130S13	SES146	-0.00028038	-10.7959	-10.7957
BLOCK13/SES130/SA130S13	SES275	-0.394942	-11.1906	-10.7957
BLOCK13/SES130/SA130S15	SES143	1.35352	-8.19647	-9.54999
BLOCK13/SES130/SA130S15	SES144	2.53814	-7.01186	-9.54999
BLOCK13/SES130/SA130S15	SES146	1.63862	-7.91138	-9.54999
BLOCK13/SES130/SA130S15	SES275	1.18171	-8.36828	-9.54999
BLOCK13/SES130/SA130S23	SES127	1.24446	-8.93018	-10.1746
BLOCK13/SES130/SA130S23	SES144	2.03896	-8.13568	-10.1746
BLOCK13/SES130/SA130S23	SES146	1.35012	-8.82451	-10.1746
BLOCK13/SES130/SA130S23	SES162	1.35419	-8.82045	-10.1746
BLOCK13/SES130/SA130S25	SES127	1.78407	-7.46664	-9.2507
BLOCK13/SES130/SA130S25	SES144	2.40924	-6.84147	-9.2507
BLOCK13/SES130/SA130S25	SES146	2.00921	-7.24149	-9.2507
BLOCK13/SES130/SA130S25	SES275	1.48765	-7.76305	-9.2507
BLOCK13/SES130/SA130S28	SES127	1.66239	-8.29777	-9.96017
BLOCK13/SES130/SA130S28	SES144	1.21079	-8.74938	-9.96017
BLOCK13/SES130/SA130S28	SES146	1.44881	-8.51136	-9.96017
BLOCK13/SES130/SA130S28	SES275	1.0543	-8.90587	-9.96017
BLOCK13/SES131/SA131S13	SES002	0.535106	-9.89125	-10.4264
BLOCK13/SES131/SA131S13	SES007	0.449346	-9.97701	-10.4264
BLOCK13/SES131/SA131S13	SES099	1.50356	-8.9228	-10.4264
BLOCK13/SES131/SA131S13	SES105	0.826153	-9.60021	-10.4264
BLOCK13/SES131/SA131S14	SES104	1.29557	-7.27255	-8.56812
BLOCK13/SES131/SA131S14	SES106	0.442603	-8.12551	-8.56812
BLOCK13/SES131/SA131S14	SES125	1.00137	-7.56675	-8.56812
BLOCK13/SES131/SA131S14	SES148	2.10559	-6.46253	-8.56812
BLOCK13/SES131/SA131S20	SES104	1.32003	-9.95174	-11.2718
BLOCK13/SES131/SA131S20	SES106	0.943013	-10.3288	-11.2718
BLOCK13/SES131/SA131S20	SES125	1.37518	-9.89659	-11.2718
BLOCK13/SES131/SA131S20	SES148	0.901508	-10.3703	-11.2718
BLOCK13/SES131/SA131S22	SES099	2.35357	-7.3874	-9.74097
BLOCK13/SES131/SA131S22	SES104	2.00704	-7.73393	-9.74097
BLOCK13/SES131/SA131S22	SES125	2.20843	-7.53254	-9.74097
BLOCK13/SES131/SA131S22	SES206	1.98688	-7.7541	-9.74097
BLOCK13/SES131/SA131S29	SES087	1.32405	-10.1531	-11.4771
BLOCK13/SES131/SA131S29	SES104	0.818721	-10.6584	-11.4771
BLOCK13/SES131/SA131S29	SES125	-0.377934	-11.855	-11.4771
BLOCK13/SES131/SA131S29	SES206	0.686935	-10.7902	-11.4771
BLOCK13/SES132/SA132S11	SES083	0.96532	-9.33651	-10.3018
BLOCK13/SES132/SA132S11	SES120	2.47953	-7.82231	-10.3018
BLOCK13/SES132/SA132S11	SES127	0.588533	-9.7133	-10.3018
BLOCK13/SES132/SA132S11	SES275	1.21434	-9.08749	-10.3018
BLOCK13/SES132/SA132S12	SES083	0.434214	-9.21941	-9.65362
BLOCK13/SES132/SA132S12	SES143	0.242907	-9.41072	-9.65362
BLOCK13/SES132/SA132S12	SES144	1.44054	-8.21308	-9.65362
BLOCK13/SES132/SA132S12	SES148	1.07123	-8.58239	-9.65362
BLOCK13/SES132/SA132S22	SES062	2.05343	-8.48091	-10.5343
BLOCK13/SES132/SA132S22	SES083	0.748531	-9.78581	-10.5343
BLOCK13/SES132/SA132S22	SES127	1.02094	-9.5134	-10.5343
BLOCK13/SES132/SA132S22	SES275	1.86419	-8.67015	-10.5343
BLOCK13/SES132/SA132S24	SES007	2.19269	-7.66807	-9.86075
BLOCK13/SES132/SA132S24	SES083	1.21557	-8.64518	-9.86075
BLOCK13/SES132/SA132S24	SES127	0.523294	-9.33746	-9.86075
BLOCK13/SES132/SA132S24	SES275	1.65174	-8.20902	-9.86075
BLOCK13/SES132/SA132S27	SES083	0.411097	-10.8725	-11.2836
BLOCK13/SES132/SA132S27	SES120	3.15232	-8.1313	-11.2836
BLOCK13/SES132/SA132S27	SES127	-1.26604	-12.5497	-11.2836
BLOCK13/SES132/SA132S27	SES275	0.813899	-10.4697	-11.2836
BLOCK14/SES141/SA141S09	SES143	0.671913	-7.9669	-8.63881
BLOCK14/SES141/SA141S09	SES144	1.32519	-7.31362	-8.63881
BLOCK14/SES141/SA141S09	SES162	0.565992	-8.07282	-8.63881
BLOCK14/SES141/SA141S09	SES180	0.959907	-7.67891	-8.63881
BLOCK14/SES141/SA141S15	SES127	-0.112595	-9.57619	-9.4636
BLOCK14/SES141/SA141S15	SES144	0.768799	-8.6948	-9.4636
BLOCK14/SES141/SA141S15	SES162	-0.440122	-9.90372	-9.4636
BLOCK14/SES141/SA141S15	SES180	0.587062	-8.87653	-9.4636
BLOCK14/SES141/SA141S24	SES127	0.472066	-9.28817	-9.76023
BLOCK14/SES141/SA141S24	SES144	1.07253	-8.6877	-9.76023
BLOCK14/SES141/SA141S24	SES162	0.330922	-9.42931	-9.76023
BLOCK14/SES141/SA141S24	SES183	0.511393	-9.24884	-9.76023
BLOCK14/SES141/SA141S26	SES142	1.8883	-8.36107	-10.2494
BLOCK14/SES141/SA141S26	SES144	0.78003	-9.46934	-10.2494
BLOCK14/SES141/SA141S26	SES172	0.943341	-9.30603	-10.2494
BLOCK14/SES141/SA141S26	SES180	0.995919	-9.25345	-10.2494
BLOCK14/SES141/SA141S29	SES127	1.1641	-8.05306	-9.21716
BLOCK14/SES141/SA141S29	SES142	2.24477	-6.97238	-9.21716
BLOCK14/SES141/SA141S29	SES144	1.40803	-7.80913	-9.21716
BLOCK14/SES141/SA141S29	SES180	1.65484	-7.56232	-9.21716
BLOCK15/SES157/SA157S08	SES083	0.775736	-8.08767	-8.8634
BLOCK15/SES157/SA157S08	SES127	0.702518	-8.16089	-8.8634
BLOCK15/SES157/SA157S08	SES148	1.24579	-7.61761	-8.8634
BLOCK15/SES157/SA157S08	SES292	0.163892	-8.69951	-8.8634
BLOCK15/SES157/SA157S11	SES083	0.518019	-9.26668	-9.7847
BLOCK15/SES157/SA157S11	SES127	0.753782	-9.03092	-9.7847
BLOCK15/SES157/SA157S11	SES148	0.150945	-9.63375	-9.7847
BLOCK15/SES157/SA157S11	SES292	0.160338	-9.62436	-9.7847
BLOCK15/SES157/SA157S21	SES127	1.7881	-7.13623	-8.92433
BLOCK15/SES157/SA157S21	SES148	2.06612	-6.85821	-8.92433
BLOCK15/SES157/SA157S21	SES158	-1.8326	-10.7569	-8.92433
BLOCK15/SES157/SA157S21	SES292	0.773474	-8.15086	-8.92433
BLOCK15/SES157/SA157S24	SES127	0.876655	-8.66675	-9.54341
BLOCK15/SES157/SA157S24	SES148	0.629804	-8.9136	-9.54341
BLOCK15/SES157/SA157S24	SES183	0.37347	-9.16994	-9.54341
BLOCK15/SES157/SA157S24	SES292	-0.270478	-9.81388	-9.54341
BLOCK15/SES157/SA157S26	SES007	0.830005	-8.18465	-9.01465
BLOCK15/SES157/SA157S26	SES127	0.984878	-8.02978	-9.01465
BLOCK15/SES157/SA157S26	SES147	0.549003	-8.46565	-9.01465
BLOCK15/SES157/SA157S26	SES148	0.492585	-8.52207	-9.01465
BLOCK16/SES161/SA161S10	SES007	1.60708	-8.48311	-10.0902
BLOCK16/SES161/SA161S10	SES105	1.49847	-8.59172	-10.0902
BLOCK16/SES161/SA161S10	SES158	0.841627	-9.24856	-10.0902
BLOCK16/SES161/SA161S10	SES275	1.59024	-8.49995	-10.0902
BLOCK16/SES161/SA161S12	SES007	2.10732	-11.1016	-13.2089
BLOCK16/SES161/SA161S12	SES105	2.52023	-10.6887	-13.2089
BLOCK16/SES161/SA161S12	SES158	2.43518	-10.7737	-13.2089
BLOCK16/SES161/SA161S12	SES275	0.362059	-12.8468	-13.2089
BLOCK16/SES161/SA161S20	SES007	2.44081	-9.86292	-12.3037
BLOCK16/SES161/SA161S20	SES105	1.15927	-11.1445	-12.3037
BLOCK16/SES161/SA161S20	SES158	2.8693	-9.43443	-12.3037
BLOCK16/SES161/SA161S20	SES275	0.441434	-11.8623	-12.3037
BLOCK16/SES161/SA161S23	SES007	0.818242	-11.4202	-12.2384
BLOCK16/SES161/SA161S23	SES105	1.80272	-10.4357	-12.2384
BLOCK16/SES161/SA161S23	SES148	0.609857	-11.6286	-12.2384
BLOCK16/SES161/SA161S23	SES158	-0.394312	-12.6327	-12.2384
BLOCK16/SES161/SA161S28	SES007	2.74892	-9.79549	-12.5444
BLOCK16/SES161/SA161S28	SES105	2.18664	-10.3578	-12.5444
BLOCK16/SES161/SA161S28	SES158	3.89941	-8.645	-12.5444
BLOCK16/SES161/SA161S28	SES206	3.26337	-9.28105	-12.5444
BLOCK16/SES164/SA164S11	SES104	1.3944	-9.07861	-10.473
BLOCK16/SES164/SA164S11	SES125	2.21335	-8.25965	-10.473
BLOCK16/SES164/SA164S11	SES158	1.1046	-9.36841	-10.473
BLOCK16/SES164/SA164S11	SES206	0.00332832	-10.4697	-10.473
BLOCK16/SES164/SA164S13	SES099	0.613718	-10.3727	-10.9865
BLOCK16/SES164/SA164S13	SES104	1.72541	-9.26105	-10.9865
BLOCK16/SES164/SA164S13	SES125	1.63846	-9.34801	-10.9865
BLOCK16/SES164/SA164S13	SES206	0.724025	-10.2624	-10.9865
BLOCK16/SES164/SA164S24	SES002	2.42294	-7.7252	-10.1481
BLOCK16/SES164/SA164S24	SES099	1.51908	-8.62906	-10.1481
BLOCK16/SES164/SA164S24	SES125	1.50467	-8.64347	-10.1481
BLOCK16/SES164/SA164S24	SES226	2.60634	-7.5418	-10.1481
BLOCK16/SES164/SA164S27	SES087	-0.450435	-11.0137	-10.5633
BLOCK16/SES164/SA164S27	SES125	1.37629	-9.18702	-10.5633
BLOCK16/SES164/SA164S27	SES206	-0.246923	-10.8102	-10.5633
BLOCK16/SES164/SA164S27	SES226	1.91304	-8.65026	-10.5633
BLOCK16/SES164/SA164S29	SES002	1.8032	-8.53065	-10.3339
BLOCK16/SES164/SA164S29	SES019	0.966016	-9.36784	-10.3339
BLOCK16/SES164/SA164S29	SES125	1.71397	-8.61989	-10.3339
BLOCK16/SES164/SA164S29	SES226	1.79616	-8.5377	-10.3339
BLOCK16/SES169/SA169S13	SES117	0.831797	-9.24399	-10.0758
BLOCK16/SES169/SA169S13	SES144	1.61225	-8.46354	-10.0758
BLOCK16/SES169/SA169S13	SES146	1.59395	-8.48184	-10.0758
BLOCK16/SES169/SA169S13	SES162	0.982446	-9.09334	-10.0758
BLOCK16/SES169/SA169S14	SES144	1.56496	-7.24173	-8.80669
BLOCK16/SES169/SA169S14	SES148	1.74914	-7.05755	-8.80669
BLOCK16/SES169/SA169S14	SES177	1.86539	-6.9413	-8.80669
BLOCK16/SES169/SA169S14	SES180	1.55592	-7.25077	-8.80669
BLOCK16/SES169/SA169S24	SES117	0.851164	-9.39874	-10.2499
BLOCK16/SES169/SA169S24	SES144	1.17498	-9.07492	-10.2499
BLOCK16/SES169/SA169S24	SES146	1.13376	-9.11614	-10.2499
BLOCK16/SES169/SA169S24	SES162	0.751027	-9.49887	-10.2499
BLOCK16/SES169/SA169S27	SES127	1.51133	-8.26152	-9.77285
BLOCK16/SES169/SA169S27	SES129	1.80383	-7.96903	-9.77285
BLOCK16/SES169/SA169S27	SES144	1.54235	-8.23051	-9.77285
BLOCK16/SES169/SA169S27	SES146	1.4685	-8.30435	-9.77285
BLOCK16/SES169/SA169S29	SES144	1.96069	-6.83636	-8.79705
BLOCK16/SES169/SA169S29	SES162	1.84125	-6.9558	-8.79705
BLOCK16/SES169/SA169S29	SES177	1.25846	-7.53858	-8.79705
BLOCK16/SES169/SA169S29	SES180	1.07646	-7.72058	-8.79705
BLOCK17/SES171/SA171S12	SES083	1.3955	-9.39563	-10.7911
BLOCK17/SES171/SA171S12	SES148	0.141731	-10.6494	-10.7911
BLOCK17/SES171/SA171S12	SES172	0.736008	-10.0551	-10.7911
BLOCK17/SES171/SA171S12	SES292	-0.450692	-11.2418	-10.7911
BLOCK17/SES171/SA171S15	SES148	0.384897	-9.41623	-9.80113
BLOCK17/SES171/SA171S15	SES177	0.75874	-9.04239	-9.80113
BLOCK17/SES171/SA171S15	SES180	-0.92336	-10.7245	-9.80113
BLOCK17/SES171/SA171S15	SES292	0.0866766	-9.71446	-9.80113
BLOCK17/SES171/SA171S22	SES007	0.951902	-7.22925	-8.18115
BLOCK17/SES171/SA171S22	SES148	1.04341	-7.13775	-8.18115
BLOCK17/SES171/SA171S22	SES177	1.3441	-6.83705	-8.18115
BLOCK17/SES171/SA171S22	SES180	0.172826	-8.00833	-8.18115
BLOCK17/SES171/SA171S25	SES101	0.800288	-9.6437	-10.444
BLOCK17/SES171/SA171S25	SES120	-1.18352	-11.6275	-10.444
BLOCK17/SES171/SA171S25	SES177	1.22204	-9.22195	-10.444
BLOCK17/SES171/SA171S25	SES180	0.370995	-10.073	-10.444
BLOCK17/SES171/SA171S27	SES177	1.67236	-9.00127	-10.6736
BLOCK17/SES171/SA171S27	SES180	-0.607158	-11.2808	-10.6736
BLOCK17/SES171/SA171S27	SES189	1.5258	-9.14783	-10.6736
BLOCK17/SES171/SA171S27	SES292	0.678421	-9.99522	-10.6736
BLOCK17/SES173/SA173S13	SES162	0.281671	-10.1902	-10.4719
BLOCK17/SES173/SA173S13	SES177	1.82613	-8.64572	-10.4719
BLOCK17/SES173/SA173S13	SES180	1.20925	-9.2626	-10.4719
BLOCK17/SES173/SA173S13	SES292	2.7588	-7.71306	-10.4719
BLOCK17/SES173/SA173S14	SES007	1.17684	-8.34307	-9.51991
BLOCK17/SES173/SA173S14	SES162	-0.470338	-9.99024	-9.51991
BLOCK17/SES173/SA173S14	SES177	0.6444	-8.87551	-9.51991
BLOCK17/SES173/SA173S14	SES180	0.143847	-9.37606	-9.51991
BLOCK17/SES173/SA173S24	SES144	0.716035	-9.76322	-10.4793
BLOCK17/SES173/SA173S24	SES162	0.190831	-10.2884	-10.4793
BLOCK17/SES173/SA173S24	SES177	1.87926	-8.59999	-10.4793
BLOCK17/SES173/SA173S24	SES180	0.107616	-10.3716	-10.4793
BLOCK17/SES173/SA173S27	SES162	-1.02205	-11.3997	-10.3776
BLOCK17/SES173/SA173S27	SES177	1.30509	-9.07254	-10.3776
BLOCK17/SES173/SA173S27	SES180	0.905094	-9.47253	-10.3776
BLOCK17/SES173/SA173S27	SES292	2.56448	-7.81314	-10.3776
BLOCK17/SES173/SA173S29	SES162	0.265738	-9.65019	-9.91593
BLOCK17/SES173/SA173S29	SES175	1.27381	-8.64212	-9.91593
BLOCK17/SES173/SA173S29	SES177	1.22869	-8.68724	-9.91593
BLOCK17/SES173/SA173S29	SES292	0.796552	-9.11937	-9.91593
BLOCK18/SES182/SA182S10	SES144	1.27363	-8.30172	-9.57535
BLOCK18/SES182/SA182S10	SES177	1.44229	-8.13306	-9.57535
BLOCK18/SES182/SA182S10	SES180	0.558414	-9.01694	-9.57535
BLOCK18/SES182/SA182S10	SES275	1.65137	-7.92398	-9.57535
BLOCK18/SES182/SA182S12	SES144	1.78538	-7.72811	-9.51349
BLOCK18/SES182/SA182S12	SES177	1.75146	-7.76202	-9.51349
BLOCK18/SES182/SA182S12	SES180	0.583103	-8.93038	-9.51349
BLOCK18/SES182/SA182S12	SES275	1.78406	-7.72943	-9.51349
BLOCK18/SES182/SA182S21	SES117	1.12808	-10.117	-11.2451
BLOCK18/SES182/SA182S21	SES144	1.52717	-9.71793	-11.2451
BLOCK18/SES182/SA182S21	SES162	1.37563	-9.86947	-11.2451
BLOCK18/SES182/SA182S21	SES180	0.372272	-10.8728	-11.2451
BLOCK18/SES182/SA182S23	SES117	1.75257	-10.2141	-11.9667
BLOCK18/SES182/SA182S23	SES144	1.28813	-10.6786	-11.9667
BLOCK18/SES182/SA182S23	SES180	-0.563945	-12.5307	-11.9667
BLOCK18/SES182/SA182S23	SES275	1.60352	-10.3632	-11.9667
BLOCK18/SES182/SA182S25	SES007	2.35973	-7.96413	-10.3239
BLOCK18/SES182/SA182S25	SES162	1.12503	-9.19882	-10.3239
BLOCK18/SES182/SA182S25	SES177	1.81218	-8.51168	-10.3239
BLOCK18/SES182/SA182S25	SES180	0.344138	-9.97972	-10.3239
BLOCK18/SES184/SA184S12	SES177	1.14192	-8.68932	-9.83124
BLOCK18/SES184/SA184S12	SES180	2.19567	-7.63557	-9.83124
BLOCK18/SES184/SA184S12	SES189	0.792878	-9.03836	-9.83124
BLOCK18/SES184/SA184S12	SES292	2.28316	-7.54808	-9.83124
BLOCK18/SES184/SA184S13	SES101	1.13275	-8.56584	-9.69859
BLOCK18/SES184/SA184S13	SES177	1.17048	-8.52812	-9.69859
BLOCK18/SES184/SA184S13	SES180	1.22678	-8.47181	-9.69859
BLOCK18/SES184/SA184S13	SES292	1.11685	-8.58175	-9.69859
BLOCK18/SES184/SA184S22	SES177	0.91606	-9.14863	-10.0647
BLOCK18/SES184/SA184S22	SES180	1.84749	-8.2172	-10.0647
BLOCK18/SES184/SA184S22	SES189	1.08201	-8.98268	-10.0647
BLOCK18/SES184/SA184S22	SES292	1.24964	-8.81505	-10.0647
BLOCK18/SES184/SA184S25	SES101	1.10711	-8.47578	-9.58289
BLOCK18/SES184/SA184S25	SES177	0.680298	-8.90259	-9.58289
BLOCK18/SES184/SA184S25	SES180	1.89295	-7.68994	-9.58289
BLOCK18/SES184/SA184S25	SES292	1.42698	-8.15591	-9.58289
BLOCK18/SES184/SA184S27	SES083	1.12944	-8.31634	-9.44578
BLOCK18/SES184/SA184S27	SES177	1.25843	-8.18735	-9.44578
BLOCK18/SES184/SA184S27	SES202	1.24234	-8.20343	-9.44578
BLOCK18/SES184/SA184S27	SES292	0.976607	-8.46917	-9.44578
BLOCK20/SES204/SA204S12	SES062	2.08218	-7.91279	-9.99497
BLOCK20/SES204/SA204S12	SES083	0.854223	-9.14075	-9.99497
BLOCK20/SES204/SA204S12	SES206	2.26014	-7.73482	-9.99497
BLOCK20/SES204/SA204S12	SES226	1.90125	-8.09372	-9.99497
BLOCK20/SES204/SA204S14	SES068	2.74696	-6.70164	-9.4486
BLOCK20/SES204/SA204S14	SES087	2.91826	-6.53034	-9.4486
BLOCK20/SES204/SA204S14	SES206	2.20709	-7.24151	-9.4486
BLOCK20/SES204/SA204S14	SES226	1.9029	-7.5457	-9.4486
BLOCK20/SES204/SA204S22	SES068	2.14438	-7.75421	-9.89859
BLOCK20/SES204/SA204S22	SES082	1.79966	-8.09893	-9.89859
BLOCK20/SES204/SA204S22	SES083	0.380504	-9.51808	-9.89859
BLOCK20/SES204/SA204S22	SES206	2.30114	-7.59745	-9.89859
BLOCK20/SES204/SA204S25	SES062	2.09201	-7.62034	-9.71234
BLOCK20/SES204/SA204S25	SES083	0.483138	-9.22921	-9.71234
BLOCK20/SES204/SA204S25	SES206	2.35844	-7.35391	-9.71234
BLOCK20/SES204/SA204S25	SES226	1.7501	-7.96224	-9.71234
BLOCK20/SES204/SA204S27	SES068	2.13392	-8.06961	-10.2035
BLOCK20/SES204/SA204S27	SES082	0.797014	-9.40652	-10.2035
BLOCK20/SES204/SA204S27	SES087	2.4179	-7.78563	-10.2035
BLOCK20/SES204/SA204S27	SES206	0.568466	-9.63507	-10.2035
BLOCK20/SES207/SA207S10	SES127	-0.138366	-9.14943	-9.01107
BLOCK20/SES207/SA207S10	SES183	0.31298	-8.69809	-9.01107
BLOCK20/SES207/SA207S10	SES189	1.0163	-7.99477	-9.01107
BLOCK20/SES207/SA207S10	SES292	-0.153072	-9.16414	-9.01107
BLOCK20/SES207/SA207S11	SES127	-0.195575	-9.98735	-9.79177
BLOCK20/SES207/SA207S11	SES183	-0.328555	-10.1203	-9.79177
BLOCK20/SES207/SA207S11	SES187	0.491464	-9.30031	-9.79177
BLOCK20/SES207/SA207S11	SES292	0.854082	-8.93769	-9.79177
BLOCK20/SES207/SA207S25	SES068	0.867797	-9.1952	-10.063
BLOCK20/SES207/SA207S25	SES083	0.0738506	-9.98914	-10.063
BLOCK20/SES207/SA207S25	SES127	1.06419	-8.99881	-10.063
BLOCK20/SES207/SA207S25	SES187	0.816214	-9.24678	-10.063
BLOCK20/SES207/SA207S27	SES127	0.273113	-9.71152	-9.98463
BLOCK20/SES207/SA207S27	SES183	0.00655842	-9.97807	-9.98463
BLOCK20/SES207/SA207S27	SES187	0.869291	-9.11534	-9.98463
BLOCK20/SES207/SA207S27	SES292	0.329144	-9.65548	-9.98463
BLOCK20/SES207/SA207S29	SES083	-0.529095	-9.89882	-9.36973
BLOCK20/SES207/SA207S29	SES085	0.434234	-8.9355	-9.36973
BLOCK20/SES207/SA207S29	SES172	1.01827	-8.35146	-9.36973
BLOCK20/SES207/SA207S29	SES189	-0.645458	-10.0152	-9.36973
BLOCK22/SES221/SA221S12	SES068	2.15543	-7.04993	-9.20536
BLOCK22/SES221/SA221S12	SES143	0.91277	-8.29259	-9.20536
BLOCK22/SES221/SA221S12	SES175	1.92359	-7.28177	-9.20536
BLOCK22/SES221/SA221S12	SES202	1.57792	-7.62744	-9.20536
BLOCK22/SES221/SA221S15	SES085	1.82117	-7.51021	-9.33138
BLOCK22/SES221/SA221S15	SES143	0.998422	-8.33296	-9.33138
BLOCK22/SES221/SA221S15	SES175	1.55657	-7.77481	-9.33138
BLOCK22/SES221/SA221S15	SES187	1.25326	-8.07812	-9.33138
BLOCK22/SES221/SA221S23	SES068	2.71725	-6.81589	-9.53314
BLOCK22/SES221/SA221S23	SES143	1.17236	-8.36078	-9.53314
BLOCK22/SES221/SA221S23	SES175	1.77293	-7.76021	-9.53314
BLOCK22/SES221/SA221S23	SES189	0.951604	-8.58154	-9.53314
BLOCK22/SES221/SA221S27	SES085	2.35293	-7.32449	-9.67742
BLOCK22/SES221/SA221S27	SES143	0.977224	-8.70019	-9.67742
BLOCK22/SES221/SA221S27	SES175	1.09496	-8.58246	-9.67742
BLOCK22/SES221/SA221S27	SES189	0.738801	-8.93862	-9.67742
BLOCK22/SES221/SA221S29	SES085	2.8565	-6.69312	-9.54963
BLOCK22/SES221/SA221S29	SES143	1.49833	-8.0513	-9.54963
BLOCK22/SES221/SA221S29	SES175	2.05082	-7.49881	-9.54963
BLOCK22/SES221/SA221S29	SES187	1.33866	-8.21097	-9.54963
BLOCK22/SES223/SA223S11	SES143	1.18076	-8.68033	-9.86109
BLOCK22/SES223/SA223S11	SES144	0.467528	-9.39356	-9.86109
BLOCK22/SES223/SA223S11	SES175	1.53211	-8.32898	-9.86109
BLOCK22/SES223/SA223S11	SES187	0.872636	-8.98845	-9.86109
BLOCK22/SES223/SA223S13	SES068	2.05971	-7.68119	-9.74091
BLOCK22/SES223/SA223S13	SES143	0.601913	-9.13899	-9.74091
BLOCK22/SES223/SA223S13	SES146	0.723557	-9.01735	-9.74091
BLOCK22/SES223/SA223S13	SES202	1.12941	-8.61149	-9.74091
BLOCK22/SES223/SA223S22	SES143	1.8014	-7.83206	-9.63346
BLOCK22/SES223/SA223S22	SES144	0.709794	-8.92367	-9.63346
BLOCK22/SES223/SA223S22	SES175	1.73095	-7.90251	-9.63346
BLOCK22/SES223/SA223S22	SES187	0.924763	-8.7087	-9.63346
BLOCK22/SES223/SA223S25	SES068	1.96067	-8.17864	-10.1393
BLOCK22/SES223/SA223S25	SES143	1.43921	-8.7001	-10.1393
BLOCK22/SES223/SA223S25	SES175	2.24384	-7.89547	-10.1393
BLOCK22/SES223/SA223S25	SES187	1.41715	-8.72216	-10.1393
BLOCK22/SES223/SA223S27	SES143	1.90441	-8.58775	-10.4922
BLOCK22/SES223/SA223S27	SES146	0.971656	-9.5205	-10.4922
BLOCK22/SES223/SA223S27	SES187	1.20595	-9.28621	-10.4922
BLOCK22/SES223/SA223S27	SES292	2.16297	-8.32918	-10.4922
BLOCK27/SES273/SA273S12	SES099	2.86308	-7.66659	-10.5297
BLOCK27/SES273/SA273S12	SES104	3.11849	-7.41118	-10.5297
BLOCK27/SES273/SA273S12	SES125	2.75109	-7.77858	-10.5297
BLOCK27/SES273/SA273S12	SES206	3.03302	-7.49665	-10.5297
BLOCK27/SES273/SA273S13	SES099	1.67189	-7.82366	-9.49556
BLOCK27/SES273/SA273S13	SES104	2.40451	-7.09105	-9.49556
BLOCK27/SES273/SA273S13	SES206	1.29269	-8.20287	-9.49556
BLOCK27/SES273/SA273S13	SES292	1.58746	-7.9081	-9.49556
BLOCK27/SES273/SA273S21	SES099	1.17213	-8.64153	-9.81366
BLOCK27/SES273/SA273S21	SES148	0.103346	-9.71031	-9.81366
BLOCK27/SES273/SA273S21	SES149	-0.128161	-9.94182	-9.81366
BLOCK27/SES273/SA273S21	SES177	0.24185	-9.57181	-9.81366
BLOCK27/SES273/SA273S25	SES104	2.65857	-8.40077	-11.0593
BLOCK27/SES273/SA273S25	SES125	2.32016	-8.73918	-11.0593
BLOCK27/SES273/SA273S25	SES158	3.01696	-8.04238	-11.0593
BLOCK27/SES273/SA273S25	SES206	2.22704	-8.8323	-11.0593
BLOCK27/SES273/SA273S27	SES099	1.57951	-7.30185	-8.88135
BLOCK27/SES273/SA273S27	SES104	1.70469	-7.17666	-8.88135
BLOCK27/SES273/SA273S27	SES149	1.17327	-7.70808	-8.88135
BLOCK27/SES273/SA273S27	SES275	1.25685	-7.6245	-8.88135
BLOCK27/SES274/SA274S10	SES105	0.728689	-8.28026	-9.00895
BLOCK27/SES274/SA274S10	SES125	0.99141	-8.01754	-9.00895
BLOCK27/SES274/SA274S10	SES129	2.15486	-6.85409	-9.00895
BLOCK27/SES274/SA274S10	SES158	-1.20338	-10.2123	-9.00895
BLOCK27/SES274/SA274S11	SES105	1.22761	-7.76199	-8.98959
BLOCK27/SES274/SA274S11	SES149	1.70998	-7.27962	-8.98959
BLOCK27/SES274/SA274S11	SES158	0.863678	-8.12592	-8.98959
BLOCK27/SES274/SA274S11	SES275	1.88298	-7.10661	-8.98959
BLOCK27/SES274/SA274S21	SES105	1.36084	-7.96501	-9.32585
BLOCK27/SES274/SA274S21	SES129	2.47276	-6.85309	-9.32585
BLOCK27/SES274/SA274S21	SES149	1.00852	-8.31733	-9.32585
BLOCK27/SES274/SA274S21	SES158	-0.573471	-9.89932	-9.32585
BLOCK27/SES274/SA274S24	SES105	0.587259	-9.33376	-9.92102
BLOCK27/SES274/SA274S24	SES129	2.50493	-7.41609	-9.92102
BLOCK27/SES274/SA274S24	SES149	0.174636	-9.74638	-9.92102
BLOCK27/SES274/SA274S24	SES158	-2.04793	-11.969	-9.92102
BLOCK27/SES274/SA274S29	SES105	1.08792	-8.56016	-9.64808
BLOCK27/SES274/SA274S29	SES106	0.766414	-8.88167	-9.64808
BLOCK27/SES274/SA274S29	SES120	1.48688	-8.1612	-9.64808
BLOCK27/SES274/SA274S29	SES275	1.77977	-7.86832	-9.64808
BLOCK27/SES276/SA276S16	SES148	1.88959	-7.45956	-9.34915
BLOCK27/SES276/SA276S16	SES172	2.21662	-7.13253	-9.34915
BLOCK27/SES276/SA276S16	SES180	1.7375	-7.61165	-9.34915
BLOCK27/SES276/SA276S16	SES292	1.7395	-7.60965	-9.34915
BLOCK27/SES276/SA276S17	SES101	1.44076	-8.34745	-9.78821
BLOCK27/SES276/SA276S17	SES177	0.800876	-8.98734	-9.78821
BLOCK27/SES276/SA276S17	SES180	0.936929	-8.85129	-9.78821
BLOCK27/SES276/SA276S17	SES292	1.26461	-8.5236	-9.78821
BLOCK27/SES276/SA276S24	SES101	1.79855	-7.27616	-9.07471
BLOCK27/SES276/SA276S24	SES177	1.53868	-7.53602	-9.07471
BLOCK27/SES276/SA276S24	SES180	1.49524	-7.57947	-9.07471
BLOCK27/SES276/SA276S24	SES292	1.12692	-7.94779	-9.07471
BLOCK27/SES276/SA276S26	SES101	1.26687	-7.69913	-8.966
BLOCK27/SES276/SA276S26	SES177	1.29009	-7.67591	-8.966
BLOCK27/SES276/SA276S26	SES180	1.30446	-7.66154	-8.966
BLOCK27/SES276/SA276S26	SES292	2.06038	-6.90562	-8.966
BLOCK27/SES276/SA276S28	SES101	1.40903	-7.53018	-8.9392
BLOCK27/SES276/SA276S28	SES177	0.77272	-8.16648	-8.9392
BLOCK27/SES276/SA276S28	SES180	1.6785	-7.26071	-8.9392
BLOCK27/SES276/SA276S28	SES292	1.76616	-7.17304	-8.9392
BLOCK27/SES277/SA277S12	SES101	1.79998	-8.97417	-10.7742
BLOCK27/SES277/SA277S12	SES177	0.554732	-10.2194	-10.7742
BLOCK27/SES277/SA277S12	SES180	0.454255	-10.3199	-10.7742
BLOCK27/SES277/SA277S12	SES292	0.950225	-9.82393	-10.7742
BLOCK27/SES277/SA277S14	SES177	1.41762	-9.56586	-10.9835
BLOCK27/SES277/SA277S14	SES180	0.4196	-10.5639	-10.9835
BLOCK27/SES277/SA277S14	SES189	2.11432	-8.86916	-10.9835
BLOCK27/SES277/SA277S14	SES292	0.692461	-10.291	-10.9835
BLOCK27/SES277/SA277S21	SES177	1.0928	-9.17778	-10.2706
BLOCK27/SES277/SA277S21	SES180	0.646679	-9.6239	-10.2706
BLOCK27/SES277/SA277S21	SES189	1.41957	-8.851	-10.2706
BLOCK27/SES277/SA277S21	SES292	-0.469382	-10.74	-10.2706
BLOCK27/SES277/SA277S24	SES144	1.89546	-9.23801	-11.1335
BLOCK27/SES277/SA277S24	SES177	1.3694	-9.76407	-11.1335
BLOCK27/SES277/SA277S24	SES180	-0.228153	-11.3616	-11.1335
BLOCK27/SES277/SA277S24	SES189	2.25732	-8.87616	-11.1335
BLOCK27/SES277/SA277S29	SES177	1.48413	-7.27682	-8.76095
BLOCK27/SES277/SA277S29	SES180	1.60765	-7.15329	-8.76095
BLOCK27/SES277/SA277S29	SES202	2.06685	-6.6941	-8.76095
BLOCK27/SES277/SA277S29	SES292	1.18492	-7.57603	-8.76095
BLOCK27/SES279/SA279S09	SES120	1.8572	-7.75081	-9.60801
BLOCK27/SES279/SA279S09	SES146	1.59783	-8.01018	-9.60801
BLOCK27/SES279/SA279S09	SES206	2.28418	-7.32382	-9.60801
BLOCK27/SES279/SA279S09	SES226	1.80281	-7.8052	-9.60801
BLOCK27/SES279/SA279S10	SES099	1.78289	-8.36303	-10.1459
BLOCK27/SES279/SA279S10	SES206	1.43428	-8.71163	-10.1459
BLOCK27/SES279/SA279S10	SES226	0.811208	-9.33471	-10.1459
BLOCK27/SES279/SA279S10	SES292	2.45842	-7.6875	-10.1459
BLOCK27/SES279/SA279S20	SES099	1.07257	-9.55831	-10.6309
BLOCK27/SES279/SA279S20	SES206	2.05683	-8.57405	-10.6309
BLOCK27/SES279/SA279S20	SES226	0.921799	-9.70908	-10.6309
BLOCK27/SES279/SA279S20	SES292	2.54073	-8.09015	-10.6309
BLOCK27/SES279/SA279S26	SES099	2.67381	-8.58615	-11.26
BLOCK27/SES279/SA279S26	SES206	2.63679	-8.62317	-11.26
BLOCK27/SES279/SA279S26	SES226	1.94242	-9.31754	-11.26
BLOCK27/SES279/SA279S26	SES292	3.25491	-8.00505	-11.26
BLOCK27/SES279/SA279S28	SES099	1.84704	-7.45348	-9.30052
BLOCK27/SES279/SA279S28	SES120	1.55941	-7.74112	-9.30052
BLOCK27/SES279/SA279S28	SES177	0.626744	-8.67378	-9.30052
BLOCK27/SES279/SA279S28	SES206	1.77971	-7.52081	-9.30052
BLOCK29/SES290/SA290S12	SES162	2.7484	-6.09046	-8.83885
BLOCK29/SES290/SA290S12	SES177	2.53654	-6.30231	-8.83885
BLOCK29/SES290/SA290S12	SES180	2.32755	-6.5113	-8.83885
BLOCK29/SES290/SA290S12	SES292	2.02618	-6.81267	-8.83885
BLOCK29/SES290/SA290S13	SES007	2.40461	-6.6691	-9.07372
BLOCK29/SES290/SA290S13	SES162	1.50837	-7.56534	-9.07372
BLOCK29/SES290/SA290S13	SES177	1.80808	-7.26564	-9.07372
BLOCK29/SES290/SA290S13	SES180	2.11221	-6.96151	-9.07372
BLOCK29/SES290/SA290S22	SES177	1.42034	-7.43952	-8.85985
BLOCK29/SES290/SA290S22	SES180	1.46347	-7.39639	-8.85985
BLOCK29/SES290/SA290S22	SES202	1.71684	-7.14302	-8.85985
BLOCK29/SES290/SA290S22	SES292	1.75512	-7.10473	-8.85985
BLOCK29/SES290/SA290S25	SES162	2.1785	-7.14564	-9.32413
BLOCK29/SES290/SA290S25	SES177	2.00245	-7.32168	-9.32413
BLOCK29/SES290/SA290S25	SES180	1.8135	-7.51063	-9.32413
BLOCK29/SES290/SA290S25	SES292	2.09085	-7.23328	-9.32413
BLOCK29/SES290/SA290S29	SES177	1.85416	-6.74909	-8.60325
BLOCK29/SES290/SA290S29	SES180	2.29759	-6.30566	-8.60325
BLOCK29/SES290/SA290S29	SES275	1.80559	-6.79766	-8.60325
BLOCK29/SES290/SA290S29	SES292	1.73069	-6.87256	-8.60325
BLOCK29/SES291/SA291S11	SES105	1.02776	-9.43938	-10.4671
BLOCK29/SES291/SA291S11	SES125	1.42456	-9.04258	-10.4671
BLOCK29/SES291/SA291S11	SES158	1.90679	-8.56035	-10.4671
BLOCK29/SES291/SA291S11	SES275	1.43438	-9.03276	-10.4671
BLOCK29/SES291/SA291S12	SES158	3.77521	-7.34611	-11.1213
BLOCK29/SES291/SA291S12	SES226	2.61064	-8.51068	-11.1213
BLOCK29/SES291/SA291S12	SES270	3.06872	-8.0526	-11.1213
BLOCK29/SES291/SA291S12	SES275	1.20777	-9.91356	-11.1213
BLOCK29/SES291/SA291S22	SES082	1.74043	-8.35796	-10.0984
BLOCK29/SES291/SA291S22	SES158	2.27451	-7.82387	-10.0984
BLOCK29/SES291/SA291S22	SES259	1.61148	-8.4869	-10.0984
BLOCK29/SES291/SA291S22	SES275	0.904712	-9.19367	-10.0984
BLOCK29/SES291/SA291S24	SES104	2.99257	-7.06732	-10.0599
BLOCK29/SES291/SA291S24	SES125	2.41331	-7.64658	-10.0599
BLOCK29/SES291/SA291S24	SES158	2.58687	-7.47302	-10.0599
BLOCK29/SES291/SA291S24	SES275	1.13383	-8.92605	-10.0599
BLOCK29/SES291/SA291S27	SES158	2.67365	-7.1076	-9.78126
BLOCK29/SES291/SA291S27	SES172	0.503755	-9.2775	-9.78126
BLOCK29/SES291/SA291S27	SES275	1.09747	-8.68378	-9.78126
BLOCK29/SES291/SA291S27	SES292	2.30711	-7.47415	-9.78126
