BLOCK00/SES002/SA002S12	SES002	2.13837	-60.1671	-62.3055
BLOCK00/SES002/SA002S13	SES002	2.76876	-59.9506	-62.7194
BLOCK00/SES002/SA002S23	SES002	2.13866	-59.5119	-61.6506
BLOCK00/SES002/SA002S26	SES002	2.27526	-59.0286	-61.3038
BLOCK00/SES002/SA002S28	SES002	1.71966	-61.0846	-62.8042
BLOCK00/SES007/SA007S14	SES007	0.985535	-61.4237	-62.4093
BLOCK00/SES007/SA007S15	SES007	0.7416	-63.1087	-63.8503
BLOCK00/SES007/SA007S24	SES007	1.03245	-62.278	-63.3104
BLOCK00/SES007/SA007S27	SES007	0.672894	-62.6268	-63.2997
BLOCK00/SES007/SA007S29	SES007	0.414013	-62.1171	-62.5311
BLOCK00/SES008/SA008S11	SES008	1.34926	-62.1282	-63.4775
BLOCK00/SES008/SA008S12	SES008	0.651199	-62.5527	-63.2039
BLOCK00/SES008/SA008S19	SES008	1.69262	-61.4227	-63.1153
BLOCK00/SES008/SA008S22	SES008	0.752056	-63.3295	-64.0815
BLOCK00/SES008/SA008S29	SES008	1.18927	-61.498	-62.6873
BLOCK01/SES014/SA014S10	SES014	3.07773	-60.6407	-63.7184
BLOCK01/SES014/SA014S12	SES014	3.94671	-58.1626	-62.1093
BLOCK01/SES014/SA014S24	SES014	2.30254	-60.5295	-62.832
BLOCK01/SES014/SA014S26	SES014	3.28047	-57.6071	-60.8876
BLOCK01/SES014/SA014S28	SES014	3.59678	-58.4461	-62.0429
BLOCK01/SES016/SA016S12	SES016	0.938339	-65.0403	-65.9787
BLOCK01/SES016/SA016S13	SES016	1.40649	-63.3296	-64.7361
BLOCK01/SES016/SA016S22	SES016	0.319038	-64.047	-64.366
BLOCK01/SES016/SA016S25	SES016	1.34445	-61.1819	-62.5263
BLOCK01/SES016/SA016S27	SES016	1.35127	-61.4808	-62.832
BLOCK01/SES019/SA019S13	SES019	3.25423	-61.0554	-64.3096
BLOCK01/SES019/SA019S14	SES019	2.53762	-61.1667	-63.7043
BLOCK01/SES019/SA019S22	SES019	3.27003	-61.132	-64.4021
BLOCK01/SES019/SA019S25	SES019	2.76488	-61.1806	-63.9455
BLOCK01/SES019/SA019S29	SES019	3.56723	-60.9971	-64.5644
BLOCK02/SES029/SA029S11	SES029	1.18646	-62.4799	-63.6663
BLOCK02/SES029/SA029S12	SES029	0.299686	-62.7069	-63.0066
BLOCK02/SES029/SA029S20	SES029	0.740837	-63.2144	-63.9552
BLOCK02/SES029/SA029S25	SES029	0.217384	-62.6101	-62.8275
BLOCK02/SES029/SA029S28	SES029	0.599754	-62.4774	-63.0771
BLOCK04/SES042/SA042S12	SES042	3.19247	-58.7895	-61.982
BLOCK04/SES042/SA042S15	SES042	2.66355	-60.0008	-62.6643
BLOCK04/SES042/SA042S22	SES042	3.88945	-57.1592	-61.0486
BLOCK04/SES042/SA042S25	SES042	2.95261	-60.0555	-63.0081
BLOCK04/SES042/SA042S27	SES042	2.62313	-58.9289	-61.5521
BLOCK04/SES048/SA048S11	SES048	1.12922	-61.2568	-62.386
BLOCK04/SES048/SA048S12	SES048	0.702797	-62.093	-62.7958
BLOCK04/SES048/SA048S20	SES048	1.28538	-61.2412	-62.5266
BLOCK04/SES048/SA048S23	SES048	1.75531	-61.2974	-63.0527
BLOCK04/SES048/SA048S27	SES048	0.87434	-60.8604	-61.7347
BLOCK06/SES060/SA060S11	SES060	0.674149	-63.2061	-63.8802
BLOCK06/SES060/SA060S12	SES060	-0.361641	-64.7805	-64.4189
BLOCK06/SES060/SA060S22	SES060	0.0369797	-64.3255	-64.3624
BLOCK06/SES060/SA060S24	SES060	0.756424	-62.2996	-63.0561
BLOCK06/SES060/SA060S28	SES060	1.06005	-60.3502	-61.4103
BLOCK06/SES062/SA062S10	SES062	1.33856	-61.9203	-63.2588
BLOCK06/SES062/SA062S11	SES062	1.56445	-62.367	-63.9315
BLOCK06/SES062/SA062S21	SES062	2.40208	-58.9513	-61.3534
BLOCK06/SES062/SA062S26	SES062	0.890232	-61.5777	-62.4679
BLOCK06/SES062/SA062S29	SES062	1.25725	-60.8395	-62.0968
BLOCK06/SES068/SA068S14	SES068	0.559978	-62.4715	-63.0314
BLOCK06/SES068/SA068S15	SES068	1.22007	-61.0153	-62.2353
BLOCK06/SES068/SA068S23	SES068	0.600697	-63.0291	-63.6298
BLOCK06/SES068/SA068S27	SES068	1.73973	-61.2592	-62.999
BLOCK06/SES068/SA068S29	SES068	1.01031	-61.6599	-62.6702
BLOCK08/SES082/SA082S12	SES082	1.87675	-61.5892	-63.466
BLOCK08/SES082/SA082S14	SES082	1.03867	-62.9978	-64.0364
BLOCK08/SES082/SA082S21	SES082	0.885643	-62.9467	-63.8324
BLOCK08/SES082/SA082S24	SES082	1.57419	-61.9192	-63.4934
BLOCK08/SES082/SA082S28	SES082	0.813675	-62.6454	-63.459
BLOCK08/SES083/SA083S14	SES083	-0.382156	-63.5217	-63.1395
BLOCK08/SES083/SA083S15	SES083	-0.0568123	-62.6993	-62.6425
BLOCK08/SES083/SA083S24	SES083	0.277042	-63.072	-63.3491
BLOCK08/SES083/SA083S26	SES083	0.564327	-62.8889	-63.4532
BLOCK08/SES083/SA083S29	SES083	0.39637	-62.1486	-62.5449
BLOCK08/SES085/SA085S10	SES085	0.0456543	-62.7428	-62.7884
BLOCK08/SES085/SA085S13	SES085	0.366165	-63.7187	-64.0849
BLOCK08/SES085/SA085S22	SES085	-2.61098	-66.4771	-63.8661
BLOCK08/SES085/SA085S26	SES085	0.197487	-62.9344	-63.1319
BLOCK08/SES085/SA085S28	SES085	0.964535	-61.8806	-62.8451
BLOCK08/SES087/SA087S15	SES087	2.32767	-61.0184	-63.346
BLOCK08/SES087/SA087S16	SES087	2.2228	-61.2765	-63.4993
BLOCK08/SES087/SA087S24	SES087	2.13518	-60.4932	-62.6283
BLOCK08/SES087/SA087S26	SES087	2.19912	-59.7153	-61.9144
BLOCK08/SES087/SA087S29	SES087	2.33941	-60.9483	-63.2877
BLOCK09/SES099/SA099S15	SES099	2.11584	-61.3182	-63.4341
BLOCK09/SES099/SA099S16	SES099	1.63586	-60.8067	-62.4426
BLOCK09/SES099/SA099S24	SES099	1.71684	-60.7447	-62.4615
BLOCK09/SES099/SA099S26	SES099	2.06202	-60.4775	-62.5395
BLOCK09/SES099/SA099S29	SES099	1.96145	-60.7542	-62.7157
BLOCK10/SES101/SA101S11	SES101	0.247929	-62.2114	-62.4593
BLOCK10/SES101/SA101S13	SES101	0.782867	-61.7461	-62.529
BLOCK10/SES101/SA101S22	SES101	0.523865	-63.8516	-64.3755
BLOCK10/SES101/SA101S24	SES101	0.958782	-62.5481	-63.5069
BLOCK10/SES101/SA101S28	SES101	0.104713	-64.0228	-64.1275
BLOCK10/SES104/SA104S11	SES104	1.25735	-60.5446	-61.8019
BLOCK10/SES104/SA104S12	SES104	1.76684	-60.6628	-62.4296
BLOCK10/SES104/SA104S21	SES104	1.81948	-60.8864	-62.7058
BLOCK10/SES104/SA104S24	SES104	1.76931	-60.9292	-62.6985
BLOCK10/SES104/SA104S28	SES104	2.00227	-60.8577	-62.86
BLOCK10/SES105/SA105S12	SES105	1.06151	-63.3104	-64.3719
BLOCK10/SES105/SA105S13	SES105	0.845482	-62.775	-63.6205
BLOCK10/SES105/SA105S22	SES105	0.76849	-63.3211	-64.0896
BLOCK10/SES105/SA105S26	SES105	1.2942	-62.7312	-64.0254
BLOCK10/SES105/SA105S29	SES105	0.68885	-62.9267	-63.6155
BLOCK10/SES106/SA106S09	SES106	1.59764	-61.962	-63.5597
BLOCK10/SES106/SA106S11	SES106	1.82628	-60.6408	-62.4671
BLOCK10/SES106/SA106S22	SES106	3.12749	-60.5144	-63.6419
BLOCK10/SES106/SA106S27	SES106	1.73491	-61.6542	-63.3891
BLOCK10/SES106/SA106S29	SES106	1.34877	-61.2637	-62.6125
BLOCK11/SES117/SA117S12	SES117	0.193363	-63.9778	-64.1712
BLOCK11/SES117/SA117S13	SES117	0.191704	-63.3452	-63.5369
BLOCK11/SES117/SA117S23	SES117	0.819084	-65.1978	-66.0168
BLOCK11/SES117/SA117S25	SES117	0.968426	-63.3508	-64.3192
BLOCK11/SES117/SA117S28	SES117	1.30903	-63.9701	-65.2791
BLOCK12/SES120/SA120S08	SES120	0.969887	-64.0884	-65.0583
BLOCK12/SES120/SA120S11	SES120	0.683624	-65.2574	-65.941
BLOCK12/SES120/SA120S22	SES120	0.472717	-62.7257	-63.1984
BLOCK12/SES120/SA120S24	SES120	0.788662	-63.1219	-63.9105
BLOCK12/SES120/SA120S28	SES120	0.637932	-64.3396	-64.9775
BLOCK12/SES125/SA125S13	SES125	2.30004	-60.4505	-62.7505
BLOCK12/SES125/SA125S14	SES125	1.81496	-61.0206	-62.8356
BLOCK12/SES125/SA125S25	SES125	2.181	-60.0487	-62.2297
BLOCK12/SES125/SA125S27	SES125	2.8782	-59.0815	-61.9597
BLOCK12/SES125/SA125S29	SES125	1.81077	-60.8604	-62.6712
BLOCK12/SES127/SA127S11	SES127	0.656345	-62.9241	-63.5805
BLOCK12/SES127/SA127S12	SES127	-0.508518	-63.2895	-62.781
BLOCK12/SES127/SA127S23	SES127	0.356194	-62.8296	-63.1858
BLOCK12/SES127/SA127S25	SES127	0.305798	-62.9544	-63.2602
BLOCK12/SES127/SA127S27	SES127	0.680157	-62.6591	-63.3392
BLOCK12/SES129/SA129S11	SES129	1.52207	-61.7973	-63.3193
BLOCK12/SES129/SA129S12	SES129	1.83824	-61.302	-63.1402
BLOCK12/SES129/SA129S22	SES129	1.55532	-61.8463	-63.4016
BLOCK12/SES129/SA129S27	SES129	1.78791	-61.0426	-62.8306
BLOCK12/SES129/SA129S29	SES129	1.8844	-60.9623	-62.8467
BLOCK14/SES142/SA142S11	SES142	2.23406	-62.6782	-64.9122
BLOCK14/SES142/SA142S12	SES142	0.757191	-63.9436	-64.7008
BLOCK14/SES142/SA142S24	SES142	2.22329	-62.2484	-64.4717
BLOCK14/SES142/SA142S27	SES142	2.12355	-62.2806	-64.4042
BLOCK14/SES142/SA142S29	SES142	2.39911	-61.9539	-64.353
BLOCK14/SES143/SA143S12	SES143	0.495968	-63.6758	-64.1717
BLOCK14/SES143/SA143S13	SES143	0.522465	-63.3487	-63.8712
BLOCK14/SES143/SA143S23	SES143	0.930691	-63.3523	-64.283
BLOCK14/SES143/SA143S25	SES143	0.704781	-63.3322	-64.037
BLOCK14/SES143/SA143S28	SES143	0.708961	-62.7751	-63.4841
BLOCK14/SES144/SA144S09	SES144	0.637852	-63.0111	-63.6489
BLOCK14/SES144/SA144S11	SES144	1.22132	-63.3529	-64.5742
BLOCK14/SES144/SA144S21	SES144	0.0617905	-63.7197	-63.7815
BLOCK14/SES144/SA144S25	SES144	0.780296	-63.4651	-64.2454
BLOCK14/SES144/SA144S29	SES144	-0.0209732	-63.525	-63.504
BLOCK14/SES146/SA146S14	SES146	1.02698	-62.9967	-64.0237
BLOCK14/SES146/SA146S15	SES146	0.0561142	-63.5828	-63.6389
BLOCK14/SES146/SA146S24	SES146	0.523918	-63.766	-64.2899
BLOCK14/SES146/SA146S26	SES146	0.599255	-63.7111	-64.3104
BLOCK14/SES146/SA146S29	SES146	0.908154	-63.6713	-64.5795
BLOCK14/SES147/SA147S11	SES147	0.831669	-63.8232	-64.6549
BLOCK14/SES147/SA147S13	SES147	2.12685	-61.552	-63.6789
BLOCK14/SES147/SA147S23	SES147	1.34715	-63.2603	-64.6074
BLOCK14/SES147/SA147S26	SES147	1.25431	-62.8021	-64.0564
BLOCK14/SES147/SA147S28	SES147	1.4967	-61.9542	-63.4509
BLOCK14/SES148/SA148S10	SES148	1.19621	-62.0921	-63.2883
BLOCK14/SES148/SA148S12	SES148	0.791756	-63.3501	-64.1419
BLOCK14/SES148/SA148S22	SES148	1.30391	-61.0134	-62.3173
BLOCK14/SES148/SA148S26	SES148	1.02236	-62.1083	-63.1307
BLOCK14/SES148/SA148S29	SES148	0.543251	-62.9517	-63.4949
BLOCK14/SES149/SA149S13	SES149	0.391651	-62.1842	-62.5758
BLOCK14/SES149/SA149S14	SES149	0.5928	-62.0539	-62.6467
BLOCK14/SES149/SA149S24	SES149	1.33505	-61.8425	-63.1776
BLOCK14/SES149/SA149S26	SES149	2.06039	-61.218	-63.2784
BLOCK14/SES149/SA149S28	SES149	2.61907	-60.1946	-62.8136
BLOCK15/SES158/SA158S13	SES158	1.7662	-62.0336	-63.7998
BLOCK15/SES158/SA158S14	SES158	2.44454	-62.016	-64.4606
BLOCK15/SES158/SA158S23	SES158	1.62127	-61.6068	-63.2281
BLOCK15/SES158/SA158S26	SES158	2.21865	-61.8983	-64.1169
BLOCK15/SES158/SA158S28	SES158	1.71125	-62.3169	-64.0281
BLOCK16/SES162/SA162S10	SES162	1.12741	-63.8981	-65.0255
BLOCK16/SES162/SA162S11	SES162	1.24617	-62.4965	-63.7427
BLOCK16/SES162/SA162S21	SES162	1.50058	-62.7511	-64.2517
BLOCK16/SES162/SA162S24	SES162	1.18847	-62.7745	-63.963
BLOCK16/SES162/SA162S27	SES162	1.71452	-62.992	-64.7065
BLOCK16/SES167/SA167S14	SES167	0.78178	-61.876	-62.6578
BLOCK16/SES167/SA167S15	SES167	0.845219	-62.7913	-63.6365
BLOCK16/SES167/SA167S21	SES167	0.808029	-62.0273	-62.8353
BLOCK16/SES167/SA167S25	SES167	1.35582	-62.8095	-64.1654
BLOCK16/SES167/SA167S29	SES167	1.88028	-60.7037	-62.584
BLOCK17/SES172/SA172S12	SES172	1.12815	-63.0342	-64.1624
BLOCK17/SES172/SA172S13	SES172	1.3403	-63.799	-65.1393
BLOCK17/SES172/SA172S23	SES172	0.703884	-62.2809	-62.9848
BLOCK17/SES172/SA172S27	SES172	0.626324	-63.2139	-63.8402
BLOCK17/SES172/SA172S29	SES172	1.07825	-62.8828	-63.961
BLOCK17/SES175/SA175S11	SES175	1.09557	-62.7653	-63.8608
BLOCK17/SES175/SA175S13	SES175	0.822208	-62.2812	-63.1034
BLOCK17/SES175/SA175S23	SES175	1.35474	-62.489	-63.8437
BLOCK17/SES175/SA175S25	SES175	0.640862	-64.2206	-64.8615
BLOCK17/SES175/SA175S28	SES175	1.04805	-62.5867	-63.6348
BLOCK17/SES177/SA177S15	SES177	0.383713	-62.9063	-63.29
BLOCK17/SES177/SA177S17	SES177	0.664074	-62.6219	-63.286
BLOCK17/SES177/SA177S23	SES177	-0.149761	-63.6354	-63.4856
BLOCK17/SES177/SA177S26	SES177	0.374016	-61.3407	-61.7147
BLOCK17/SES177/SA177S28	SES177	0.67104	-62.0538	-62.7249
BLOCK18/SES180/SA180S13	SES180	0.661236	-63.2218	-63.8831
BLOCK18/SES180/SA180S15	SES180	0.500267	-63.4574	-63.9576
BLOCK18/SES180/SA180S24	SES180	0.618183	-61.837	-62.4552
BLOCK18/SES180/SA180S26	SES180	0.666756	-62.4164	-63.0831
BLOCK18/SES180/SA180S29	SES180	0.70647	-63.4711	-64.1776
BLOCK18/SES183/SA183S13	SES183	1.03543	-63.2447	-64.2801
BLOCK18/SES183/SA183S14	SES183	0.676792	-63.4535	-64.1303
BLOCK18/SES183/SA183S24	SES183	0.978985	-63.7893	-64.7683
BLOCK18/SES183/SA183S27	SES183	1.27514	-62.7165	-63.9916
BLOCK18/SES183/SA183S29	SES183	1.17772	-62.2885	-63.4662
BLOCK18/SES187/SA187S13	SES187	0.532196	-63.867	-64.3992
BLOCK18/SES187/SA187S14	SES187	0.967552	-63.8478	-64.8154
BLOCK18/SES187/SA187S24	SES187	1.4211	-63.428	-64.8491
BLOCK18/SES187/SA187S27	SES187	1.19247	-62.7037	-63.8962
BLOCK18/SES187/SA187S29	SES187	0.917034	-63.304	-64.221
BLOCK18/SES189/SA189S10	SES189	2.09155	-64.8811	-66.9727
BLOCK18/SES189/SA189S13	SES189	3.12103	-64.5039	-67.6249
BLOCK18/SES189/SA189S24	SES189	3.00266	-64.171	-67.1736
BLOCK18/SES189/SA189S26	SES189	1.73751	-63.8236	-65.5611
BLOCK18/SES189/SA189S29	SES189	2.49125	-63.684	-66.1753
BLOCK20/SES202/SA202S12	SES202	2.19501	-63.2398	-65.4348
BLOCK20/SES202/SA202S14	SES202	2.56194	-61.631	-64.193
BLOCK20/SES202/SA202S24	SES202	1.38219	-62.8469	-64.229
BLOCK20/SES202/SA202S27	SES202	1.605	-61.3225	-62.9275
BLOCK20/SES202/SA202S29	SES202	2.29819	-60.997	-63.2952
BLOCK20/SES206/SA206S15	SES206	0.440998	-61.2455	-61.6865
BLOCK20/SES206/SA206S17	SES206	2.44069	-59.4652	-61.9059
BLOCK20/SES206/SA206S24	SES206	1.89812	-59.6162	-61.5143
BLOCK20/SES206/SA206S27	SES206	1.90667	-60.4086	-62.3152
BLOCK20/SES206/SA206S29	SES206	1.80492	-59.32	-61.1249
BLOCK22/SES226/SA226S12	SES226	1.82426	-62.0448	-63.8691
BLOCK22/SES226/SA226S13	SES226	0.275658	-62.6154	-62.891
BLOCK22/SES226/SA226S20	SES226	2.0512	-61.9019	-63.9531
BLOCK22/SES226/SA226S23	SES226	2.18818	-61.0421	-63.2303
BLOCK22/SES226/SA226S28	SES226	2.23576	-61.0976	-63.3333
BLOCK25/SES259/SA259S13	SES259	3.16112	-59.7283	-62.8894
BLOCK25/SES259/SA259S14	SES259	2.23265	-60.1059	-62.3385
BLOCK25/SES259/SA259S22	SES259	1.80437	-60.5539	-62.3583
BLOCK25/SES259/SA259S24	SES259	2.3659	-59.2663	-61.6322
BLOCK25/SES259/SA259S28	SES259	2.15475	-60.1713	-62.3261
BLOCK27/SES270/SA270S14	SES270	2.56347	-61.6122	-64.1757
BLOCK27/SES270/SA270S16	SES270	1.10271	-61.9378	-63.0405
BLOCK27/SES270/SA270S22	SES270	2.34076	-61.4173	-63.758
BLOCK27/SES270/SA270S26	SES270	1.83621	-62.3645	-64.2007
BLOCK27/SES270/SA270S28	SES270	1.48893	-61.2813	-62.7702
BLOCK27/SES275/SA275S17	SES275	0.514961	-63.419	-63.934
BLOCK27/SES275/SA275S18	SES275	0.608677	-63.8187	-64.4274
BLOCK27/SES275/SA275S24	SES275	0.844841	-64.1716	-65.0164
BLOCK27/SES275/SA275S26	SES275	1.35843	-62.5822	-63.9406
BLOCK27/SES275/SA275S28	SES275	0.600197	-62.7726	-63.3728
BLOCK29/SES292/SA292S10	SES292	0.230755	-63.4155	-63.6463
BLOCK29/SES292/SA292S12	SES292	0.0186005	-64.5304	-64.549
BLOCK29/SES292/SA292S22	SES292	1.2752	-62.3836	-63.6588
BLOCK29/SES292/SA292S24	SES292	0.278149	-63.0265	-63.3047
BLOCK29/SES292/SA292S27	SES292	-0.184483	-62.9023	-62.7178
BLOCK00/SES001/SA001S14	SES062	-0.42337	-65.1639	-64.7405
BLOCK00/SES001/SA001S14	SES082	-1.62329	-66.3638	-64.7405
BLOCK00/SES001/SA001S14	SES106	-1.60316	-66.3437	-64.7405
BLOCK00/SES001/SA001S14	SES206	-3.02867	-67.7692	-64.7405
BLOCK00/SES001/SA001S15	SES062	-1.25175	-64.7114	-63.4596
BLOCK00/SES001/SA001S15	SES104	-2.58944	-66.0491	-63.4596
BLOCK00/SES001/SA001S15	SES106	-1.54458	-65.0042	-63.4596
BLOCK00/SES001/SA001S15	SES206	-2.67956	-66.1392	-63.4596
BLOCK00/SES001/SA001S24	SES062	-2.18465	-66.9894	-64.8048
BLOCK00/SES001/SA001S24	SES082	-2.05598	-66.8608	-64.8048
BLOCK00/SES001/SA001S24	SES087	-3.6571	-68.4619	-64.8048
BLOCK00/SES001/SA001S24	SES206	-1.61045	-66.4152	-64.8048
BLOCK00/SES001/SA001S27	SES062	-1.31427	-63.9977	-62.6835
BLOCK00/SES001/SA001S27	SES082	-2.28125	-64.9647	-62.6835
BLOCK00/SES001/SA001S27	SES087	-3.06372	-65.7472	-62.6835
BLOCK00/SES001/SA001S27	SES206	-2.91304	-65.5965	-62.6835
BLOCK00/SES001/SA001S29	SES062	-1.63348	-66.3227	-64.6893
BLOCK00/SES001/SA001S29	SES082	-1.42562	-66.1149	-64.6893
BLOCK00/SES001/SA001S29	SES158	-1.06991	-65.7592	-64.6893
BLOCK00/SES001/SA001S29	SES206	-3.00421	-67.6935	-64.6893
BLOCK00/SES003/SA003S11	SES002	-0.853016	-64.6162	-63.7632
BLOCK00/SES003/SA003S11	SES019	-1.04402	-64.8073	-63.7632
BLOCK00/SES003/SA003S11	SES082	0.520832	-63.2424	-63.7632
BLOCK00/SES003/SA003S11	SES125	-0.50066	-64.2639	-63.7632
BLOCK00/SES003/SA003S15	SES016	-4.60397	-67.5147	-62.9107
BLOCK00/SES003/SA003S15	SES019	-1.73335	-64.6441	-62.9107
BLOCK00/SES003/SA003S15	SES062	-2.29504	-65.2057	-62.9107
BLOCK00/SES003/SA003S15	SES206	-0.91011	-63.8208	-62.9107
BLOCK00/SES003/SA003S22	SES002	-1.82032	-65.0383	-63.218
BLOCK00/SES003/SA003S22	SES062	-1.23404	-64.452	-63.218
BLOCK00/SES003/SA003S22	SES082	-0.61824	-63.8362	-63.218
BLOCK00/SES003/SA003S22	SES087	-1.61869	-64.8367	-63.218
BLOCK00/SES003/SA003S25	SES062	-2.2002	-66.6817	-64.4815
BLOCK00/SES003/SA003S25	SES082	0.767185	-63.7143	-64.4815
BLOCK00/SES003/SA003S25	SES087	-1.27924	-65.7607	-64.4815
BLOCK00/SES003/SA003S25	SES206	-1.19203	-65.6735	-64.4815
BLOCK00/SES003/SA003S29	SES002	-1.9065	-65.359	-63.4525
BLOCK00/SES003/SA003S29	SES062	-1.60426	-65.0568	-63.4525
BLOCK00/SES003/SA003S29	SES082	-0.221611	-63.6741	-63.4525
BLOCK00/SES003/SA003S29	SES087	-1.58548	-65.038	-63.4525
BLOCK00/SES004/SA004S12	SES083	-1.75388	-66.2818	-64.5279
BLOCK00/SES004/SA004S12	SES148	-1.74316	-66.2711	-64.5279
BLOCK00/SES004/SA004S12	SES172	-1.89718	-66.4251	-64.5279
BLOCK00/SES004/SA004S12	SES292	-1.6304	-66.1583	-64.5279
BLOCK00/SES004/SA004S17	SES083	-1.36176	-65.975	-64.6132
BLOCK00/SES004/SA004S17	SES162	-1.29102	-65.9043	-64.6132
BLOCK00/SES004/SA004S17	SES172	-1.51252	-66.1258	-64.6132
BLOCK00/SES004/SA004S17	SES292	-1.68006	-66.2933	-64.6132
BLOCK00/SES004/SA004S24	SES083	-1.69027	-65.606	-63.9158
BLOCK00/SES004/SA004S24	SES148	-1.96758	-65.8833	-63.9158
BLOCK00/SES004/SA004S24	SES172	-1.56828	-65.484	-63.9158
BLOCK00/SES004/SA004S24	SES292	-1.37574	-65.2915	-63.9158
BLOCK00/SES004/SA004S26	SES083	-0.728867	-64.7531	-64.0242
BLOCK00/SES004/SA004S26	SES127	-0.734497	-64.7587	-64.0242
BLOCK00/SES004/SA004S26	SES148	-1.98382	-66.008	-64.0242
BLOCK00/SES004/SA004S26	SES292	-1.40131	-65.4255	-64.0242
BLOCK00/SES004/SA004S28	SES083	-1.17416	-64.8647	-63.6905
BLOCK00/SES004/SA004S28	SES127	-1.35724	-65.0478	-63.6905
BLOCK00/SES004/SA004S28	SES187	-0.760792	-64.4513	-63.6905
BLOCK00/SES004/SA004S28	SES292	-1.66143	-65.352	-63.6905
BLOCK00/SES006/SA006S10	SES014	-2.03741	-67.5206	-65.4832
BLOCK00/SES006/SA006S10	SES158	-0.0881042	-65.5713	-65.4832
BLOCK00/SES006/SA006S10	SES226	-1.73263	-67.2159	-65.4832
BLOCK00/SES006/SA006S10	SES270	-0.267311	-65.7505	-65.4832
BLOCK00/SES006/SA006S11	SES158	-0.2239	-65.9562	-65.7323
BLOCK00/SES006/SA006S11	SES226	-1.40244	-67.1348	-65.7323
BLOCK00/SES006/SA006S11	SES270	0.16613	-65.5662	-65.7323
BLOCK00/SES006/SA006S11	SES275	-2.7261	-68.4584	-65.7323
BLOCK00/SES006/SA006S23	SES062	-1.69429	-65.5762	-63.8819
BLOCK00/SES006/SA006S23	SES105	-2.19065	-66.0726	-63.8819
BLOCK00/SES006/SA006S23	SES158	-0.720829	-64.6028	-63.8819
BLOCK00/SES006/SA006S23	SES275	-2.04625	-65.9282	-63.8819
BLOCK00/SES006/SA006S26	SES104	-1.40049	-65.4771	-64.0766
BLOCK00/SES006/SA006S26	SES158	-0.0478439	-64.1244	-64.0766
BLOCK00/SES006/SA006S26	SES270	0.0389938	-64.0376	-64.0766
BLOCK00/SES006/SA006S26	SES275	-2.95309	-67.0297	-64.0766
BLOCK00/SES006/SA006S28	SES007	-2.18816	-67.2058	-65.0177
BLOCK00/SES006/SA006S28	SES105	-2.17481	-67.1925	-65.0177
BLOCK00/SES006/SA006S28	SES158	-0.765511	-65.7832	-65.0177
BLOCK00/SES006/SA006S28	SES275	-3.14839	-68.1661	-65.0177
BLOCK00/SES009/SA009S12	SES083	-1.45449	-64.8417	-63.3872
BLOCK00/SES009/SA009S12	SES148	-1.22165	-64.6088	-63.3872
BLOCK00/SES009/SA009S12	SES177	-2.03742	-65.4246	-63.3872
BLOCK00/SES009/SA009S12	SES292	-0.440105	-63.8273	-63.3872
BLOCK00/SES009/SA009S15	SES007	0.80603	-61.8889	-62.6949
BLOCK00/SES009/SA009S15	SES099	-5.2547	-67.9496	-62.6949
BLOCK00/SES009/SA009S15	SES148	-1.42618	-64.1211	-62.6949
BLOCK00/SES009/SA009S15	SES172	-1.47045	-64.1654	-62.6949
BLOCK00/SES009/SA009S24	SES146	-0.700851	-63.7817	-63.0808
BLOCK00/SES009/SA009S24	SES148	-1.20285	-64.2837	-63.0808
BLOCK00/SES009/SA009S24	SES177	-1.28298	-64.3638	-63.0808
BLOCK00/SES009/SA009S24	SES292	-0.355999	-63.4368	-63.0808
BLOCK00/SES009/SA009S26	SES083	-1.51553	-64.8144	-63.2988
BLOCK00/SES009/SA009S26	SES101	-1.09173	-64.3906	-63.2988
BLOCK00/SES009/SA009S26	SES120	-1.08069	-64.3795	-63.2988
BLOCK00/SES009/SA009S26	SES177	-1.85683	-65.1557	-63.2988
BLOCK00/SES009/SA009S29	SES083	-0.913002	-63.4285	-62.5155
BLOCK00/SES009/SA009S29	SES101	-0.618729	-63.1342	-62.5155
BLOCK00/SES009/SA009S29	SES177	-1.63775	-64.1532	-62.5155
BLOCK00/SES009/SA009S29	SES292	-0.563496	-63.0789	-62.5155
BLOCK01/SES011/SA011S10	SES019	-0.290737	-63.3786	-63.0878
BLOCK01/SES011/SA011S10	SES042	0.245834	-62.842	-63.0878
BLOCK01/SES011/SA011S10	SES082	-0.843685	-63.9315	-63.0878
BLOCK01/SES011/SA011S10	SES206	-0.278099	-63.3659	-63.0878
BLOCK01/SES011/SA011S11	SES019	-0.432251	-64.5012	-64.069
BLOCK01/SES011/SA011S11	SES042	-0.701546	-64.7705	-64.069
BLOCK01/SES011/SA011S11	SES082	-0.605637	-64.6746	-64.069
BLOCK01/SES011/SA011S11	SES206	-0.264328	-64.3333	-64.069
BLOCK01/SES011/SA011S22	SES019	0.412769	-63.6645	-64.0773
BLOCK01/SES011/SA011S22	SES042	0.152481	-63.9248	-64.0773
BLOCK01/SES011/SA011S22	SES082	-0.198822	-64.2761	-64.0773
BLOCK01/SES011/SA011S22	SES206	-0.294876	-64.3722	-64.0773
BLOCK01/SES011/SA011S24	SES019	-0.145264	-63.1179	-62.9726
BLOCK01/SES011/SA011S24	SES042	-0.0912476	-63.0639	-62.9726
BLOCK01/SES011/SA011S24	SES104	-1.08121	-64.0538	-62.9726
BLOCK01/SES011/SA011S24	SES206	0.062706	-62.9099	-62.9726
BLOCK01/SES011/SA011S27	SES082	0.663376	-62.7395	-63.4029
BLOCK01/SES011/SA011S27	SES087	-0.885971	-64.2888	-63.4029
BLOCK01/SES011/SA011S27	SES125	-0.123436	-63.5263	-63.4029
BLOCK01/SES011/SA011S27	SES206	0.363174	-63.0397	-63.4029
BLOCK01/SES012/SA012S11	SES007	-2.21254	-63.6758	-61.4632
BLOCK01/SES012/SA012S11	SES082	-1.14803	-62.6113	-61.4632
BLOCK01/SES012/SA012S11	SES083	-2.03057	-63.4938	-61.4632
BLOCK01/SES012/SA012S11	SES206	-0.442192	-61.9054	-61.4632
BLOCK01/SES012/SA012S14	SES082	-0.728008	-63.0244	-62.2964
BLOCK01/SES012/SA012S14	SES087	-1.07569	-63.3721	-62.2964
BLOCK01/SES012/SA012S14	SES206	0.00811768	-62.2883	-62.2964
BLOCK01/SES012/SA012S14	SES292	-2.8835	-65.1799	-62.2964
BLOCK01/SES012/SA012S24	SES082	0.310776	-62.8872	-63.1979
BLOCK01/SES012/SA012S24	SES087	-0.56094	-63.7589	-63.1979
BLOCK01/SES012/SA012S24	SES120	-3.22745	-66.4254	-63.1979
BLOCK01/SES012/SA012S24	SES206	0.487087	-62.7108	-63.1979
BLOCK01/SES012/SA012S26	SES019	-1.76097	-63.8027	-62.0417
BLOCK01/SES012/SA012S26	SES082	-1.46111	-63.5028	-62.0417
BLOCK01/SES012/SA012S26	SES206	0.329075	-61.7126	-62.0417
BLOCK01/SES012/SA012S26	SES292	-2.89454	-64.9362	-62.0417
BLOCK01/SES012/SA012S29	SES062	-2.48205	-64.0616	-61.5796
BLOCK01/SES012/SA012S29	SES082	-0.760548	-62.3401	-61.5796
BLOCK01/SES012/SA012S29	SES083	-2.01531	-63.5949	-61.5796
BLOCK01/SES012/SA012S29	SES206	-0.409515	-61.9891	-61.5796
BLOCK01/SES013/SA013S16	SES062	-3.28955	-66.1754	-62.8859
BLOCK01/SES013/SA013S16	SES106	-0.324154	-63.21	-62.8859
BLOCK01/SES013/SA013S16	SES206	-0.660435	-63.5463	-62.8859
BLOCK01/SES013/SA013S16	SES226	0.137009	-62.7489	-62.8859
BLOCK01/SES013/SA013S17	SES062	-3.01918	-65.1804	-62.1613
BLOCK01/SES013/SA013S17	SES106	-0.992802	-63.1541	-62.1613
BLOCK01/SES013/SA013S17	SES206	0.496063	-61.6652	-62.1613
BLOCK01/SES013/SA013S17	SES226	0.279396	-61.8819	-62.1613
BLOCK01/SES013/SA013S23	SES104	-1.16215	-64.3864	-63.2242
BLOCK01/SES013/SA013S23	SES106	-0.54071	-63.7649	-63.2242
BLOCK01/SES013/SA013S23	SES206	-0.865547	-64.0898	-63.2242
BLOCK01/SES013/SA013S23	SES270	-0.00491714	-63.2292	-63.2242
BLOCK01/SES013/SA013S25	SES042	-1.10385	-63.0371	-61.9333
BLOCK01/SES013/SA013S25	SES104	-1.0799	-63.0132	-61.9333
BLOCK01/SES013/SA013S25	SES106	-0.424969	-62.3583	-61.9333
BLOCK01/SES013/SA013S25	SES206	-0.374466	-62.3078	-61.9333
BLOCK01/SES013/SA013S29	SES062	-3.35863	-66.4257	-63.067
BLOCK01/SES013/SA013S29	SES104	-0.953342	-64.0204	-63.067
BLOCK01/SES013/SA013S29	SES106	-0.341232	-63.4083	-63.067
BLOCK01/SES013/SA013S29	SES206	-0.114834	-63.1819	-63.067
BLOCK02/SES021/SA021S13	SES016	-5.21046	-68.1657	-62.9553
BLOCK02/SES021/SA021S13	SES029	-2.64273	-65.598	-62.9553
BLOCK02/SES021/SA021S13	SES087	-1.29194	-64.2472	-62.9553
BLOCK02/SES021/SA021S13	SES206	-0.270657	-63.2259	-62.9553
BLOCK02/SES021/SA021S15	SES087	-1.02336	-62.5064	-61.483
BLOCK02/SES021/SA021S15	SES125	-0.15818	-61.6412	-61.483
BLOCK02/SES021/SA021S15	SES206	0.0787392	-61.4043	-61.483
BLOCK02/SES021/SA021S15	SES226	-0.986015	-62.4691	-61.483
BLOCK02/SES021/SA021S23	SES062	-2.66996	-66.5716	-63.9017
BLOCK02/SES021/SA021S23	SES087	-1.87434	-65.776	-63.9017
BLOCK02/SES021/SA021S23	SES206	-0.628654	-64.5303	-63.9017
BLOCK02/SES021/SA021S23	SES226	-0.413185	-64.3149	-63.9017
BLOCK02/SES021/SA021S27	SES002	-1.82086	-63.9576	-62.1367
BLOCK02/SES021/SA021S27	SES016	-4.15993	-66.2967	-62.1367
BLOCK02/SES021/SA021S27	SES019	-1.82011	-63.9568	-62.1367
BLOCK02/SES021/SA021S27	SES062	-1.54256	-63.6793	-62.1367
BLOCK02/SES021/SA021S29	SES087	-0.94265	-63.2325	-62.2898
BLOCK02/SES021/SA021S29	SES125	-0.0316772	-62.3215	-62.2898
BLOCK02/SES021/SA021S29	SES206	-0.0622406	-62.3521	-62.2898
BLOCK02/SES021/SA021S29	SES226	-0.470272	-62.7601	-62.2898
BLOCK04/SES043/SA043S09	SES083	-1.47344	-66.2099	-64.7364
BLOCK04/SES043/SA043S09	SES101	-2.199	-66.9354	-64.7364
BLOCK04/SES043/SA043S09	SES144	-0.138672	-64.8751	-64.7364
BLOCK04/SES043/SA043S09	SES172	-3.59318	-68.3296	-64.7364
BLOCK04/SES043/SA043S11	SES083	-0.570835	-63.9812	-63.4103
BLOCK04/SES043/SA043S11	SES101	-1.08086	-64.4912	-63.4103
BLOCK04/SES043/SA043S11	SES144	-0.277142	-63.6875	-63.4103
BLOCK04/SES043/SA043S11	SES172	-1.45405	-64.8644	-63.4103
BLOCK04/SES043/SA043S23	SES083	-0.348888	-64.0103	-63.6614
BLOCK04/SES043/SA043S23	SES144	0.372082	-63.2893	-63.6614
BLOCK04/SES043/SA043S23	SES177	-2.83494	-66.4964	-63.6614
BLOCK04/SES043/SA043S23	SES275	-0.40675	-64.0682	-63.6614
BLOCK04/SES043/SA043S26	SES083	-0.452896	-64.3469	-63.894
BLOCK04/SES043/SA043S26	SES101	-1.18349	-65.0775	-63.894
BLOCK04/SES043/SA043S26	SES144	-0.242928	-64.1369	-63.894
BLOCK04/SES043/SA043S26	SES177	-1.67758	-65.5716	-63.894
BLOCK04/SES043/SA043S28	SES016	-1.12365	-64.0327	-62.9091
BLOCK04/SES043/SA043S28	SES083	-0.54414	-63.4532	-62.9091
BLOCK04/SES043/SA043S28	SES101	-0.859627	-63.7687	-62.9091
BLOCK04/SES043/SA043S28	SES144	-0.346573	-63.2556	-62.9091
BLOCK04/SES044/SA044S10	SES127	-2.25807	-69.0545	-66.7965
BLOCK04/SES044/SA044S10	SES144	-0.349854	-67.1463	-66.7965
BLOCK04/SES044/SA044S10	SES147	-2.83134	-69.6278	-66.7965
BLOCK04/SES044/SA044S10	SES148	-1.78198	-68.5785	-66.7965
BLOCK04/SES044/SA044S11	SES101	-0.854614	-66.1895	-65.3348
BLOCK04/SES044/SA044S11	SES144	-0.0216293	-65.3565	-65.3348
BLOCK04/SES044/SA044S11	SES147	-2.4249	-67.7597	-65.3348
BLOCK04/SES044/SA044S11	SES177	-1.77126	-67.1061	-65.3348
BLOCK04/SES044/SA044S24	SES007	-1.52567	-66.4165	-64.8908
BLOCK04/SES044/SA044S24	SES101	-0.665863	-65.5567	-64.8908
BLOCK04/SES044/SA044S24	SES147	-4.0431	-68.9339	-64.8908
BLOCK04/SES044/SA044S24	SES177	-2.31371	-67.2045	-64.8908
BLOCK04/SES044/SA044S26	SES007	-1.39162	-65.623	-64.2314
BLOCK04/SES044/SA044S26	SES016	-0.799667	-65.0311	-64.2314
BLOCK04/SES044/SA044S26	SES101	-0.926987	-65.1584	-64.2314
BLOCK04/SES044/SA044S26	SES147	-1.38624	-65.6177	-64.2314
BLOCK04/SES044/SA044S29	SES007	-1.20504	-64.546	-63.3409
BLOCK04/SES044/SA044S29	SES101	-0.321617	-63.6626	-63.3409
BLOCK04/SES044/SA044S29	SES147	-1.98218	-65.3231	-63.3409
BLOCK04/SES044/SA044S29	SES177	-2.06787	-65.4088	-63.3409
BLOCK04/SES046/SA046S13	SES101	-2.19469	-66.7947	-64.6
BLOCK04/SES046/SA046S13	SES144	-0.683258	-65.2833	-64.6
BLOCK04/SES046/SA046S13	SES147	-2.08391	-66.6839	-64.6
BLOCK04/SES046/SA046S13	SES177	-1.17854	-65.7785	-64.6
BLOCK04/SES046/SA046S15	SES048	-2.04638	-64.8328	-62.7864
BLOCK04/SES046/SA046S15	SES083	-0.657173	-63.4436	-62.7864
BLOCK04/SES046/SA046S15	SES120	-1.99482	-64.7812	-62.7864
BLOCK04/SES046/SA046S15	SES148	-0.980663	-63.7671	-62.7864
BLOCK04/SES046/SA046S22	SES101	-0.443626	-64.7934	-64.3498
BLOCK04/SES046/SA046S22	SES144	-0.122757	-64.4725	-64.3498
BLOCK04/SES046/SA046S22	SES147	-1.41405	-65.7638	-64.3498
BLOCK04/SES046/SA046S22	SES172	-1.56883	-65.9186	-64.3498
BLOCK04/SES046/SA046S25	SES083	-1.04602	-64.7015	-63.6555
BLOCK04/SES046/SA046S25	SES127	-0.947639	-64.6031	-63.6555
BLOCK04/SES046/SA046S25	SES144	-1.07247	-64.728	-63.6555
BLOCK04/SES046/SA046S25	SES148	-1.1831	-64.8386	-63.6555
BLOCK04/SES046/SA046S28	SES007	-2.73384	-66.9578	-64.224
BLOCK04/SES046/SA046S28	SES105	-2.30062	-66.5246	-64.224
BLOCK04/SES046/SA046S28	SES147	-2.46729	-66.6913	-64.224
BLOCK04/SES046/SA046S28	SES148	-0.676094	-64.9001	-64.224
BLOCK04/SES049/SA049S16	SES104	-0.788311	-64.6342	-63.8459
BLOCK04/SES049/SA049S16	SES106	-1.07635	-64.9222	-63.8459
BLOCK04/SES049/SA049S16	SES120	-2.34349	-66.1894	-63.8459
BLOCK04/SES049/SA049S16	SES206	-0.907215	-64.7531	-63.8459
BLOCK04/SES049/SA049S18	SES099	-0.107597	-65.0128	-64.9052
BLOCK04/SES049/SA049S18	SES104	-1.65955	-66.5648	-64.9052
BLOCK04/SES049/SA049S18	SES125	-1.84945	-66.7547	-64.9052
BLOCK04/SES049/SA049S18	SES206	-1.25944	-66.1647	-64.9052
BLOCK04/SES049/SA049S25	SES087	-0.92403	-64.5196	-63.5956
BLOCK04/SES049/SA049S25	SES104	-0.10321	-63.6988	-63.5956
BLOCK04/SES049/SA049S25	SES125	-0.973873	-64.5694	-63.5956
BLOCK04/SES049/SA049S25	SES206	-0.0646782	-63.6602	-63.5956
BLOCK04/SES049/SA049S27	SES099	-0.538033	-63.8677	-63.3297
BLOCK04/SES049/SA049S27	SES104	-0.3475	-63.6772	-63.3297
BLOCK04/SES049/SA049S27	SES125	-1.35445	-64.6841	-63.3297
BLOCK04/SES049/SA049S27	SES206	-1.00173	-64.3314	-63.3297
BLOCK04/SES049/SA049S29	SES099	0.0864334	-62.5443	-62.6308
BLOCK04/SES049/SA049S29	SES104	0.509666	-62.1211	-62.6308
BLOCK04/SES049/SA049S29	SES125	-0.21143	-62.8422	-62.6308
BLOCK04/SES049/SA049S29	SES206	0.298439	-62.3323	-62.6308
BLOCK06/SES063/SA063S09	SES068	-1.81583	-65.0641	-63.2483
BLOCK06/SES063/SA063S09	SES083	-0.212849	-63.4611	-63.2483
BLOCK06/SES063/SA063S09	SES177	-1.01289	-64.2612	-63.2483
BLOCK06/SES063/SA063S09	SES187	-0.9431	-64.1914	-63.2483
BLOCK06/SES063/SA063S10	SES068	-1.77264	-65.7192	-63.9465
BLOCK06/SES063/SA063S10	SES083	0.00139999	-63.9451	-63.9465
BLOCK06/SES063/SA063S10	SES172	-0.265015	-64.2115	-63.9465
BLOCK06/SES063/SA063S10	SES187	-1.31979	-65.2663	-63.9465
BLOCK06/SES063/SA063S20	SES068	-2.34493	-66.5114	-64.1665
BLOCK06/SES063/SA063S20	SES083	-0.55291	-64.7194	-64.1665
BLOCK06/SES063/SA063S20	SES172	-0.983643	-65.1501	-64.1665
BLOCK06/SES063/SA063S20	SES187	-0.248314	-64.4148	-64.1665
BLOCK06/SES063/SA063S24	SES029	-1.97468	-64.8717	-62.897
BLOCK06/SES063/SA063S24	SES083	0.0496483	-62.8474	-62.897
BLOCK06/SES063/SA063S24	SES177	-0.791031	-63.6881	-62.897
BLOCK06/SES063/SA063S24	SES189	-0.909813	-63.8069	-62.897
BLOCK06/SES063/SA063S27	SES083	-0.0690613	-64.7175	-64.6485
BLOCK06/SES063/SA063S27	SES172	-0.130089	-64.7786	-64.6485
BLOCK06/SES063/SA063S27	SES187	-0.15358	-64.8021	-64.6485
BLOCK06/SES063/SA063S27	SES292	-1.9297	-66.5782	-64.6485
BLOCK06/SES067/SA067S12	SES083	-1.65327	-65.0988	-63.4455
BLOCK06/SES067/SA067S12	SES172	-3.24514	-66.6907	-63.4455
BLOCK06/SES067/SA067S12	SES202	-0.0771713	-63.5227	-63.4455
BLOCK06/SES067/SA067S12	SES292	-1.6729	-65.1184	-63.4455
BLOCK06/SES067/SA067S14	SES085	-1.27748	-63.7189	-62.4414
BLOCK06/SES067/SA067S14	SES177	-1.48963	-63.931	-62.4414
BLOCK06/SES067/SA067S14	SES183	-1.63501	-64.0764	-62.4414
BLOCK06/SES067/SA067S14	SES202	-0.238922	-62.6803	-62.4414
BLOCK06/SES067/SA067S21	SES144	-0.710854	-64.9893	-64.2784
BLOCK06/SES067/SA067S21	SES177	-0.87571	-65.1541	-64.2784
BLOCK06/SES067/SA067S21	SES183	-3.46939	-67.7478	-64.2784
BLOCK06/SES067/SA067S21	SES189	0.112099	-64.1663	-64.2784
BLOCK06/SES067/SA067S25	SES085	-0.9146	-64.6423	-63.7277
BLOCK06/SES067/SA067S25	SES177	-1.26449	-64.9922	-63.7277
BLOCK06/SES067/SA067S25	SES183	-1.34515	-65.0729	-63.7277
BLOCK06/SES067/SA067S25	SES202	-0.0675964	-63.7953	-63.7277
BLOCK06/SES067/SA067S29	SES085	-1.35516	-65.561	-64.2058
BLOCK06/SES067/SA067S29	SES177	-1.48623	-65.692	-64.2058
BLOCK06/SES067/SA067S29	SES183	-1.00222	-65.208	-64.2058
BLOCK06/SES067/SA067S29	SES202	0.110397	-64.0954	-64.2058
BLOCK06/SES069/SA069S12	SES029	-2.02045	-65.1331	-63.1127
BLOCK06/SES069/SA069S12	SES082	0.157265	-62.9554	-63.1127
BLOCK06/SES069/SA069S12	SES087	-1.68018	-64.7929	-63.1127
BLOCK06/SES069/SA069S12	SES206	-0.90662	-64.0193	-63.1127
BLOCK06/SES069/SA069S13	SES029	-2.28723	-64.9267	-62.6395
BLOCK06/SES069/SA069S13	SES087	-1.71114	-64.3507	-62.6395
BLOCK06/SES069/SA069S13	SES206	-1.25003	-63.8895	-62.6395
BLOCK06/SES069/SA069S13	SES226	-1.09684	-63.7363	-62.6395
BLOCK06/SES069/SA069S23	SES029	-1.43452	-62.7254	-61.2909
BLOCK06/SES069/SA069S23	SES087	-1.55187	-62.8428	-61.2909
BLOCK06/SES069/SA069S23	SES206	-1.12128	-62.4122	-61.2909
BLOCK06/SES069/SA069S23	SES226	-0.764256	-62.0551	-61.2909
BLOCK06/SES069/SA069S25	SES087	-1.12755	-62.869	-61.7415
BLOCK06/SES069/SA069S25	SES206	-0.95908	-62.7006	-61.7415
BLOCK06/SES069/SA069S25	SES226	-0.474186	-62.2157	-61.7415
BLOCK06/SES069/SA069S25	SES270	-0.910084	-62.6516	-61.7415
BLOCK06/SES069/SA069S27	SES087	-1.76006	-63.7466	-61.9865
BLOCK06/SES069/SA069S27	SES206	-0.136292	-62.1228	-61.9865
BLOCK06/SES069/SA069S27	SES226	0.267029	-61.7195	-61.9865
BLOCK06/SES069/SA069S27	SES270	-0.859814	-62.8463	-61.9865
BLOCK08/SES081/SA081S11	SES060	-1.76043	-65.0684	-63.308
BLOCK08/SES081/SA081S11	SES062	-3.26691	-66.5749	-63.308
BLOCK08/SES081/SA081S11	SES117	-1.59286	-64.9008	-63.308
BLOCK08/SES081/SA081S11	SES162	-1.44113	-64.7491	-63.308
BLOCK08/SES081/SA081S13	SES016	-0.618748	-63.425	-62.8063
BLOCK08/SES081/SA081S13	SES060	-0.445873	-63.2522	-62.8063
BLOCK08/SES081/SA081S13	SES068	-0.121159	-62.9274	-62.8063
BLOCK08/SES081/SA081S13	SES129	-1.62848	-64.4348	-62.8063
BLOCK08/SES081/SA081S24	SES060	-0.455437	-63.7851	-63.3297
BLOCK08/SES081/SA081S24	SES068	-0.911186	-64.2409	-63.3297
BLOCK08/SES081/SA081S24	SES117	-1.18156	-64.5112	-63.3297
BLOCK08/SES081/SA081S24	SES275	-1.94871	-65.2784	-63.3297
BLOCK08/SES081/SA081S27	SES007	-1.9067	-65.1221	-63.2154
BLOCK08/SES081/SA081S27	SES060	-1.48104	-64.6964	-63.2154
BLOCK08/SES081/SA081S27	SES117	-0.677471	-63.8928	-63.2154
BLOCK08/SES081/SA081S27	SES275	-2.11096	-65.3263	-63.2154
BLOCK08/SES081/SA081S29	SES007	-1.84845	-64.6577	-62.8093
BLOCK08/SES081/SA081S29	SES060	-1.18322	-63.9925	-62.8093
BLOCK08/SES081/SA081S29	SES117	-1.05383	-63.8631	-62.8093
BLOCK08/SES081/SA081S29	SES275	-2.02203	-64.8313	-62.8093
BLOCK08/SES086/SA086S11	SES029	-3.61329	-68.292	-64.6787
BLOCK08/SES086/SA086S11	SES082	-1.62946	-66.3081	-64.6787
BLOCK08/SES086/SA086S11	SES087	-0.535385	-65.2141	-64.6787
BLOCK08/SES086/SA086S11	SES206	-1.28245	-65.9611	-64.6787
BLOCK08/SES086/SA086S12	SES029	-3.01198	-66.5648	-63.5528
BLOCK08/SES086/SA086S12	SES082	-0.588539	-64.1414	-63.5528
BLOCK08/SES086/SA086S12	SES087	0.830605	-62.7222	-63.5528
BLOCK08/SES086/SA086S12	SES206	-0.125195	-63.678	-63.5528
BLOCK08/SES086/SA086S20	SES029	-3.47229	-66.0391	-62.5668
BLOCK08/SES086/SA086S20	SES082	-1.05829	-63.6251	-62.5668
BLOCK08/SES086/SA086S20	SES087	0.47118	-62.0956	-62.5668
BLOCK08/SES086/SA086S20	SES206	-0.0705376	-62.6373	-62.5668
BLOCK08/SES086/SA086S24	SES087	0.789371	-62.5586	-63.348
BLOCK08/SES086/SA086S24	SES104	-0.697128	-64.0451	-63.348
BLOCK08/SES086/SA086S24	SES120	-3.40285	-66.7509	-63.348
BLOCK08/SES086/SA086S24	SES206	0.833904	-62.5141	-63.348
BLOCK08/SES086/SA086S28	SES029	-2.51125	-64.8646	-62.3534
BLOCK08/SES086/SA086S28	SES082	-0.95303	-63.3064	-62.3534
BLOCK08/SES086/SA086S28	SES087	0.594597	-61.7588	-62.3534
BLOCK08/SES086/SA086S28	SES206	-0.205826	-62.5592	-62.3534
BLOCK08/SES089/SA089S13	SES087	-1.53617	-65.1385	-63.6023
BLOCK08/SES089/SA089S13	SES206	-1.72696	-65.3293	-63.6023
BLOCK08/SES089/SA089S13	SES226	-1.06337	-64.6657	-63.6023
BLOCK08/SES089/SA089S13	SES270	-2.38911	-65.9914	-63.6023
BLOCK08/SES089/SA089S14	SES062	-1.91335	-65.0966	-63.1832
BLOCK08/SES089/SA089S14	SES087	-0.27631	-63.4595	-63.1832
BLOCK08/SES089/SA089S14	SES206	-0.589809	-63.773	-63.1832
BLOCK08/SES089/SA089S14	SES226	-0.0749168	-63.2582	-63.1832
BLOCK08/SES089/SA089S23	SES087	-1.12978	-66.1233	-64.9935
BLOCK08/SES089/SA089S23	SES206	-1.05468	-66.0482	-64.9935
BLOCK08/SES089/SA089S23	SES226	-0.734741	-65.7283	-64.9935
BLOCK08/SES089/SA089S23	SES270	-1.83207	-66.8256	-64.9935
BLOCK08/SES089/SA089S25	SES062	-2.09276	-65.6245	-63.5317
BLOCK08/SES089/SA089S25	SES087	-0.623585	-64.1553	-63.5317
BLOCK08/SES089/SA089S25	SES206	-1.1769	-64.7086	-63.5317
BLOCK08/SES089/SA089S25	SES226	0.317047	-63.2147	-63.5317
BLOCK08/SES089/SA089S28	SES062	-1.3475	-65.3349	-63.9874
BLOCK08/SES089/SA089S28	SES087	-0.465202	-64.4526	-63.9874
BLOCK08/SES089/SA089S28	SES206	0.122379	-63.865	-63.9874
BLOCK08/SES089/SA089S28	SES226	0.51865	-63.4688	-63.9874
BLOCK09/SES097/SA097S11	SES099	0.247581	-63.6033	-63.8508
BLOCK09/SES097/SA097S11	SES125	-1.23113	-65.082	-63.8508
BLOCK09/SES097/SA097S11	SES206	-0.770699	-64.6215	-63.8508
BLOCK09/SES097/SA097S11	SES226	0.503254	-63.3476	-63.8508
BLOCK09/SES097/SA097S14	SES062	-2.35341	-65.8572	-63.5037
BLOCK09/SES097/SA097S14	SES099	-0.654026	-64.1578	-63.5037
BLOCK09/SES097/SA097S14	SES104	-0.714268	-64.218	-63.5037
BLOCK09/SES097/SA097S14	SES206	-1.08476	-64.5885	-63.5037
BLOCK09/SES097/SA097S22	SES099	0.320457	-63.3936	-63.714
BLOCK09/SES097/SA097S22	SES206	-0.853283	-64.5673	-63.714
BLOCK09/SES097/SA097S22	SES226	-0.627689	-64.3417	-63.714
BLOCK09/SES097/SA097S22	SES270	0.12603	-63.588	-63.714
BLOCK09/SES097/SA097S26	SES099	0.665173	-62.8786	-63.5438
BLOCK09/SES097/SA097S26	SES120	-2.78758	-66.3314	-63.5438
BLOCK09/SES097/SA097S26	SES206	-0.143311	-63.6871	-63.5438
BLOCK09/SES097/SA097S26	SES226	-0.484825	-64.0286	-63.5438
BLOCK09/SES097/SA097S28	SES099	-0.0933685	-63.7002	-63.6068
BLOCK09/SES097/SA097S28	SES120	-2.00426	-65.6111	-63.6068
BLOCK09/SES097/SA097S28	SES206	-1.02181	-64.6286	-63.6068
BLOCK09/SES097/SA097S28	SES226	-1.08456	-64.6914	-63.6068
BLOCK09/SES098/SA098S11	SES127	-2.63573	-68.3712	-65.7355
BLOCK09/SES098/SA098S11	SES144	-1.0237	-66.7592	-65.7355
BLOCK09/SES098/SA098S11	SES147	-0.438187	-66.1737	-65.7355
BLOCK09/SES098/SA098S11	SES148	-2.38903	-68.1245	-65.7355
BLOCK09/SES098/SA098S12	SES127	-4.51641	-71.0508	-66.5343
BLOCK09/SES098/SA098S12	SES144	-1.7202	-68.2545	-66.5343
BLOCK09/SES098/SA098S12	SES147	-1.14126	-67.6756	-66.5343
BLOCK09/SES098/SA098S12	SES189	-0.313873	-66.8482	-66.5343
BLOCK09/SES098/SA098S20	SES127	-4.03197	-69.8741	-65.8421
BLOCK09/SES098/SA098S20	SES147	-0.447433	-66.2896	-65.8421
BLOCK09/SES098/SA098S20	SES148	-2.93633	-68.7785	-65.8421
BLOCK09/SES098/SA098S20	SES292	-3.03767	-68.8798	-65.8421
BLOCK09/SES098/SA098S23	SES127	-2.06078	-66.785	-64.7243
BLOCK09/SES098/SA098S23	SES147	-0.4944	-65.2187	-64.7243
BLOCK09/SES098/SA098S23	SES187	-0.622177	-65.3464	-64.7243
BLOCK09/SES098/SA098S23	SES292	-2.78703	-67.5113	-64.7243
BLOCK09/SES098/SA098S27	SES127	-2.55776	-68.0496	-65.4919
BLOCK09/SES098/SA098S27	SES147	-1.66957	-67.1614	-65.4919
BLOCK09/SES098/SA098S27	SES148	-3.50759	-68.9995	-65.4919
BLOCK09/SES098/SA098S27	SES292	-2.23096	-67.7228	-65.4919
BLOCK10/SES102/SA102S13	SES101	-0.212509	-64.6793	-64.4667
BLOCK10/SES102/SA102S13	SES105	-1.49932	-65.9661	-64.4667
BLOCK10/SES102/SA102S13	SES120	-1.46456	-65.9313	-64.4667
BLOCK10/SES102/SA102S13	SES158	-7.11653	-71.5833	-64.4667
BLOCK10/SES102/SA102S14	SES007	0.016716	-62.9208	-62.9375
BLOCK10/SES102/SA102S14	SES101	0.0162544	-62.9212	-62.9375
BLOCK10/SES102/SA102S14	SES105	-0.245518	-63.183	-62.9375
BLOCK10/SES102/SA102S14	SES147	-2.43402	-65.3715	-62.9375
BLOCK10/SES102/SA102S22	SES007	-0.782265	-64.084	-63.3018
BLOCK10/SES102/SA102S22	SES101	0.0914154	-63.2104	-63.3018
BLOCK10/SES102/SA102S22	SES105	-0.513699	-63.8155	-63.3018
BLOCK10/SES102/SA102S22	SES158	-3.99411	-67.2959	-63.3018
BLOCK10/SES102/SA102S25	SES007	-0.183662	-63.7216	-63.5379
BLOCK10/SES102/SA102S25	SES101	-0.200886	-63.7388	-63.5379
BLOCK10/SES102/SA102S25	SES105	-0.580383	-64.1183	-63.5379
BLOCK10/SES102/SA102S25	SES147	-3.59554	-67.1335	-63.5379
BLOCK10/SES102/SA102S27	SES007	-0.823589	-64.6616	-63.838
BLOCK10/SES102/SA102S27	SES101	-0.0455666	-63.8836	-63.838
BLOCK10/SES102/SA102S27	SES105	-0.786083	-64.6241	-63.838
BLOCK10/SES102/SA102S27	SES147	-2.29344	-66.1314	-63.838
BLOCK10/SES103/SA103S14	SES105	-2.9402	-67.3351	-64.3949
BLOCK10/SES103/SA103S14	SES106	-0.450371	-64.8452	-64.3949
BLOCK10/SES103/SA103S14	SES120	-3.40266	-67.7975	-64.3949
BLOCK10/SES103/SA103S14	SES206	-1.2101	-65.605	-64.3949
BLOCK10/SES103/SA103S15	SES099	-0.401451	-65.6612	-65.2597
BLOCK10/SES103/SA103S15	SES101	-3.03845	-68.2982	-65.2597
BLOCK10/SES103/SA103S15	SES104	-0.797699	-66.0574	-65.2597
BLOCK10/SES103/SA103S15	SES125	-0.763115	-66.0228	-65.2597
BLOCK10/SES103/SA103S24	SES104	-1.33801	-64.9328	-63.5948
BLOCK10/SES103/SA103S24	SES125	-1.34158	-64.9364	-63.5948
BLOCK10/SES103/SA103S24	SES148	-2.71201	-66.3068	-63.5948
BLOCK10/SES103/SA103S24	SES158	-0.159653	-63.7545	-63.5948
BLOCK10/SES103/SA103S26	SES104	-1.46879	-66.1383	-64.6695
BLOCK10/SES103/SA103S26	SES106	-0.856674	-65.5262	-64.6695
BLOCK10/SES103/SA103S26	SES125	-1.33255	-66.002	-64.6695
BLOCK10/SES103/SA103S26	SES148	-2.97244	-67.6419	-64.6695
BLOCK10/SES103/SA103S28	SES104	-1.33563	-66.7532	-65.4176
BLOCK10/SES103/SA103S28	SES106	-0.830444	-66.2481	-65.4176
BLOCK10/SES103/SA103S28	SES125	-1.85923	-67.2768	-65.4176
BLOCK10/SES103/SA103S28	SES206	-2.45667	-67.8743	-65.4176
BLOCK12/SES121/SA121S12	SES042	-1.91434	-67.6579	-65.7436
BLOCK12/SES121/SA121S12	SES087	-0.838768	-66.5823	-65.7436
BLOCK12/SES121/SA121S12	SES105	-1.72523	-67.4688	-65.7436
BLOCK12/SES121/SA121S12	SES206	-0.872452	-66.616	-65.7436
BLOCK12/SES121/SA121S14	SES007	-2.77425	-69.0082	-66.2339
BLOCK12/SES121/SA121S14	SES105	-2.63358	-68.8675	-66.2339
BLOCK12/SES121/SA121S14	SES106	-1.28896	-67.5229	-66.2339
BLOCK12/SES121/SA121S14	SES206	-1.45148	-67.6854	-66.2339
BLOCK12/SES121/SA121S23	SES105	-1.83427	-68.0175	-66.1832
BLOCK12/SES121/SA121S23	SES106	-0.59182	-66.775	-66.1832
BLOCK12/SES121/SA121S23	SES120	-2.5826	-68.7658	-66.1832
BLOCK12/SES121/SA121S23	SES206	-0.716919	-66.9001	-66.1832
BLOCK12/SES121/SA121S25	SES007	-2.69926	-69.28	-66.5808
BLOCK12/SES121/SA121S25	SES105	-3.07747	-69.6582	-66.5808
BLOCK12/SES121/SA121S25	SES106	-1.15104	-67.7318	-66.5808
BLOCK12/SES121/SA121S25	SES206	-1.4039	-67.9847	-66.5808
BLOCK12/SES121/SA121S27	SES087	-0.600754	-65.9163	-65.3156
BLOCK12/SES121/SA121S27	SES105	-3.37759	-68.6931	-65.3156
BLOCK12/SES121/SA121S27	SES120	-3.26294	-68.5785	-65.3156
BLOCK12/SES121/SA121S27	SES206	-1.03125	-66.3468	-65.3156
BLOCK12/SES124/SA124S16	SES042	-0.296711	-63.7567	-63.46
BLOCK12/SES124/SA124S16	SES082	-0.578503	-64.0385	-63.46
BLOCK12/SES124/SA124S16	SES183	-3.65912	-67.1191	-63.46
BLOCK12/SES124/SA124S16	SES206	-1.01401	-64.474	-63.46
BLOCK12/SES124/SA124S17	SES105	-2.29128	-66.5331	-64.2418
BLOCK12/SES124/SA124S17	SES149	-1.69939	-65.9412	-64.2418
BLOCK12/SES124/SA124S17	SES158	-1.66019	-65.902	-64.2418
BLOCK12/SES124/SA124S17	SES275	-2.71944	-66.9613	-64.2418
BLOCK12/SES124/SA124S23	SES105	-2.95322	-64.8224	-61.8691
BLOCK12/SES124/SA124S23	SES125	0.259354	-61.6098	-61.8691
BLOCK12/SES124/SA124S23	SES129	-3.37039	-65.2395	-61.8691
BLOCK12/SES124/SA124S23	SES158	-0.518917	-62.3881	-61.8691
BLOCK12/SES124/SA124S26	SES105	-3.75811	-66.8118	-63.0536
BLOCK12/SES124/SA124S26	SES125	0.120102	-62.9335	-63.0536
BLOCK12/SES124/SA124S26	SES129	-3.43782	-66.4915	-63.0536
BLOCK12/SES124/SA124S26	SES158	-0.844669	-63.8983	-63.0536
BLOCK12/SES124/SA124S28	SES104	-0.715527	-63.0142	-62.2987
BLOCK12/SES124/SA124S28	SES106	-0.406723	-62.7054	-62.2987
BLOCK12/SES124/SA124S28	SES125	-0.194275	-62.493	-62.2987
BLOCK12/SES124/SA124S28	SES275	-3.5001	-65.7988	-62.2987
BLOCK12/SES126/SA126S13	SES007	-1.99435	-68.1075	-66.1131
BLOCK12/SES126/SA126S13	SES162	-1.32114	-67.4343	-66.1131
BLOCK12/SES126/SA126S13	SES177	-1.17902	-67.2921	-66.1131
BLOCK12/SES126/SA126S13	SES180	-1.34552	-67.4586	-66.1131
BLOCK12/SES126/SA126S14	SES144	-1.09541	-65.2559	-64.1604
BLOCK12/SES126/SA126S14	SES148	-1.43229	-65.5927	-64.1604
BLOCK12/SES126/SA126S14	SES177	-0.140823	-64.3013	-64.1604
BLOCK12/SES126/SA126S14	SES180	-0.730453	-64.8909	-64.1604
BLOCK12/SES126/SA126S20	SES007	-2.15724	-66.0119	-63.8547
BLOCK12/SES126/SA126S20	SES162	-1.78838	-65.6431	-63.8547
BLOCK12/SES126/SA126S20	SES172	-4.84536	-68.7001	-63.8547
BLOCK12/SES126/SA126S20	SES180	-1.2831	-65.1378	-63.8547
BLOCK12/SES126/SA126S24	SES120	-1.16085	-64.8605	-63.6996
BLOCK12/SES126/SA126S24	SES162	-1.02966	-64.7293	-63.6996
BLOCK12/SES126/SA126S24	SES177	-0.939453	-64.6391	-63.6996
BLOCK12/SES126/SA126S24	SES180	-0.474098	-64.1737	-63.6996
BLOCK12/SES126/SA126S26	SES120	-0.704933	-65.5927	-64.8877
BLOCK12/SES126/SA126S26	SES177	-1.04303	-65.9308	-64.8877
BLOCK12/SES126/SA126S26	SES180	-1.06844	-65.9562	-64.8877
BLOCK12/SES126/SA126S26	SES202	-1.90768	-66.7954	-64.8877
BLOCK12/SES128/SA128S10	SES087	-1.92229	-65.3817	-63.4594
BLOCK12/SES128/SA128S10	SES206	-0.758369	-64.2178	-63.4594
BLOCK12/SES128/SA128S10	SES226	-0.471302	-63.9308	-63.4594
BLOCK12/SES128/SA128S10	SES270	-0.700729	-64.1602	-63.4594
BLOCK12/SES128/SA128S12	SES120	-2.51373	-66.0563	-63.5425
BLOCK12/SES128/SA128S12	SES158	-0.96199	-64.5045	-63.5425
BLOCK12/SES128/SA128S12	SES206	-0.62265	-64.1652	-63.5425
BLOCK12/SES128/SA128S12	SES226	-0.872017	-64.4145	-63.5425
BLOCK12/SES128/SA128S21	SES106	-2.48484	-67.2823	-64.7974
BLOCK12/SES128/SA128S21	SES120	-1.95937	-66.7568	-64.7974
BLOCK12/SES128/SA128S21	SES206	-2.28033	-67.0778	-64.7974
BLOCK12/SES128/SA128S21	SES226	-1.65051	-66.4479	-64.7974
BLOCK12/SES128/SA128S24	SES087	-3.22284	-68.0297	-64.8069
BLOCK12/SES128/SA128S24	SES120	-1.22736	-66.0342	-64.8069
BLOCK12/SES128/SA128S24	SES206	-2.14021	-66.9471	-64.8069
BLOCK12/SES128/SA128S24	SES226	-1.77605	-66.5829	-64.8069
BLOCK12/SES128/SA128S27	SES099	-0.640869	-64.3699	-63.7291
BLOCK12/SES128/SA128S27	SES120	-1.51963	-65.2487	-63.7291
BLOCK12/SES128/SA128S27	SES206	-1.41276	-65.1418	-63.7291
BLOCK12/SES128/SA128S27	SES226	-0.526054	-64.2551	-63.7291
BLOCK13/SES130/SA130S13	SES143	-2.03762	-67.7236	-65.6859
BLOCK13/SES130/SA130S13	SES144	-0.205818	-65.8918	-65.6859
BLOCK13/SES130/SA130S13	SES146	-0.549965	-66.2359	-65.6859
BLOCK13/SES130/SA130S13	SES275	-2.41213	-68.0981	-65.6859
BLOCK13/SES130/SA130S15	SES143	-1.99536	-66.379	-64.3837
BLOCK13/SES130/SA130S15	SES144	-0.465225	-64.8489	-64.3837
BLOCK13/SES130/SA130S15	SES146	-0.67524	-65.0589	-64.3837
BLOCK13/SES130/SA130S15	SES275	-1.02055	-65.4042	-64.3837
BLOCK13/SES130/SA130S23	SES127	-2.48344	-68.2903	-65.8068
BLOCK13/SES130/SA130S23	SES144	-0.660698	-66.4675	-65.8068
BLOCK13/SES130/SA130S23	SES146	0.41188	-65.3949	-65.8068
BLOCK13/SES130/SA130S23	SES162	-0.912086	-66.7189	-65.8068
BLOCK13/SES130/SA130S25	SES127	-2.56374	-66.3912	-63.8275
BLOCK13/SES130/SA130S25	SES144	-0.0505333	-63.878	-63.8275
BLOCK13/SES130/SA130S25	SES146	-0.442684	-64.2702	-63.8275
BLOCK13/SES130/SA130S25	SES275	-0.733059	-64.5605	-63.8275
BLOCK13/SES130/SA130S28	SES127	-1.39993	-65.6135	-64.2135
BLOCK13/SES130/SA130S28	SES144	-0.602531	-64.8161	-64.2135
BLOCK13/SES130/SA130S28	SES146	-1.04403	-65.2576	-64.2135
BLOCK13/SES130/SA130S28	SES275	-0.884003	-65.0975	-64.2135
BLOCK13/SES131/SA131S13	SES002	-1.88776	-67.6272	-65.7394
BLOCK13/SES131/SA131S13	SES007	-3.34759	-69.087	-65.7394
BLOCK13/SES131/SA131S13	SES099	-1.60233	-67.3417	-65.7394
BLOCK13/SES131/SA131S13	SES105	-2.47496	-68.2144	-65.7394
BLOCK13/SES131/SA131S14	SES104	-0.698345	-64.1114	-63.4131
BLOCK13/SES131/SA131S14	SES106	-0.376945	-63.79	-63.4131
BLOCK13/SES131/SA131S14	SES125	-1.01723	-64.4303	-63.4131
BLOCK13/SES131/SA131S14	SES148	-2.01758	-65.4306	-63.4131
BLOCK13/SES131/SA131S20	SES104	-1.10962	-66.1209	-65.0113
BLOCK13/SES131/SA131S20	SES106	-0.101753	-65.1131	-65.0113
BLOCK13/SES131/SA131S20	SES125	-1.29527	-66.3066	-65.0113
BLOCK13/SES131/SA131S20	SES148	-2.7962	-67.8075	-65.0113
BLOCK13/SES131/SA131S22	SES099	-0.740715	-64.8346	-64.0938
BLOCK13/SES131/SA131S22	SES104	-1.04688	-65.1407	-64.0938
BLOCK13/SES131/SA131S22	SES125	-1.12315	-65.217	-64.0938
BLOCK13/SES131/SA131S22	SES206	-1.21472	-65.3086	-64.0938
BLOCK13/SES131/SA131S29	SES087	-1.00628	-65.5994	-64.5932
BLOCK13/SES131/SA131S29	SES104	-1.71896	-66.3121	-64.5932
BLOCK13/SES131/SA131S29	SES125	-1.77747	-66.3706	-64.5932
BLOCK13/SES131/SA131S29	SES206	-1.44106	-66.0342	-64.5932
BLOCK13/SES132/SA132S11	SES083	-1.45815	-64.5585	-63.1003
BLOCK13/SES132/SA132S11	SES120	-0.395496	-63.4958	-63.1003
BLOCK13/SES132/SA132S11	SES127	-0.755352	-63.8557	-63.1003
BLOCK13/SES132/SA132S11	SES275	-1.69691	-64.7972	-63.1003
BLOCK13/SES132/SA132S12	SES083	-1.0205	-64.1941	-63.1736
BLOCK13/SES132/SA132S12	SES143	-1.34937	-64.523	-63.1736
BLOCK13/SES132/SA132S12	SES144	-0.928444	-64.1021	-63.1736
BLOCK13/SES132/SA132S12	SES148	-1.00795	-64.1816	-63.1736
BLOCK13/SES132/SA132S22	SES062	-0.86248	-64.023	-63.1605
BLOCK13/SES132/SA132S22	SES083	-1.08253	-64.243	-63.1605
BLOCK13/SES132/SA132S22	SES127	-0.470112	-63.6306	-63.1605
BLOCK13/SES132/SA132S22	SES275	-1.12731	-64.2878	-63.1605
BLOCK13/SES132/SA132S24	SES007	-0.554668	-63.9219	-63.3673
BLOCK13/SES132/SA132S24	SES083	-1.05417	-64.4214	-63.3673
BLOCK13/SES132/SA132S24	SES127	-0.557007	-63.9243	-63.3673
BLOCK13/SES132/SA132S24	SES275	-1.38296	-64.7502	-63.3673
BLOCK13/SES132/SA132S27	SES083	-1.56039	-65.2457	-63.6853
BLOCK13/SES132/SA132S27	SES120	-0.292534	-63.9779	-63.6853
BLOCK13/SES132/SA132S27	SES127	-1.64585	-65.3312	-63.6853
BLOCK13/SES132/SA132S27	SES275	-1.55737	-65.2427	-63.6853
BLOCK14/SES141/SA141S09	SES143	-0.615643	-64.5088	-63.8932
BLOCK14/SES141/SA141S09	SES144	-0.831318	-64.7245	-63.8932
BLOCK14/SES141/SA141S09	SES162	-1.06965	-64.9628	-63.8932
BLOCK14/SES141/SA141S09	SES180	-0.688778	-64.5819	-63.8932
BLOCK14/SES141/SA141S15	SES127	-1.49611	-65.7579	-64.2618
BLOCK14/SES141/SA141S15	SES144	-1.39713	-65.6589	-64.2618
BLOCK14/SES141/SA141S15	SES162	-1.14877	-65.4106	-64.2618
BLOCK14/SES141/SA141S15	SES180	-0.962944	-65.2247	-64.2618
BLOCK14/SES141/SA141S24	SES127	-0.524246	-64.3674	-63.8431
BLOCK14/SES141/SA141S24	SES144	-1.71639	-65.5595	-63.8431
BLOCK14/SES141/SA141S24	SES162	-0.661179	-64.5043	-63.8431
BLOCK14/SES141/SA141S24	SES183	-1.78382	-65.627	-63.8431
BLOCK14/SES141/SA141S26	SES142	-1.35759	-65.8618	-64.5042
BLOCK14/SES141/SA141S26	SES144	-1.53065	-66.0349	-64.5042
BLOCK14/SES141/SA141S26	SES172	-1.9348	-66.439	-64.5042
BLOCK14/SES141/SA141S26	SES180	-0.423027	-64.9273	-64.5042
BLOCK14/SES141/SA141S29	SES127	-0.444389	-64.2574	-63.813
BLOCK14/SES141/SA141S29	SES142	-0.313171	-64.1262	-63.813
BLOCK14/SES141/SA141S29	SES144	-1.27506	-65.0881	-63.813
BLOCK14/SES141/SA141S29	SES180	-0.228508	-64.0415	-63.813
BLOCK15/SES157/SA157S08	SES083	-2.16582	-66.3492	-64.1834
BLOCK15/SES157/SA157S08	SES127	-1.74037	-65.9238	-64.1834
BLOCK15/SES157/SA157S08	SES148	-0.826248	-65.0096	-64.1834
BLOCK15/SES157/SA157S08	SES292	-1.36198	-65.5454	-64.1834
BLOCK15/SES157/SA157S11	SES083	-1.60419	-65.4148	-63.8106
BLOCK15/SES157/SA157S11	SES127	-2.76068	-66.5713	-63.8106
BLOCK15/SES157/SA157S11	SES148	-1.2579	-65.0685	-63.8106
BLOCK15/SES157/SA157S11	SES292	-1.56415	-65.3747	-63.8106
BLOCK15/SES157/SA157S21	SES127	-2.40978	-65.8068	-63.397
BLOCK15/SES157/SA157S21	SES148	-0.737617	-64.1346	-63.397
BLOCK15/SES157/SA157S21	SES158	-4.271	-67.668	-63.397
BLOCK15/SES157/SA157S21	SES292	-1.31729	-64.7143	-63.397
BLOCK15/SES157/SA157S24	SES127	-2.05346	-65.6809	-63.6275
BLOCK15/SES157/SA157S24	SES148	-0.914677	-64.5421	-63.6275
BLOCK15/SES157/SA157S24	SES183	-1.95838	-65.5858	-63.6275
BLOCK15/SES157/SA157S24	SES292	-1.50011	-65.1276	-63.6275
BLOCK15/SES157/SA157S26	SES007	-1.15453	-64.7024	-63.5478
BLOCK15/SES157/SA157S26	SES127	-0.937599	-64.4854	-63.5478
BLOCK15/SES157/SA157S26	SES147	-3.14908	-66.6969	-63.5478
BLOCK15/SES157/SA157S26	SES148	-0.908218	-64.456	-63.5478
BLOCK16/SES161/SA161S10	SES007	-2.07133	-67.5959	-65.5246
BLOCK16/SES161/SA161S10	SES105	-1.27129	-66.7959	-65.5246
BLOCK16/SES161/SA161S10	SES158	-2.04901	-67.5736	-65.5246
BLOCK16/SES161/SA161S10	SES275	-1.83618	-67.3608	-65.5246
BLOCK16/SES161/SA161S12	SES007	-0.983376	-65.9466	-64.9633
BLOCK16/SES161/SA161S12	SES105	-1.76875	-66.732	-64.9633
BLOCK16/SES161/SA161S12	SES158	-1.21687	-66.1801	-64.9633
BLOCK16/SES161/SA161S12	SES275	-1.24192	-66.2052	-64.9633
BLOCK16/SES161/SA161S20	SES007	-1.79263	-68.2784	-66.4857
BLOCK16/SES161/SA161S20	SES105	-1.81226	-68.298	-66.4857
BLOCK16/SES161/SA161S20	SES158	-0.94976	-67.4355	-66.4857
BLOCK16/SES161/SA161S20	SES275	-1.7634	-68.2491	-66.4857
BLOCK16/SES161/SA161S23	SES007	-1.81982	-66.263	-64.4432
BLOCK16/SES161/SA161S23	SES105	-1.33705	-65.7803	-64.4432
BLOCK16/SES161/SA161S23	SES148	-2.17067	-66.6139	-64.4432
BLOCK16/SES161/SA161S23	SES158	-1.37078	-65.814	-64.4432
BLOCK16/SES161/SA161S28	SES007	-2.28037	-67.1795	-64.8992
BLOCK16/SES161/SA161S28	SES105	-2.09971	-66.9989	-64.8992
BLOCK16/SES161/SA161S28	SES158	-0.5504	-65.4496	-64.8992
BLOCK16/SES161/SA161S28	SES206	-1.40165	-66.3008	-64.8992
BLOCK16/SES164/SA164S11	SES104	-1.28483	-64.0123	-62.7275
BLOCK16/SES164/SA164S11	SES125	-0.204716	-62.9322	-62.7275
BLOCK16/SES164/SA164S11	SES158	0.369389	-62.3581	-62.7275
BLOCK16/SES164/SA164S11	SES206	-1.33335	-64.0609	-62.7275
BLOCK16/SES164/SA164S13	SES099	-0.409737	-64.191	-63.7813
BLOCK16/SES164/SA164S13	SES104	-1.45007	-65.2314	-63.7813
BLOCK16/SES164/SA164S13	SES125	-1.03373	-64.815	-63.7813
BLOCK16/SES164/SA164S13	SES206	-1.11438	-64.8957	-63.7813
BLOCK16/SES164/SA164S24	SES002	0.0876007	-63.3481	-63.4357
BLOCK16/SES164/SA164S24	SES099	-0.134495	-63.5702	-63.4357
BLOCK16/SES164/SA164S24	SES125	-0.899895	-64.3356	-63.4357
BLOCK16/SES164/SA164S24	SES226	-0.25798	-63.6937	-63.4357
BLOCK16/SES164/SA164S27	SES087	-2.13356	-66.0883	-63.9547
BLOCK16/SES164/SA164S27	SES125	-1.21693	-65.1716	-63.9547
BLOCK16/SES164/SA164S27	SES206	-1.07868	-65.0334	-63.9547
BLOCK16/SES164/SA164S27	SES226	-1.132	-65.0867	-63.9547
BLOCK16/SES164/SA164S29	SES002	0.330471	-62.604	-62.9345
BLOCK16/SES164/SA164S29	SES019	-1.28293	-64.2174	-62.9345
BLOCK16/SES164/SA164S29	SES125	-0.73711	-63.6716	-62.9345
BLOCK16/SES164/SA164S29	SES226	-0.774403	-63.7089	-62.9345
BLOCK16/SES169/SA169S13	SES117	-1.73377	-66.0406	-64.3068
BLOCK16/SES169/SA169S13	SES144	-0.662498	-64.9693	-64.3068
BLOCK16/SES169/SA169S13	SES146	-0.571503	-64.8783	-64.3068
BLOCK16/SES169/SA169S13	SES162	-1.95151	-66.2583	-64.3068
BLOCK16/SES169/SA169S14	SES144	-0.620872	-63.8941	-63.2733
BLOCK16/SES169/SA169S14	SES148	-0.958332	-64.2316	-63.2733
BLOCK16/SES169/SA169S14	SES177	-1.58375	-64.857	-63.2733
BLOCK16/SES169/SA169S14	SES180	-2.29215	-65.5654	-63.2733
BLOCK16/SES169/SA169S24	SES117	-1.20343	-65.8761	-64.6727
BLOCK16/SES169/SA169S24	SES144	-0.477097	-65.1498	-64.6727
BLOCK16/SES169/SA169S24	SES146	-0.914528	-65.5872	-64.6727
BLOCK16/SES169/SA169S24	SES162	-1.90283	-66.5755	-64.6727
BLOCK16/SES169/SA169S27	SES127	-0.997917	-65.1229	-64.125
BLOCK16/SES169/SA169S27	SES129	-0.992027	-65.117	-64.125
BLOCK16/SES169/SA169S27	SES144	-1.07545	-65.2004	-64.125
BLOCK16/SES169/SA169S27	SES146	-0.384163	-64.5092	-64.125
BLOCK16/SES169/SA169S29	SES144	-0.601254	-64.365	-63.7638
BLOCK16/SES169/SA169S29	SES162	-1.62645	-65.3902	-63.7638
BLOCK16/SES169/SA169S29	SES177	-2.38002	-66.1438	-63.7638
BLOCK16/SES169/SA169S29	SES180	-1.56832	-65.3321	-63.7638
BLOCK17/SES171/SA171S12	SES083	-0.980911	-65.3242	-64.3433
BLOCK17/SES171/SA171S12	SES148	-1.3812	-65.7245	-64.3433
BLOCK17/SES171/SA171S12	SES172	-1.75642	-66.0997	-64.3433
BLOCK17/SES171/SA171S12	SES292	-1.73624	-66.0796	-64.3433
BLOCK17/SES171/SA171S15	SES148	-1.47018	-66.5605	-65.0904
BLOCK17/SES171/SA171S15	SES177	-1.21129	-66.3017	-65.0904
BLOCK17/SES171/SA171S15	SES180	-2.98383	-68.0742	-65.0904
BLOCK17/SES171/SA171S15	SES292	-2.93576	-68.0261	-65.0904
BLOCK17/SES171/SA171S22	SES007	-1.41118	-64.8237	-63.4125
BLOCK17/SES171/SA171S22	SES148	-1.23082	-64.6433	-63.4125
BLOCK17/SES171/SA171S22	SES177	-0.55481	-63.9673	-63.4125
BLOCK17/SES171/SA171S22	SES180	-1.55788	-64.9704	-63.4125
BLOCK17/SES171/SA171S25	SES101	-2.44536	-67.665	-65.2196
BLOCK17/SES171/SA171S25	SES120	-3.52132	-68.741	-65.2196
BLOCK17/SES171/SA171S25	SES177	-0.742332	-65.962	-65.2196
BLOCK17/SES171/SA171S25	SES180	-2.19297	-67.4126	-65.2196
BLOCK17/SES171/SA171S27	SES177	-0.405243	-64.7721	-64.3668
BLOCK17/SES171/SA171S27	SES180	-1.49918	-65.866	-64.3668
BLOCK17/SES171/SA171S27	SES189	-0.401001	-64.7678	-64.3668
BLOCK17/SES171/SA171S27	SES292	-2.12389	-66.4907	-64.3668
BLOCK17/SES173/SA173S13	SES162	-2.58743	-68.1439	-65.5564
BLOCK17/SES173/SA173S13	SES177	-1.73769	-67.2941	-65.5564
BLOCK17/SES173/SA173S13	SES180	-2.04646	-67.6029	-65.5564
BLOCK17/SES173/SA173S13	SES292	-2.04551	-67.602	-65.5564
BLOCK17/SES173/SA173S14	SES007	-2.93021	-68.6261	-65.6959
BLOCK17/SES173/SA173S14	SES162	-2.03798	-67.7339	-65.6959
BLOCK17/SES173/SA173S14	SES177	-1.15973	-66.8556	-65.6959
BLOCK17/SES173/SA173S14	SES180	-1.89512	-67.591	-65.6959
BLOCK17/SES173/SA173S24	SES144	-1.19151	-67.3616	-66.1701
BLOCK17/SES173/SA173S24	SES162	-2.05949	-68.2296	-66.1701
BLOCK17/SES173/SA173S24	SES177	-1.04858	-67.2187	-66.1701
BLOCK17/SES173/SA173S24	SES180	-1.53002	-67.7001	-66.1701
BLOCK17/SES173/SA173S27	SES162	-3.49767	-68.9581	-65.4604
BLOCK17/SES173/SA173S27	SES177	-1.26073	-66.7212	-65.4604
BLOCK17/SES173/SA173S27	SES180	-2.17347	-67.6339	-65.4604
BLOCK17/SES173/SA173S27	SES292	-2.24548	-67.7059	-65.4604
BLOCK17/SES173/SA173S29	SES162	-2.14766	-67.3392	-65.1915
BLOCK17/SES173/SA173S29	SES175	-0.947472	-66.139	-65.1915
BLOCK17/SES173/SA173S29	SES177	-1.46229	-66.6538	-65.1915
BLOCK17/SES173/SA173S29	SES292	-3.10294	-68.2945	-65.1915
BLOCK18/SES182/SA182S10	SES144	-0.778118	-64.6845	-63.9064
BLOCK18/SES182/SA182S10	SES177	-0.877697	-64.7841	-63.9064
BLOCK18/SES182/SA182S10	SES180	-1.88904	-65.7954	-63.9064
BLOCK18/SES182/SA182S10	SES275	-1.09667	-65.003	-63.9064
BLOCK18/SES182/SA182S12	SES144	-0.880863	-64.082	-63.2011
BLOCK18/SES182/SA182S12	SES177	-0.978466	-64.1796	-63.2011
BLOCK18/SES182/SA182S12	SES180	-0.904682	-64.1058	-63.2011
BLOCK18/SES182/SA182S12	SES275	-1.50269	-64.7038	-63.2011
BLOCK18/SES182/SA182S21	SES117	-0.603951	-65.3443	-64.7403
BLOCK18/SES182/SA182S21	SES144	-1.54778	-66.2881	-64.7403
BLOCK18/SES182/SA182S21	SES162	-0.522621	-65.263	-64.7403
BLOCK18/SES182/SA182S21	SES180	-1.30133	-66.0417	-64.7403
BLOCK18/SES182/SA182S23	SES117	-1.05775	-65.4385	-64.3808
BLOCK18/SES182/SA182S23	SES144	-1.24583	-65.6266	-64.3808
BLOCK18/SES182/SA182S23	SES180	-1.50998	-65.8907	-64.3808
BLOCK18/SES182/SA182S23	SES275	-1.73074	-66.1115	-64.3808
BLOCK18/SES182/SA182S25	SES007	-0.697937	-64.9517	-64.2538
BLOCK18/SES182/SA182S25	SES162	-0.496208	-64.75	-64.2538
BLOCK18/SES182/SA182S25	SES177	-0.55323	-64.807	-64.2538
BLOCK18/SES182/SA182S25	SES180	-0.802795	-65.0566	-64.2538
BLOCK18/SES184/SA184S12	SES177	-1.05195	-65.2331	-64.1811
BLOCK18/SES184/SA184S12	SES180	-0.97905	-65.1602	-64.1811
BLOCK18/SES184/SA184S12	SES189	-2.32239	-66.5035	-64.1811
BLOCK18/SES184/SA184S12	SES292	-1.45217	-65.6333	-64.1811
BLOCK18/SES184/SA184S13	SES101	-1.2886	-65.7644	-64.4758
BLOCK18/SES184/SA184S13	SES177	-1.14053	-65.6163	-64.4758
BLOCK18/SES184/SA184S13	SES180	-1.42616	-65.902	-64.4758
BLOCK18/SES184/SA184S13	SES292	-1.15089	-65.6267	-64.4758
BLOCK18/SES184/SA184S22	SES177	-1.36064	-64.8622	-63.5015
BLOCK18/SES184/SA184S22	SES180	-1.54907	-65.0506	-63.5015
BLOCK18/SES184/SA184S22	SES189	-2.37143	-65.873	-63.5015
BLOCK18/SES184/SA184S22	SES292	-1.63301	-65.1346	-63.5015
BLOCK18/SES184/SA184S25	SES101	-1.05597	-64.1133	-63.0573
BLOCK18/SES184/SA184S25	SES177	-1.77421	-64.8315	-63.0573
BLOCK18/SES184/SA184S25	SES180	-1.71371	-64.771	-63.0573
BLOCK18/SES184/SA184S25	SES292	-1.16149	-64.2188	-63.0573
BLOCK18/SES184/SA184S27	SES083	-1.29433	-65.038	-63.7437
BLOCK18/SES184/SA184S27	SES177	-1.04016	-64.7838	-63.7437
BLOCK18/SES184/SA184S27	SES202	-2.73459	-66.4783	-63.7437
BLOCK18/SES184/SA184S27	SES292	-1.35581	-65.0995	-63.7437
BLOCK20/SES204/SA204S12	SES062	-1.86132	-64.7878	-62.9264
BLOCK20/SES204/SA204S12	SES083	-2.31948	-65.2459	-62.9264
BLOCK20/SES204/SA204S12	SES206	-0.282799	-63.2092	-62.9264
BLOCK20/SES204/SA204S12	SES226	-1.00322	-63.9297	-62.9264
BLOCK20/SES204/SA204S14	SES068	-2.80954	-64.8821	-62.0725
BLOCK20/SES204/SA204S14	SES087	-0.424629	-62.4972	-62.0725
BLOCK20/SES204/SA204S14	SES206	-0.471279	-62.5438	-62.0725
BLOCK20/SES204/SA204S14	SES226	-1.01046	-63.083	-62.0725
BLOCK20/SES204/SA204S22	SES068	-3.51834	-66.0101	-62.4917
BLOCK20/SES204/SA204S22	SES082	-1.74037	-64.2321	-62.4917
BLOCK20/SES204/SA204S22	SES083	-2.63633	-65.1281	-62.4917
BLOCK20/SES204/SA204S22	SES206	-0.678425	-63.1702	-62.4917
BLOCK20/SES204/SA204S25	SES062	-3.02098	-65.8296	-62.8086
BLOCK20/SES204/SA204S25	SES083	-2.74456	-65.5532	-62.8086
BLOCK20/SES204/SA204S25	SES206	-0.0731354	-62.8818	-62.8086
BLOCK20/SES204/SA204S25	SES226	-1.05571	-63.8643	-62.8086
BLOCK20/SES204/SA204S27	SES068	-3.51652	-67.0214	-63.5048
BLOCK20/SES204/SA204S27	SES082	-1.26145	-64.7663	-63.5048
BLOCK20/SES204/SA204S27	SES087	-0.584446	-64.0893	-63.5048
BLOCK20/SES204/SA204S27	SES206	-0.525402	-64.0302	-63.5048
BLOCK20/SES207/SA207S10	SES127	-0.772888	-64.8141	-64.0413
BLOCK20/SES207/SA207S10	SES183	-1.79263	-65.8339	-64.0413
BLOCK20/SES207/SA207S10	SES189	-0.997589	-65.0388	-64.0413
BLOCK20/SES207/SA207S10	SES292	-1.53646	-65.5777	-64.0413
BLOCK20/SES207/SA207S11	SES127	-2.0847	-65.6145	-63.5298
BLOCK20/SES207/SA207S11	SES183	-2.00974	-65.5396	-63.5298
BLOCK20/SES207/SA207S11	SES187	-0.874279	-64.4041	-63.5298
BLOCK20/SES207/SA207S11	SES292	-1.6463	-65.1761	-63.5298
BLOCK20/SES207/SA207S25	SES068	-1.52125	-66.1586	-64.6373
BLOCK20/SES207/SA207S25	SES083	-1.84312	-66.4804	-64.6373
BLOCK20/SES207/SA207S25	SES127	-0.779289	-65.4166	-64.6373
BLOCK20/SES207/SA207S25	SES187	-0.386665	-65.024	-64.6373
BLOCK20/SES207/SA207S27	SES127	-0.718292	-65.3384	-64.6202
BLOCK20/SES207/SA207S27	SES183	-1.03228	-65.6524	-64.6202
BLOCK20/SES207/SA207S27	SES187	-0.821976	-65.4421	-64.6202
BLOCK20/SES207/SA207S27	SES292	-1.44796	-66.0681	-64.6202
BLOCK20/SES207/SA207S29	SES083	-1.88794	-65.6473	-63.7594
BLOCK20/SES207/SA207S29	SES085	-1.06816	-64.8276	-63.7594
BLOCK20/SES207/SA207S29	SES172	-2.56521	-66.3246	-63.7594
BLOCK20/SES207/SA207S29	SES189	-1.46802	-65.2274	-63.7594
BLOCK22/SES221/SA221S12	SES068	-2.05026	-66.2158	-64.1656
BLOCK22/SES221/SA221S12	SES143	-1.01134	-65.1769	-64.1656
BLOCK22/SES221/SA221S12	SES175	-0.837982	-65.0035	-64.1656
BLOCK22/SES221/SA221S12	SES202	-0.366402	-64.532	-64.1656
BLOCK22/SES221/SA221S15	SES085	-3.52865	-69.0163	-65.4877
BLOCK22/SES221/SA221S15	SES143	-2.02312	-67.5108	-65.4877
BLOCK22/SES221/SA221S15	SES175	-1.37381	-66.8615	-65.4877
BLOCK22/SES221/SA221S15	SES187	-1.45757	-66.9453	-65.4877
BLOCK22/SES221/SA221S23	SES068	-2.27399	-67.0101	-64.7362
BLOCK22/SES221/SA221S23	SES143	-1.67718	-66.4133	-64.7362
BLOCK22/SES221/SA221S23	SES175	-0.26548	-65.0016	-64.7362
BLOCK22/SES221/SA221S23	SES189	0.70961	-64.0266	-64.7362
BLOCK22/SES221/SA221S27	SES085	-4.7007	-69.0579	-64.3572
BLOCK22/SES221/SA221S27	SES143	-1.53649	-65.8937	-64.3572
BLOCK22/SES221/SA221S27	SES175	-0.947182	-65.3044	-64.3572
BLOCK22/SES221/SA221S27	SES189	0.848	-63.5092	-64.3572
BLOCK22/SES221/SA221S29	SES085	-5.14721	-71.3632	-66.216
BLOCK22/SES221/SA221S29	SES143	-2.40386	-68.6198	-66.216
BLOCK22/SES221/SA221S29	SES175	-1.76627	-67.9822	-66.216
BLOCK22/SES221/SA221S29	SES187	-0.0190582	-66.235	-66.216
BLOCK22/SES223/SA223S11	SES143	-1.23959	-66.1223	-64.8827
BLOCK22/SES223/SA223S11	SES144	-1.3334	-66.2161	-64.8827
BLOCK22/SES223/SA223S11	SES175	-0.791473	-65.6742	-64.8827
BLOCK22/SES223/SA223S11	SES187	-0.937637	-65.8204	-64.8827
BLOCK22/SES223/SA223S13	SES068	-2.39395	-68.2618	-65.8678
BLOCK22/SES223/SA223S13	SES143	-1.65033	-67.5182	-65.8678
BLOCK22/SES223/SA223S13	SES146	-1.83821	-67.706	-65.8678
BLOCK22/SES223/SA223S13	SES202	-1.16034	-67.0282	-65.8678
BLOCK22/SES223/SA223S22	SES143	-1.12398	-66.2719	-65.148
BLOCK22/SES223/SA223S22	SES144	-1.49021	-66.6382	-65.148
BLOCK22/SES223/SA223S22	SES175	-0.860786	-66.0088	-65.148
BLOCK22/SES223/SA223S22	SES187	-0.773209	-65.9212	-65.148
BLOCK22/SES223/SA223S25	SES068	-2.42549	-67.4045	-64.979
BLOCK22/SES223/SA223S25	SES143	-1.45058	-66.4296	-64.979
BLOCK22/SES223/SA223S25	SES175	-1.22486	-66.2039	-64.979
BLOCK22/SES223/SA223S25	SES187	-0.583321	-65.5623	-64.979
BLOCK22/SES223/SA223S27	SES143	-0.735451	-66.2321	-65.4966
BLOCK22/SES223/SA223S27	SES146	-1.14207	-66.6387	-65.4966
BLOCK22/SES223/SA223S27	SES187	-0.176697	-65.6733	-65.4966
BLOCK22/SES223/SA223S27	SES292	-2.42223	-67.9188	-65.4966
BLOCK27/SES273/SA273S12	SES099	0.00753403	-61.3934	-61.4009
BLOCK27/SES273/SA273S12	SES104	0.32436	-61.0766	-61.4009
BLOCK27/SES273/SA273S12	SES125	-0.159462	-61.5604	-61.4009
BLOCK27/SES273/SA273S12	SES206	0.547913	-60.853	-61.4009
BLOCK27/SES273/SA273S13	SES099	-0.374634	-61.6894	-61.3147
BLOCK27/SES273/SA273S13	SES104	-0.132423	-61.4472	-61.3147
BLOCK27/SES273/SA273S13	SES206	0.129005	-61.1857	-61.3147
BLOCK27/SES273/SA273S13	SES292	-2.95852	-64.2732	-61.3147
BLOCK27/SES273/SA273S21	SES099	-0.0901947	-61.6986	-61.6084
BLOCK27/SES273/SA273S21	SES148	-3.07956	-64.688	-61.6084
BLOCK27/SES273/SA273S21	SES149	-0.304375	-61.9128	-61.6084
BLOCK27/SES273/SA273S21	SES177	-3.59545	-65.2038	-61.6084
BLOCK27/SES273/SA273S25	SES104	-0.0702019	-61.4968	-61.4266
BLOCK27/SES273/SA273S25	SES125	-0.436478	-61.8631	-61.4266
BLOCK27/SES273/SA273S25	SES158	-0.165703	-61.5923	-61.4266
BLOCK27/SES273/SA273S25	SES206	0.441105	-60.9855	-61.4266
BLOCK27/SES273/SA273S27	SES099	-0.0271263	-61.6545	-61.6274
BLOCK27/SES273/SA273S27	SES104	-0.510857	-62.1382	-61.6274
BLOCK27/SES273/SA273S27	SES149	-0.756912	-62.3843	-61.6274
BLOCK27/SES273/SA273S27	SES275	-1.74009	-63.3675	-61.6274
BLOCK27/SES274/SA274S10	SES105	-1.71855	-64.3491	-62.6305
BLOCK27/SES274/SA274S10	SES125	-0.153793	-62.7843	-62.6305
BLOCK27/SES274/SA274S10	SES129	-1.06095	-63.6915	-62.6305
BLOCK27/SES274/SA274S10	SES158	-1.23287	-63.8634	-62.6305
BLOCK27/SES274/SA274S11	SES105	-2.35768	-64.9044	-62.5467
BLOCK27/SES274/SA274S11	SES149	-0.882339	-63.429	-62.5467
BLOCK27/SES274/SA274S11	SES158	-1.05217	-63.5989	-62.5467
BLOCK27/SES274/SA274S11	SES275	-2.16631	-64.713	-62.5467
BLOCK27/SES274/SA274S21	SES105	-2.15086	-65.0607	-62.9099
BLOCK27/SES274/SA274S21	SES129	-1.4169	-64.3268	-62.9099
BLOCK27/SES274/SA274S21	SES149	-0.888039	-63.7979	-62.9099
BLOCK27/SES274/SA274S21	SES158	-2.06427	-64.9741	-62.9099
BLOCK27/SES274/SA274S24	SES105	-1.97392	-64.7905	-62.8166
BLOCK27/SES274/SA274S24	SES129	-1.85022	-64.6668	-62.8166
BLOCK27/SES274/SA274S24	SES149	-0.530952	-63.3476	-62.8166
BLOCK27/SES274/SA274S24	SES158	-1.74773	-64.5643	-62.8166
BLOCK27/SES274/SA274S29	SES105	-2.29013	-65.0798	-62.7896
BLOCK27/SES274/SA274S29	SES106	-1.53773	-64.3274	-62.7896
BLOCK27/SES274/SA274S29	SES120	-2.14017	-64.9298	-62.7896
BLOCK27/SES274/SA274S29	SES275	-2.14213	-64.9318	-62.7896
BLOCK27/SES276/SA276S16	SES148	-1.37742	-65.9825	-64.605
BLOCK27/SES276/SA276S16	SES172	-1.98386	-66.5889	-64.605
BLOCK27/SES276/SA276S16	SES180	-2.36105	-66.9661	-64.605
BLOCK27/SES276/SA276S16	SES292	-0.246376	-64.8514	-64.605
BLOCK27/SES276/SA276S17	SES101	-1.0149	-64.8772	-63.8623
BLOCK27/SES276/SA276S17	SES177	-2.15224	-66.0145	-63.8623
BLOCK27/SES276/SA276S17	SES180	-1.68714	-65.5494	-63.8623
BLOCK27/SES276/SA276S17	SES292	-1.39299	-65.2553	-63.8623
BLOCK27/SES276/SA276S24	SES101	-0.436737	-63.7028	-63.266
BLOCK27/SES276/SA276S24	SES177	-1.41179	-64.6778	-63.266
BLOCK27/SES276/SA276S24	SES180	-1.78284	-65.0489	-63.266
BLOCK27/SES276/SA276S24	SES292	-1.2496	-64.5156	-63.266
BLOCK27/SES276/SA276S26	SES101	-1.27606	-64.8244	-63.5483
BLOCK27/SES276/SA276S26	SES177	-0.942551	-64.4908	-63.5483
BLOCK27/SES276/SA276S26	SES180	-0.661575	-64.2099	-63.5483
BLOCK27/SES276/SA276S26	SES292	-1.12656	-64.6749	-63.5483
BLOCK27/SES276/SA276S28	SES101	-0.962734	-64.8421	-63.8793
BLOCK27/SES276/SA276S28	SES177	-1.44028	-65.3196	-63.8793
BLOCK27/SES276/SA276S28	SES180	-1.35155	-65.2309	-63.8793
BLOCK27/SES276/SA276S28	SES292	-1.29635	-65.1757	-63.8793
BLOCK27/SES277/SA277S12	SES101	-0.853279	-65.7132	-64.86
BLOCK27/SES277/SA277S12	SES177	-1.83078	-66.6907	-64.86
BLOCK27/SES277/SA277S12	SES180	-0.877777	-65.7377	-64.86
BLOCK27/SES277/SA277S12	SES292	-2.04654	-66.9065	-64.86
BLOCK27/SES277/SA277S14	SES177	-0.877289	-66.0075	-65.1302
BLOCK27/SES277/SA277S14	SES180	-1.13356	-66.2637	-65.1302
BLOCK27/SES277/SA277S14	SES189	-0.215515	-65.3457	-65.1302
BLOCK27/SES277/SA277S14	SES292	-2.55197	-67.6822	-65.1302
BLOCK27/SES277/SA277S21	SES177	-0.636284	-64.7545	-64.1182
BLOCK27/SES277/SA277S21	SES180	-1.3875	-65.5057	-64.1182
BLOCK27/SES277/SA277S21	SES189	-0.883171	-65.0014	-64.1182
BLOCK27/SES277/SA277S21	SES292	-1.99646	-66.1147	-64.1182
BLOCK27/SES277/SA277S24	SES144	-0.640923	-65.9706	-65.3297
BLOCK27/SES277/SA277S24	SES177	-1.36063	-66.6903	-65.3297
BLOCK27/SES277/SA277S24	SES180	-1.65931	-66.989	-65.3297
BLOCK27/SES277/SA277S24	SES189	-0.641945	-65.9716	-65.3297
BLOCK27/SES277/SA277S29	SES177	-0.906487	-63.9091	-63.0026
BLOCK27/SES277/SA277S29	SES180	-1.04703	-64.0496	-63.0026
BLOCK27/SES277/SA277S29	SES202	-1.34037	-64.343	-63.0026
BLOCK27/SES277/SA277S29	SES292	-1.22628	-64.2289	-63.0026
BLOCK27/SES279/SA279S09	SES120	-1.47921	-64.5849	-63.1057
BLOCK27/SES279/SA279S09	SES146	-0.996197	-64.1019	-63.1057
BLOCK27/SES279/SA279S09	SES206	-1.98567	-65.0913	-63.1057
BLOCK27/SES279/SA279S09	SES226	-2.2267	-65.3324	-63.1057
BLOCK27/SES279/SA279S10	SES099	-1.2977	-64.5944	-63.2967
BLOCK27/SES279/SA279S10	SES206	-1.56704	-64.8637	-63.2967
BLOCK27/SES279/SA279S10	SES226	-1.37353	-64.6702	-63.2967
BLOCK27/SES279/SA279S10	SES292	-0.909969	-64.2066	-63.2967
BLOCK27/SES279/SA279S20	SES099	-2.47858	-66.6528	-64.1742
BLOCK27/SES279/SA279S20	SES206	-1.91874	-66.0929	-64.1742
BLOCK27/SES279/SA279S20	SES226	-2.13662	-66.3108	-64.1742
BLOCK27/SES279/SA279S20	SES292	-0.625603	-64.7998	-64.1742
BLOCK27/SES279/SA279S26	SES099	-1.46926	-64.9634	-63.4941
BLOCK27/SES279/SA279S26	SES206	-0.600685	-64.0948	-63.4941
BLOCK27/SES279/SA279S26	SES226	-1.27443	-64.7685	-63.4941
BLOCK27/SES279/SA279S26	SES292	-0.964706	-64.4588	-63.4941
BLOCK27/SES279/SA279S28	SES099	-1.50814	-63.6069	-62.0988
BLOCK27/SES279/SA279S28	SES120	-1.8307	-63.9295	-62.0988
BLOCK27/SES279/SA279S28	SES177	-2.92336	-65.0222	-62.0988
BLOCK27/SES279/SA279S28	SES206	-1.63863	-63.7374	-62.0988
BLOCK29/SES290/SA290S12	SES162	-1.69703	-65.7353	-64.0382
BLOCK29/SES290/SA290S12	SES177	-1.34389	-65.3821	-64.0382
BLOCK29/SES290/SA290S12	SES180	-1.72326	-65.7615	-64.0382
BLOCK29/SES290/SA290S12	SES292	-2.86119	-66.8994	-64.0382
BLOCK29/SES290/SA290S13	SES007	-2.76184	-67.3747	-64.6129
BLOCK29/SES290/SA290S13	SES162	-1.76928	-66.3822	-64.6129
BLOCK29/SES290/SA290S13	SES177	-0.727394	-65.3403	-64.6129
BLOCK29/SES290/SA290S13	SES180	-1.43649	-66.0494	-64.6129
BLOCK29/SES290/SA290S22	SES177	-0.844299	-64.6276	-63.7833
BLOCK29/SES290/SA290S22	SES180	-0.395935	-64.1793	-63.7833
BLOCK29/SES290/SA290S22	SES202	-0.912529	-64.6959	-63.7833
BLOCK29/SES290/SA290S22	SES292	-1.77152	-65.5549	-63.7833
BLOCK29/SES290/SA290S25	SES162	-1.37371	-65.3794	-64.0057
BLOCK29/SES290/SA290S25	SES177	-0.966194	-64.9718	-64.0057
BLOCK29/SES290/SA290S25	SES180	-1.16509	-65.1707	-64.0057
BLOCK29/SES290/SA290S25	SES292	-1.99376	-65.9994	-64.0057
BLOCK29/SES290/SA290S29	SES177	0.00629044	-63.5119	-63.5182
BLOCK29/SES290/SA290S29	SES180	-0.0680847	-63.5863	-63.5182
BLOCK29/SES290/SA290S29	SES275	-1.75364	-65.2719	-63.5182
BLOCK29/SES290/SA290S29	SES292	-1.45417	-64.9724	-63.5182
BLOCK29/SES291/SA291S11	SES105	-3.14277	-66.2886	-63.1458
BLOCK29/SES291/SA291S11	SES125	-0.513634	-63.6595	-63.1458
BLOCK29/SES291/SA291S11	SES158	-0.627716	-63.7735	-63.1458
BLOCK29/SES291/SA291S11	SES275	-3.49636	-66.6422	-63.1458
BLOCK29/SES291/SA291S12	SES158	0.338341	-62.5758	-62.9141
BLOCK29/SES291/SA291S12	SES226	-0.888401	-63.8025	-62.9141
BLOCK29/SES291/SA291S12	SES270	0.446644	-62.4674	-62.9141
BLOCK29/SES291/SA291S12	SES275	-4.17778	-67.0919	-62.9141
BLOCK29/SES291/SA291S22	SES082	-0.883011	-63.7619	-62.8789
BLOCK29/SES291/SA291S22	SES158	-0.33588	-63.2148	-62.8789
BLOCK29/SES291/SA291S22	SES259	-0.920834	-63.7998	-62.8789
BLOCK29/SES291/SA291S22	SES275	-3.29725	-66.1762	-62.8789
BLOCK29/SES291/SA291S24	SES104	0.309883	-61.2116	-61.5215
BLOCK29/SES291/SA291S24	SES125	0.289642	-61.2319	-61.5215
BLOCK29/SES291/SA291S24	SES158	-0.0402794	-61.5618	-61.5215
BLOCK29/SES291/SA291S24	SES275	-3.7637	-65.2852	-61.5215
BLOCK29/SES291/SA291S27	SES158	0.100815	-62.0178	-62.1186
BLOCK29/SES291/SA291S27	SES172	-4.3997	-66.5183	-62.1186
BLOCK29/SES291/SA291S27	SES275	-3.91312	-66.0317	-62.1186
BLOCK29/SES291/SA291S27	SES292	-3.51404	-65.6326	-62.1186
