Threshold search:
THR	-7.11654106324	9	0(0)	1(1000)
THR	-7.0059085526076	8.991	0(0)	0.999(999)
THR	-6.8952760419752	8.991	0(0)	0.999(999)
THR	-6.7846435313428	8.991	0(0)	0.999(999)
THR	-6.6740110207104	8.991	0(0)	0.999(999)
THR	-6.563378510078	8.991	0(0)	0.999(999)
THR	-6.4527459994456	8.991	0(0)	0.999(999)
THR	-6.3421134888132	8.991	0(0)	0.999(999)
THR	-6.2314809781808	8.991	0(0)	0.999(999)
THR	-6.1208484675484	8.991	0(0)	0.999(999)
THR	-6.010215956916	8.991	0(0)	0.999(999)
THR	-5.8995834462836	8.991	0(0)	0.999(999)
THR	-5.7889509356512	8.991	0(0)	0.999(999)
THR	-5.6783184250188	8.991	0(0)	0.999(999)
THR	-5.5676859143864	8.991	0(0)	0.999(999)
THR	-5.457053403754	8.991	0(0)	0.999(999)
THR	-5.3464208931216	8.991	0(0)	0.999(999)
THR	-5.2357883824892	8.982	0(0)	0.998(998)
THR	-5.1251558718568	8.964	0(0)	0.996(996)
THR	-5.0145233612244	8.964	0(0)	0.996(996)
THR	-4.903890850592	8.964	0(0)	0.996(996)
THR	-4.7932583399596	8.955	0(0)	0.995(995)
THR	-4.6826258293272	8.946	0(0)	0.994(994)
THR	-4.57199331869479	8.937	0(0)	0.993(993)
THR	-4.46136080806239	8.928	0(0)	0.992(992)
THR	-4.35072829742999	8.919	0(0)	0.991(991)
THR	-4.24009578679759	8.91	0(0)	0.99(990)
THR	-4.12946327616519	8.892	0(0)	0.988(988)
THR	-4.01883076553279	8.874	0(0)	0.986(986)
THR	-3.90819825490039	8.856	0(0)	0.984(984)
THR	-3.79756574426799	8.856	0(0)	0.984(984)
THR	-3.68693323363559	8.838	0(0)	0.982(982)
THR	-3.57630072300319	8.784	0(0)	0.976(976)
THR	-3.46566821237079	8.685	0(0)	0.965(965)
THR	-3.35503570173839	8.631	0(0)	0.959(959)
THR	-3.24440319110599	8.577	0(0)	0.953(953)
THR	-3.13377068047359	8.532	0(0)	0.948(948)
THR	-3.02313816984119	8.469	0(0)	0.941(941)
THR	-2.91250565920879	8.334	0(0)	0.926(926)
THR	-2.80187314857639	8.28	0(0)	0.92(920)
THR	-2.69124063794399	8.163	0(0)	0.907(907)
THR	-2.58060812731159	8.086	0.004(1)	0.898(898)
THR	-2.46997561667919	7.987	0.004(1)	0.887(887)
THR	-2.35934310604679	7.843	0.004(1)	0.871(871)
THR	-2.24871059541439	7.672	0.004(1)	0.852(852)
THR	-2.13807808478199	7.465	0.004(1)	0.829(829)
THR	-2.02744557414959	7.222	0.004(1)	0.802(802)
THR	-1.91681306351719	6.979	0.004(1)	0.775(775)
THR	-1.80618055288479	6.7	0.004(1)	0.744(744)
THR	-1.69554804225239	6.295	0.004(1)	0.699(699)
THR	-1.58491553161999	5.971	0.004(1)	0.663(663)
THR	-1.47428302098759	5.638	0.004(1)	0.626(626)
THR	-1.36365051035519	5.17	0.004(1)	0.574(574)
THR	-1.25301799972279	4.702	0.004(1)	0.522(522)
THR	-1.14238548909039	4.315	0.004(1)	0.479(479)
THR	-1.03175297845799	3.802	0.004(1)	0.422(422)
THR	-0.92112046782559	3.325	0.004(1)	0.369(369)
THR	-0.81048795719319	2.848	0.004(1)	0.316(316)
THR	-0.69985544656079	2.452	0.004(1)	0.272(272)
THR	-0.58922293592839	2.083	0.004(1)	0.231(231)
THR	-0.47859042529599	1.79	0.008(2)	0.198(198)
THR	-0.367957914663591	1.416	0.012(3)	0.156(156)
THR	-0.257325404031191	1.177	0.016(4)	0.129(129)
THR	-0.146692893398791	0.951	0.024(6)	0.103(103)
THR	-0.0360603827663906	0.649	0.028(7)	0.069(69)
THR	0.0745721278660094	0.547	0.052(13)	0.055(55)
THR	0.185204638498409	0.416	0.056(14)	0.04(40)
THR	0.295837149130809	0.398	0.092(23)	0.034(34)
THR	0.406469659763209	0.326	0.128(32)	0.022(22)
THR	0.517102170395609	0.269	0.152(38)	0.013(13)
THR	0.627734681028009	0.293	0.212(53)	0.009(9)
THR	0.738367191660409	0.346	0.292(73)	0.006(6)
THR	0.848999702292809	0.368	0.368(92)	0(0)
THR	0.959632212925209	0.4	0.4(100)	0(0)
THR	1.07026472355761	0.46	0.46(115)	0(0)
THR	1.18089723419001	0.488	0.488(122)	0(0)
THR	1.29152974482241	0.544	0.544(136)	0(0)
THR	1.40216225545481	0.604	0.604(151)	0(0)
THR	1.51279476608721	0.624	0.624(156)	0(0)
THR	1.62342727671961	0.652	0.652(163)	0(0)
THR	1.73405978735201	0.676	0.676(169)	0(0)
THR	1.84469229798441	0.744	0.744(186)	0(0)
THR	1.95532480861681	0.764	0.764(191)	0(0)
THR	2.06595731924921	0.784	0.784(196)	0(0)
THR	2.17658982988161	0.816	0.816(204)	0(0)
THR	2.28722234051401	0.86	0.86(215)	0(0)
THR	2.39785485114641	0.888	0.888(222)	0(0)
THR	2.50848736177881	0.908	0.908(227)	0(0)
THR	2.61911987241121	0.924	0.924(231)	0(0)
THR	2.72975238304361	0.932	0.932(233)	0(0)
THR	2.84038489367601	0.94	0.94(235)	0(0)
THR	2.95101740430841	0.944	0.944(236)	0(0)
THR	3.06164991494081	0.952	0.952(238)	0(0)
THR	3.17228242557321	0.968	0.968(242)	0(0)
THR	3.28291493620561	0.984	0.984(246)	0(0)
THR	3.39354744683801	0.984	0.984(246)	0(0)
THR	3.50417995747041	0.984	0.984(246)	0(0)
THR	3.61481246810281	0.992	0.992(248)	0(0)
THR	3.72544497873521	0.992	0.992(248)	0(0)
THR	3.83607748936761	0.992	0.992(248)	0(0)
THR	3.94671000000001	1	1(250)	0(0)


==============================================
THR: 0.517102170395609
Missed:     38/250=0.1520
FalseAlarm: 13/1000=0.0130
----------------------------------------------
==> CostDetection: 26.9
==============================================
Threshold search:
THR	-7.11654106324	9	0(0)	1(1000)
THR	-7.0059085526076	8.991	0(0)	0.999(999)
THR	-6.8952760419752	8.991	0(0)	0.999(999)
THR	-6.7846435313428	8.991	0(0)	0.999(999)
THR	-6.6740110207104	8.991	0(0)	0.999(999)
THR	-6.563378510078	8.991	0(0)	0.999(999)
THR	-6.4527459994456	8.991	0(0)	0.999(999)
THR	-6.3421134888132	8.991	0(0)	0.999(999)
THR	-6.2314809781808	8.991	0(0)	0.999(999)
THR	-6.1208484675484	8.991	0(0)	0.999(999)
THR	-6.010215956916	8.991	0(0)	0.999(999)
THR	-5.8995834462836	8.991	0(0)	0.999(999)
THR	-5.7889509356512	8.991	0(0)	0.999(999)
THR	-5.6783184250188	8.991	0(0)	0.999(999)
THR	-5.5676859143864	8.991	0(0)	0.999(999)
THR	-5.457053403754	8.991	0(0)	0.999(999)
THR	-5.3464208931216	8.991	0(0)	0.999(999)
THR	-5.2357883824892	8.982	0(0)	0.998(998)
THR	-5.1251558718568	8.964	0(0)	0.996(996)
THR	-5.0145233612244	8.964	0(0)	0.996(996)
THR	-4.903890850592	8.964	0(0)	0.996(996)
THR	-4.7932583399596	8.955	0(0)	0.995(995)
THR	-4.6826258293272	8.946	0(0)	0.994(994)
THR	-4.57199331869479	8.937	0(0)	0.993(993)
THR	-4.46136080806239	8.928	0(0)	0.992(992)
THR	-4.35072829742999	8.919	0(0)	0.991(991)
THR	-4.24009578679759	8.91	0(0)	0.99(990)
THR	-4.12946327616519	8.892	0(0)	0.988(988)
THR	-4.01883076553279	8.874	0(0)	0.986(986)
THR	-3.90819825490039	8.856	0(0)	0.984(984)
THR	-3.79756574426799	8.856	0(0)	0.984(984)
THR	-3.68693323363559	8.838	0(0)	0.982(982)
THR	-3.57630072300319	8.784	0(0)	0.976(976)
THR	-3.46566821237079	8.685	0(0)	0.965(965)
THR	-3.35503570173839	8.631	0(0)	0.959(959)
THR	-3.24440319110599	8.577	0(0)	0.953(953)
THR	-3.13377068047359	8.532	0(0)	0.948(948)
THR	-3.02313816984119	8.469	0(0)	0.941(941)
THR	-2.91250565920879	8.334	0(0)	0.926(926)
THR	-2.80187314857639	8.28	0(0)	0.92(920)
THR	-2.69124063794399	8.163	0(0)	0.907(907)
THR	-2.58060812731159	8.086	0.004(1)	0.898(898)
THR	-2.46997561667919	7.987	0.004(1)	0.887(887)
THR	-2.35934310604679	7.843	0.004(1)	0.871(871)
THR	-2.24871059541439	7.672	0.004(1)	0.852(852)
THR	-2.13807808478199	7.465	0.004(1)	0.829(829)
THR	-2.02744557414959	7.222	0.004(1)	0.802(802)
THR	-1.91681306351719	6.979	0.004(1)	0.775(775)
THR	-1.80618055288479	6.7	0.004(1)	0.744(744)
THR	-1.69554804225239	6.295	0.004(1)	0.699(699)
THR	-1.58491553161999	5.971	0.004(1)	0.663(663)
THR	-1.47428302098759	5.638	0.004(1)	0.626(626)
THR	-1.36365051035519	5.17	0.004(1)	0.574(574)
THR	-1.25301799972279	4.702	0.004(1)	0.522(522)
THR	-1.14238548909039	4.315	0.004(1)	0.479(479)
THR	-1.03175297845799	3.802	0.004(1)	0.422(422)
THR	-0.92112046782559	3.325	0.004(1)	0.369(369)
THR	-0.81048795719319	2.848	0.004(1)	0.316(316)
THR	-0.69985544656079	2.452	0.004(1)	0.272(272)
THR	-0.58922293592839	2.083	0.004(1)	0.231(231)
THR	-0.47859042529599	1.79	0.008(2)	0.198(198)
THR	-0.367957914663591	1.416	0.012(3)	0.156(156)
THR	-0.257325404031191	1.177	0.016(4)	0.129(129)
THR	-0.146692893398791	0.951	0.024(6)	0.103(103)
THR	-0.0360603827663906	0.649	0.028(7)	0.069(69)
THR	0.0745721278660094	0.547	0.052(13)	0.055(55)
THR	0.185204638498409	0.416	0.056(14)	0.04(40)
THR	0.295837149130809	0.398	0.092(23)	0.034(34)
THR	0.406469659763209	0.326	0.128(32)	0.022(22)
THR	0.517102170395609	0.269	0.152(38)	0.013(13)
THR	0.627734681028009	0.293	0.212(53)	0.009(9)
THR	0.738367191660409	0.346	0.292(73)	0.006(6)
THR	0.848999702292809	0.368	0.368(92)	0(0)
THR	0.959632212925209	0.4	0.4(100)	0(0)
THR	1.07026472355761	0.46	0.46(115)	0(0)
THR	1.18089723419001	0.488	0.488(122)	0(0)
THR	1.29152974482241	0.544	0.544(136)	0(0)
THR	1.40216225545481	0.604	0.604(151)	0(0)
THR	1.51279476608721	0.624	0.624(156)	0(0)
THR	1.62342727671961	0.652	0.652(163)	0(0)
THR	1.73405978735201	0.676	0.676(169)	0(0)
THR	1.84469229798441	0.744	0.744(186)	0(0)
THR	1.95532480861681	0.764	0.764(191)	0(0)
THR	2.06595731924921	0.784	0.784(196)	0(0)
THR	2.17658982988161	0.816	0.816(204)	0(0)
THR	2.28722234051401	0.86	0.86(215)	0(0)
THR	2.39785485114641	0.888	0.888(222)	0(0)
THR	2.50848736177881	0.908	0.908(227)	0(0)
THR	2.61911987241121	0.924	0.924(231)	0(0)
THR	2.72975238304361	0.932	0.932(233)	0(0)
THR	2.84038489367601	0.94	0.94(235)	0(0)
THR	2.95101740430841	0.944	0.944(236)	0(0)
THR	3.06164991494081	0.952	0.952(238)	0(0)
THR	3.17228242557321	0.968	0.968(242)	0(0)
THR	3.28291493620561	0.984	0.984(246)	0(0)
THR	3.39354744683801	0.984	0.984(246)	0(0)
THR	3.50417995747041	0.984	0.984(246)	0(0)
THR	3.61481246810281	0.992	0.992(248)	0(0)
THR	3.72544497873521	0.992	0.992(248)	0(0)
THR	3.83607748936761	0.992	0.992(248)	0(0)
THR	3.94671000000001	1	1(250)	0(0)


==============================================
THR: 0.517102170395609
Missed:     38/250=0.1520
FalseAlarm: 13/1000=0.0130
----------------------------------------------
==> CostDetection: 26.9
==============================================
